epoch,loss,mse
0,24.630950927734375,23.168588638305664
1,5.161750793457031,3.9853107929229736
2,2.625303030014038,1.800543189048767
3,2.020141363143921,1.3414733409881592
4,1.7680221796035767,1.1637725830078125
5,1.6551225185394287,1.081209421157837
6,1.5699100494384766,1.0320825576782227
7,1.4931050539016724,0.9768019914627075
8,1.4306806325912476,0.9365769028663635
9,1.3708138465881348,0.8953080773353577
10,1.3199303150177002,0.8606379628181458
11,1.2725073099136353,0.8297033905982971
12,1.2302536964416504,0.8031908273696899
13,1.192443609237671,0.7789404392242432
14,1.15987229347229,0.7603623867034912
15,1.1343919038772583,0.7466149926185608
16,1.1147395372390747,0.7393021583557129
17,1.0904394388198853,0.7273454666137695
18,1.0748186111450195,0.7224093079566956
19,1.0584217309951782,0.7145711183547974
20,1.0476456880569458,0.7134619951248169
21,1.0362498760223389,0.7119459509849548
22,1.026974081993103,0.7107292413711548
23,1.015762448310852,0.7063919305801392
24,1.0066139698028564,0.7031686305999756
25,1.0002399682998657,0.7049131393432617
26,0.9940869212150574,0.705971896648407
27,0.9907689690589905,0.7071597576141357
28,0.983368992805481,0.704713761806488
29,0.9731166958808899,0.7010284066200256
30,0.967469334602356,0.7019875049591064
31,0.9627810716629028,0.698699414730072
32,0.9574639201164246,0.7003051042556763
33,0.9520037174224854,0.7004882097244263
34,0.9468366503715515,0.697513222694397
35,0.9405941367149353,0.6953702569007874
36,0.9371214509010315,0.6982476711273193
37,0.9365307688713074,0.6976187825202942
38,0.9331375956535339,0.6996553540229797
39,0.9283515810966492,0.6980829238891602
40,0.9246490597724915,0.7000905871391296
41,0.9289628267288208,0.7052759528160095
42,0.9168241024017334,0.6965474486351013
43,0.9165565967559814,0.6995651125907898
44,0.9095693230628967,0.6952037215232849
45,0.9025157690048218,0.6886497735977173
46,0.8996979594230652,0.6903313398361206
47,0.8976740837097168,0.6897291541099548
48,0.8955754637718201,0.6888348460197449
49,0.8930063247680664,0.688471257686615
50,0.8942987322807312,0.6942694187164307
51,0.8955842852592468,0.696819007396698
52,0.8959512710571289,0.6993476152420044
53,0.8966540694236755,0.6997722387313843
54,0.8825544714927673,0.6907720565795898
55,0.8806573748588562,0.6878780126571655
56,0.8772528767585754,0.6872171759605408
57,0.8761312961578369,0.6866294145584106
58,0.8781622052192688,0.6911647915840149
59,0.8722752332687378,0.6861528158187866
60,0.8687450885772705,0.6853293180465698
61,0.8691089749336243,0.6867678761482239
62,0.8668134808540344,0.6864023804664612
63,0.867020308971405,0.6868229508399963
64,0.8660439252853394,0.687799334526062
65,0.8623260855674744,0.6873112320899963
66,0.8619639873504639,0.6859676241874695
67,0.8758465051651001,0.7020995020866394
68,0.8601600527763367,0.6884026527404785
69,0.8547149300575256,0.682267963886261
70,0.8600270748138428,0.6904453039169312
71,0.856643557548523,0.6877422332763672
72,0.8507415652275085,0.6825971603393555
73,0.8487108945846558,0.6814588904380798
74,0.8466812968254089,0.6823793649673462
75,0.8459269404411316,0.6801297664642334
76,0.847052812576294,0.6834486126899719
77,0.8586652874946594,0.6980981230735779
78,0.8460209965705872,0.6835198402404785
79,0.8427190780639648,0.6823021769523621
80,0.846382737159729,0.6868557929992676
81,0.8448230028152466,0.6865019798278809
82,0.8431453704833984,0.6844204664230347
83,0.8628726601600647,0.7077298760414124
84,0.8545935750007629,0.6983298063278198
85,0.8430676460266113,0.6871947646141052
86,0.8383404612541199,0.6851671934127808
87,0.8387674689292908,0.68645179271698
88,0.8353702425956726,0.6822073459625244
89,0.8367948532104492,0.6843083500862122
90,0.8357844352722168,0.6855899095535278
91,0.8351230621337891,0.6841936111450195
92,0.8349242210388184,0.6850540637969971
93,0.8303171396255493,0.6802096366882324
94,0.8304442167282104,0.6804025173187256
95,0.8340961337089539,0.6859378218650818
96,0.8343236446380615,0.6884414553642273
97,0.824600338935852,0.6766949892044067
98,0.82572340965271,0.6803475618362427
99,0.8240914344787598,0.6795304417610168
100,0.8250349760055542,0.6811220645904541
101,0.8272210955619812,0.6810603141784668
102,0.8242305517196655,0.6819239854812622
103,0.825408399105072,0.6832539439201355
104,0.8309773206710815,0.6887998580932617
105,0.8215659260749817,0.6798767447471619
106,0.827797532081604,0.6877225041389465
107,0.8232346773147583,0.6830432415008545
108,0.8350949883460999,0.6965612769126892
109,0.8382847905158997,0.7006094455718994
110,0.8315532207489014,0.6945083737373352
111,0.8187960982322693,0.682167649269104
112,0.8178213238716125,0.6794309616088867
113,0.8223621845245361,0.6858423352241516
114,0.8183847069740295,0.682284414768219
115,0.8153412342071533,0.6803042888641357
116,0.816318929195404,0.682124137878418
117,0.8147637248039246,0.679344892501831
118,0.8141592144966125,0.6800611019134521
119,0.8111984729766846,0.6768162846565247
120,0.8107661008834839,0.6779036521911621
121,0.8178646564483643,0.6847381591796875
122,0.8151698708534241,0.6831254363059998
123,0.8172294497489929,0.6849073767662048
124,0.8116617798805237,0.6802281737327576
125,0.8092426061630249,0.6790381669998169
126,0.8146223425865173,0.6843432784080505
127,0.8169834017753601,0.6867115497589111
128,0.8073298335075378,0.6779571771621704
129,0.804095983505249,0.6751916408538818
130,0.8121196627616882,0.6839547157287598
131,0.8333959579467773,0.7038752436637878
132,0.8155663013458252,0.6873837113380432
133,0.8132702112197876,0.6861743330955505
134,0.8226154446601868,0.6972368955612183
135,0.8010029792785645,0.6745621562004089
136,0.8095465302467346,0.6816560626029968
137,0.8105869889259338,0.6852214336395264
138,0.8068434000015259,0.681799054145813
139,0.8035146594047546,0.676986575126648
140,0.8020666241645813,0.677702784538269
141,0.8129596710205078,0.6877221465110779
142,0.8052120208740234,0.6820248365402222
143,0.7996441721916199,0.6770625710487366
144,0.8026878237724304,0.6785280704498291
145,0.7992826700210571,0.6756032705307007
146,0.8025431632995605,0.680006742477417
147,0.8024231791496277,0.6806617975234985
148,0.7954529523849487,0.6741212010383606
149,0.801010012626648,0.6805948615074158
150,0.7972991466522217,0.6751413345336914
151,0.7971954345703125,0.6748006343841553
152,0.7941271662712097,0.6759373545646667
153,0.7958104014396667,0.6758649945259094
154,0.8018642663955688,0.6811432242393494
155,0.8032013177871704,0.6841572523117065
156,0.7987518906593323,0.6788595914840698
157,0.7959269285202026,0.6785708665847778
158,0.7972280979156494,0.6786273717880249
159,0.8005519509315491,0.6815876364707947
160,0.7944306135177612,0.678051233291626
161,0.7944931387901306,0.6766920685768127
162,0.798884391784668,0.6827682852745056
0,25.488079071044922,23.91265869140625
1,5.568608283996582,4.075900077819824
2,3.046973705291748,2.0010087490081787
3,2.2571914196014404,1.4138392210006714
4,1.9707083702087402,1.2281843423843384
5,1.800416111946106,1.113948941230774
6,1.682623267173767,1.0381656885147095
7,1.5855731964111328,0.9815337061882019
8,1.4984371662139893,0.9315273761749268
9,1.4198099374771118,0.8859273195266724
10,1.350859522819519,0.8444373607635498
11,1.2930001020431519,0.8110775351524353
12,1.240962266921997,0.7790660262107849
13,1.2004246711730957,0.7596573829650879
14,1.1664446592330933,0.7418944835662842
15,1.1404094696044922,0.733083963394165
16,1.1167173385620117,0.7257257103919983
17,1.0984047651290894,0.722396194934845
18,1.082849383354187,0.7198707461357117
19,1.0661511421203613,0.7144039273262024
20,1.0559418201446533,0.7187660336494446
21,1.0485118627548218,0.7198185920715332
22,1.0291823148727417,0.7112086415290833
23,1.022528052330017,0.7132493853569031
24,1.0145670175552368,0.7130944728851318
25,1.0078601837158203,0.7141335606575012
26,0.9949660897254944,0.7071977853775024
27,0.9893497228622437,0.7082644104957581
28,0.9830639958381653,0.7084001302719116
29,0.974162220954895,0.7057181596755981
30,0.9728411436080933,0.7099287509918213
31,0.9631329774856567,0.702866792678833
32,0.956226646900177,0.7035689353942871
33,0.9549862146377563,0.7058184146881104
34,0.9471136927604675,0.703185498714447
35,0.9415057301521301,0.6994693875312805
36,0.9403446912765503,0.7011899352073669
37,0.9346624612808228,0.7026965618133545
38,0.9301624894142151,0.6988492608070374
39,0.9330686926841736,0.7061579823493958
40,0.9297179579734802,0.7041497230529785
41,0.9341772198677063,0.7129131555557251
42,0.9197258353233337,0.7019037008285522
43,0.9201937913894653,0.7013648748397827
44,0.9189100861549377,0.7035536170005798
45,0.9116110801696777,0.7013645768165588
46,0.9035308361053467,0.6955322623252869
47,0.9009175896644592,0.6914590001106262
48,0.8988028168678284,0.6910441517829895
49,0.9076576232910156,0.7039374709129333
50,0.896701455116272,0.6934412121772766
51,0.8932579159736633,0.6927320957183838
52,0.8952143788337708,0.698559582233429
53,0.8962599039077759,0.6992598176002502
54,0.8870568871498108,0.691552996635437
55,0.8864478468894958,0.6925598978996277
56,0.8858283758163452,0.6925401091575623
57,0.8863308429718018,0.6954262852668762
58,0.8860886096954346,0.6969133615493774
59,0.8898157477378845,0.7023584842681885
60,0.881538987159729,0.6948391795158386
61,0.8870536684989929,0.7025151252746582
62,0.8810829520225525,0.696996808052063
63,0.8692191243171692,0.6862773299217224
64,0.8778700232505798,0.6955379247665405
65,0.8867716789245605,0.7065754532814026
66,0.8833343386650085,0.706432580947876
67,0.8705511689186096,0.6928694248199463
68,0.8689881563186646,0.691919207572937
69,0.8711233139038086,0.6944271326065063
70,0.8734678626060486,0.6987891793251038
71,0.8692853450775146,0.6964402198791504
72,0.8672670722007751,0.6906352043151855
73,0.8714339137077332,0.6999498605728149
74,0.8674075603485107,0.7002493143081665
75,0.8665348887443542,0.6946327090263367
76,0.8626360893249512,0.6937982439994812
77,0.8643383383750916,0.6964831948280334
78,0.8619896173477173,0.6953175663948059
79,0.8542870283126831,0.6876096725463867
80,0.8608444929122925,0.6943494081497192
81,0.8573344945907593,0.6933329701423645
82,0.8540439009666443,0.6891430616378784
83,0.850138247013092,0.6877807378768921
84,0.8533647656440735,0.690140426158905
85,0.8522444367408752,0.6919491291046143
86,0.8530399799346924,0.6898658871650696
87,0.8482869863510132,0.6873002648353577
88,0.8454400300979614,0.6845110654830933
89,0.8513643741607666,0.6925415396690369
90,0.8476077914237976,0.6898428201675415
91,0.8691160082817078,0.7118725180625916
92,0.8577417135238647,0.702122151851654
93,0.8494873642921448,0.6940190196037292
94,0.8460835218429565,0.6926571726799011
95,0.8532136082649231,0.6953302621841431
96,0.8453275561332703,0.6910601854324341
97,0.8411994576454163,0.6891012787818909
98,0.8455381989479065,0.692317008972168
99,0.8414053320884705,0.6906259059906006
100,0.8411030769348145,0.689816951751709
101,0.8381180763244629,0.6859847903251648
102,0.8359635472297668,0.6849093437194824
103,0.8366624116897583,0.6886129975318909
104,0.8403468728065491,0.6915132999420166
105,0.8369442820549011,0.6883882284164429
106,0.8348262906074524,0.6867597699165344
107,0.8339408040046692,0.6855792999267578
108,0.8422753214836121,0.6963135004043579
109,0.8330634236335754,0.686439573764801
110,0.8319485783576965,0.6865778565406799
111,0.8369949460029602,0.6915363073348999
112,0.8506165146827698,0.7070263624191284
113,0.8482732176780701,0.7051173448562622
114,0.8385760188102722,0.6940794587135315
115,0.8365460634231567,0.6942429542541504
116,0.8358859419822693,0.6938073635101318
117,0.8298318386077881,0.6868515610694885
118,0.8252010345458984,0.6845604777336121
119,0.8247786164283752,0.682933509349823
120,0.8365601897239685,0.6960362792015076
121,0.8284808993339539,0.6890251040458679
122,0.8225303888320923,0.6820897459983826
123,0.8250333666801453,0.6867177486419678
124,0.8234232664108276,0.6826033592224121
125,0.8375728726387024,0.6997547149658203
126,0.8255355358123779,0.6893876194953918
127,0.8206098079681396,0.6816640496253967
128,0.834281861782074,0.6973551511764526
129,0.8493890166282654,0.7137358784675598
130,0.8357809782028198,0.6999930143356323
131,0.8204596042633057,0.6842128038406372
132,0.8276082277297974,0.6918047070503235
133,0.824577271938324,0.689713716506958
134,0.8215497732162476,0.6868168711662292
135,0.822150468826294,0.6882247924804688
136,0.8196755647659302,0.6856652498245239
137,0.8193332552909851,0.686433732509613
138,0.8210518956184387,0.6873505115509033
139,0.8222417831420898,0.689701497554779
140,0.8256391882896423,0.6934732794761658
141,0.8187624216079712,0.6872802376747131
142,0.823159396648407,0.6903159618377686
143,0.8196075558662415,0.6884912252426147
144,0.8216743469238281,0.6905474662780762
145,0.8101228475570679,0.6792310476303101
146,0.8186135292053223,0.6876859068870544
147,0.8188292384147644,0.6901403069496155
148,0.8173947334289551,0.6890602111816406
149,0.8080002069473267,0.6779273152351379
150,0.8213810920715332,0.6936756372451782
151,0.8179516196250916,0.6910874247550964
152,0.8152164220809937,0.6855466961860657
153,0.8104631304740906,0.6834670305252075
154,0.8121160268783569,0.6853185892105103
155,0.8127705454826355,0.6850495934486389
156,0.8131016492843628,0.6870644688606262
157,0.8150811791419983,0.6879212856292725
158,0.8086351156234741,0.6827748417854309
159,0.8034103512763977,0.6777679324150085
160,0.8100256323814392,0.6839430928230286
161,0.8078119158744812,0.6833755970001221
162,0.8013982772827148,0.6773853302001953
163,0.8098433017730713,0.6861711144447327
164,0.8159676790237427,0.6920643448829651
165,0.8302954435348511,0.7068644165992737
166,0.8073174357414246,0.6846555471420288
167,0.8018124103546143,0.6786234378814697
168,0.797996461391449,0.6748631596565247
169,0.8007466197013855,0.6790408492088318
170,0.8118270039558411,0.6887966990470886
171,0.8105745315551758,0.6884362101554871
172,0.804000973701477,0.6826735138893127
173,0.805835485458374,0.6863380074501038
174,0.801252543926239,0.6791937351226807
175,0.800413191318512,0.6784732937812805
176,0.8019854426383972,0.6823157072067261
177,0.7965511083602905,0.677164614200592
178,0.7953304648399353,0.6734336614608765
179,0.7959333062171936,0.6768369674682617
180,0.8015328049659729,0.6828500032424927
181,0.8065881133079529,0.6869046688079834
182,0.8040839433670044,0.6859603524208069
183,0.7978507280349731,0.6804694533348083
184,0.7990160584449768,0.6818466186523438
185,0.8129284381866455,0.6923208236694336
186,0.7962304353713989,0.6810072064399719
187,0.7926117777824402,0.6780962944030762
188,0.7948883175849915,0.6763885021209717
189,0.7967931032180786,0.6811321377754211
190,0.7923676371574402,0.675398051738739
191,0.7941043376922607,0.679061233997345
192,0.7900612950325012,0.6737807393074036
193,0.788603663444519,0.6732567548751831
194,0.7929414510726929,0.6788954138755798
195,0.8019735813140869,0.6866794228553772
196,0.7981418371200562,0.6832330226898193
197,0.7923409342765808,0.679763913154602
198,0.7972418069839478,0.6819915175437927
199,0.7950213551521301,0.6808348894119263
200,0.7918647527694702,0.6776354908943176
201,0.7864534258842468,0.672633171081543
202,0.7896329164505005,0.6775180101394653
203,0.8074459433555603,0.6942370533943176
204,0.7977074980735779,0.6852476596832275
205,0.7917361855506897,0.6804405450820923
206,0.7998461127281189,0.6872969269752502
207,0.795597493648529,0.6836296319961548
208,0.7953285574913025,0.6847182512283325
209,0.7854081392288208,0.6732168793678284
210,0.7833888530731201,0.6728326678276062
211,0.7865779399871826,0.676255464553833
212,0.7878603935241699,0.6773483753204346
213,0.7822362184524536,0.6714349389076233
214,0.7861966490745544,0.6767115592956543
215,0.7852354645729065,0.6759423017501831
216,0.7845811247825623,0.6738886833190918
217,0.7896921038627625,0.6803898811340332
218,0.7918509840965271,0.6839777231216431
219,0.7820008397102356,0.6728647947311401
220,0.7850183248519897,0.6768064498901367
221,0.7949615716934204,0.6858072876930237
222,0.7831576466560364,0.6743945479393005
223,0.7877388596534729,0.6804510354995728
224,0.7789011001586914,0.6718214750289917
225,0.7788745164871216,0.6697096228599548
226,0.7781859636306763,0.6706526875495911
227,0.781434178352356,0.6756707429885864
228,0.7781383395195007,0.6712231040000916
229,0.7820468544960022,0.6750266551971436
230,0.7840848565101624,0.6777616739273071
231,0.7821033596992493,0.6744696497917175
232,0.7831206321716309,0.6776654720306396
233,0.7793582081794739,0.6733062863349915
234,0.7784485220909119,0.6729480624198914
235,0.7811437249183655,0.6759033799171448
236,0.7969165444374084,0.6913164258003235
237,0.7789007425308228,0.6732469201087952
238,0.7850477695465088,0.6803479790687561
0,23.8731632232666,22.281967163085938
1,4.987256050109863,3.5713119506835938
2,2.8696250915527344,1.9055691957473755
3,2.1915457248687744,1.3542762994766235
4,1.9175219535827637,1.192657709121704
5,1.7753558158874512,1.0957419872283936
6,1.6708804368972778,1.0372357368469238
7,1.5799779891967773,0.9859468340873718
8,1.5017975568771362,0.9421601295471191
9,1.428539514541626,0.8991382718086243
10,1.367305040359497,0.8661620616912842
11,1.3100214004516602,0.8328090906143188
12,1.2641433477401733,0.8088442087173462
13,1.2227685451507568,0.7822121977806091
14,1.1885733604431152,0.7630674242973328
15,1.1572221517562866,0.7478473782539368
16,1.1312305927276611,0.7351833581924438
17,1.115352988243103,0.7316705584526062
18,1.0965776443481445,0.7230939269065857
19,1.0779293775558472,0.7178681492805481
20,1.0640628337860107,0.7138777375221252
21,1.0533246994018555,0.7125140428543091
22,1.0417506694793701,0.710597038269043
23,1.0316816568374634,0.7086086273193359
24,1.019795536994934,0.7038666009902954
25,1.0138028860092163,0.7055915594100952
26,1.0098727941513062,0.7089983820915222
27,0.9981026649475098,0.7030707001686096
28,0.9917354583740234,0.7041723728179932
29,0.9848875403404236,0.7020033001899719
30,0.9788129329681396,0.7036324143409729
31,0.9697241187095642,0.6966646313667297
32,0.9696624279022217,0.701877236366272
33,0.9625354409217834,0.700134813785553
34,0.951743483543396,0.6938766241073608
35,0.9477419853210449,0.6922826766967773
36,0.9424960613250732,0.69124436378479
37,0.9392663836479187,0.6920502185821533
38,0.9344004392623901,0.6921592354774475
39,0.9337459802627563,0.6946676969528198
40,0.9267718195915222,0.6901257038116455
41,0.9266575574874878,0.6934707164764404
42,0.9201813340187073,0.6899687051773071
43,0.9189526438713074,0.6912455558776855
44,0.9125379323959351,0.6894634366035461
45,0.9088596701622009,0.685729444026947
46,0.9060688614845276,0.6884676218032837
47,0.90455162525177,0.6886414289474487
48,0.898277223110199,0.6840971112251282
49,0.899606466293335,0.6875302195549011
50,0.9005014300346375,0.6909834146499634
51,0.8998733758926392,0.6926098465919495
52,0.888086199760437,0.6834020018577576
53,0.8846778273582458,0.6816279292106628
54,0.8874157071113586,0.686058759689331
55,0.8862583041191101,0.68748539686203
56,0.888982892036438,0.6919253468513489
57,0.8788759708404541,0.6824426054954529
58,0.8772748708724976,0.6833566427230835
59,0.8825275897979736,0.6900911927223206
60,0.8786118030548096,0.6888115406036377
61,0.8693783283233643,0.6810153126716614
62,0.8649543523788452,0.6770922541618347
63,0.8678303360939026,0.6809414029121399
64,0.8631677627563477,0.6810636520385742
65,0.8597419261932373,0.6780856847763062
66,0.8604834675788879,0.6764741539955139
67,0.8596981167793274,0.6800970435142517
68,0.8575654625892639,0.6786879301071167
69,0.8576436638832092,0.6805862188339233
70,0.8608961701393127,0.6853916645050049
71,0.8560789823532104,0.6820440888404846
72,0.8559802174568176,0.6837002635002136
73,0.8523818850517273,0.679332971572876
74,0.8493371605873108,0.6799543499946594
75,0.8475086092948914,0.6779992580413818
76,0.846634030342102,0.6770822405815125
77,0.8433263897895813,0.6763725876808167
78,0.8511456847190857,0.6848275065422058
79,0.8451667428016663,0.6799280643463135
80,0.8528711199760437,0.6900703310966492
81,0.8411699533462524,0.6798931956291199
82,0.8424535393714905,0.6796485781669617
83,0.8371535539627075,0.676647961139679
84,0.8398287892341614,0.6797664761543274
85,0.8390322923660278,0.6794043779373169
86,0.8349488377571106,0.6740432977676392
87,0.832745373249054,0.6768659353256226
88,0.8312756419181824,0.6746857762336731
89,0.8309836387634277,0.676408052444458
90,0.8361943960189819,0.6824334263801575
91,0.8363659381866455,0.6812461614608765
92,0.8286759257316589,0.6748666763305664
93,0.837142288684845,0.686140775680542
94,0.8332809805870056,0.6813446283340454
95,0.8296051621437073,0.6804551482200623
96,0.8276622295379639,0.6762064695358276
97,0.8326044678688049,0.6835172176361084
98,0.8311958909034729,0.682259738445282
99,0.8271569013595581,0.6804367303848267
100,0.826015830039978,0.6810787916183472
101,0.819265604019165,0.6731528043746948
102,0.8204771280288696,0.6737233996391296
103,0.818589448928833,0.6742017865180969
104,0.8172287940979004,0.6732604503631592
105,0.816583514213562,0.6714056730270386
106,0.8201577663421631,0.6772684454917908
107,0.8162810206413269,0.6756834387779236
108,0.8178033232688904,0.6756017208099365
109,0.8179489970207214,0.6778398752212524
110,0.8341595530509949,0.6937925219535828
111,0.8268429040908813,0.6871193051338196
112,0.8126460313796997,0.6736966967582703
113,0.8385191559791565,0.7018651962280273
114,0.8335248231887817,0.6957561373710632
115,0.8193216323852539,0.6820808053016663
116,0.8257555365562439,0.689584493637085
117,0.8114603757858276,0.6751049757003784
118,0.8089154362678528,0.6725767850875854
119,0.8141043186187744,0.6804325580596924
120,0.8094627857208252,0.6749104261398315
121,0.8077548146247864,0.6727848052978516
122,0.8095518350601196,0.675262451171875
123,0.8104990124702454,0.6777697801589966
124,0.8039164543151855,0.6724531054496765
125,0.8100439310073853,0.6777254343032837
126,0.8203243613243103,0.6876108646392822
127,0.8275204300880432,0.6979596018791199
128,0.8209707736968994,0.6906867027282715
129,0.8035910725593567,0.6730215549468994
130,0.8001140356063843,0.6702920198440552
131,0.8077850937843323,0.6779339909553528
132,0.8066689968109131,0.6771220564842224
133,0.8082622289657593,0.6806156039237976
134,0.7992880344390869,0.6712683439254761
135,0.7986359000205994,0.669934868812561
136,0.7964008450508118,0.6696761846542358
137,0.7992563247680664,0.6729101538658142
138,0.7954427003860474,0.6681999564170837
139,0.7967763543128967,0.6694771647453308
140,0.8065080642700195,0.6814260482788086
141,0.7936403751373291,0.6711766719818115
142,0.7982175946235657,0.6732305884361267
143,0.7986083030700684,0.6727601289749146
144,0.7966665625572205,0.6738837361335754
145,0.7908409237861633,0.6660112142562866
146,0.7977502346038818,0.6760110855102539
147,0.8020495772361755,0.6800000071525574
148,0.7919644117355347,0.6697187423706055
149,0.8011800050735474,0.6796063780784607
150,0.7959837913513184,0.674647331237793
151,0.7894113063812256,0.6684446334838867
152,0.7912861704826355,0.6706375479698181
153,0.7903457283973694,0.6707998514175415
154,0.7920147180557251,0.6718663573265076
155,0.792240560054779,0.6730940937995911
156,0.7979207038879395,0.6778922080993652
157,0.7883207201957703,0.669208288192749
158,0.8015903830528259,0.685373842716217
159,0.7874642610549927,0.6686765551567078
160,0.7881973385810852,0.6706982851028442
161,0.7853981852531433,0.6677969694137573
162,0.7930185794830322,0.6770727634429932
163,0.7978599667549133,0.681843638420105
164,0.7888110280036926,0.672186017036438
165,0.7830493450164795,0.6681607961654663
166,0.7876525521278381,0.6715799570083618
167,0.7906829714775085,0.6751012206077576
168,0.7843301892280579,0.6695838570594788
169,0.7842718362808228,0.670024037361145
170,0.782920241355896,0.6681128144264221
171,0.7821676731109619,0.6686744689941406
172,0.7787880897521973,0.664607584476471
173,0.7775217294692993,0.6634133458137512
174,0.7747712731361389,0.6626085042953491
175,0.7774448990821838,0.6650004982948303
176,0.7796710729598999,0.6668293476104736
177,0.7754272222518921,0.6631484627723694
178,0.7802165746688843,0.667643666267395
179,0.7786012291908264,0.6668089628219604
180,0.7816228866577148,0.671248197555542
181,0.7845296263694763,0.6734523177146912
182,0.779747486114502,0.6689351201057434
183,0.7789361476898193,0.6679030656814575
184,0.7771520018577576,0.6674262285232544
0,31.16807746887207,29.83104705810547
1,13.572195053100586,12.819586753845215
2,3.599684238433838,2.6564345359802246
3,2.2589478492736816,1.673128604888916
4,1.8043056726455688,1.2409995794296265
5,1.642059087753296,1.1368318796157837
6,1.5467302799224854,1.057489037513733
7,1.4868353605270386,1.0163503885269165
8,1.4342197179794312,0.9757080674171448
9,1.3920032978057861,0.946057915687561
10,1.351646900177002,0.9124035239219666
11,1.318267822265625,0.8926870226860046
12,1.285307765007019,0.8629235029220581
13,1.2558225393295288,0.8425737023353577
14,1.229508876800537,0.826114296913147
15,1.2068780660629272,0.8078853487968445
16,1.1855356693267822,0.7942572236061096
17,1.1672064065933228,0.7827529311180115
18,1.1516211032867432,0.7739027142524719
19,1.1354905366897583,0.7634934186935425
20,1.1238045692443848,0.7580609917640686
21,1.1115038394927979,0.7511813044548035
22,1.1017051935195923,0.7466721534729004
23,1.0937656164169312,0.7430469393730164
24,1.0854463577270508,0.7403489947319031
25,1.0783185958862305,0.7359258532524109
26,1.0735191106796265,0.7377794981002808
27,1.067363977432251,0.7352786064147949
28,1.0622273683547974,0.7324032187461853
29,1.0590215921401978,0.7329503893852234
30,1.055498719215393,0.7328417301177979
31,1.0518471002578735,0.7326275706291199
32,1.047469139099121,0.7323750257492065
33,1.0440058708190918,0.7299284934997559
34,1.041504144668579,0.7314798831939697
35,1.037621021270752,0.7299826145172119
36,1.03596830368042,0.7296800017356873
37,1.0355092287063599,0.7320390939712524
38,1.0295498371124268,0.7290312647819519
39,1.0259755849838257,0.7275445461273193
40,1.0235685110092163,0.727540135383606
41,1.0214141607284546,0.7269766926765442
42,1.0197631120681763,0.7269281148910522
43,1.015740156173706,0.7252230644226074
44,1.0130547285079956,0.7234300971031189
45,1.0107693672180176,0.7231010794639587
46,1.0095362663269043,0.7244431376457214
47,1.0064157247543335,0.7235321402549744
48,1.0045744180679321,0.7212717533111572
49,1.0020496845245361,0.7227084636688232
50,0.9993214011192322,0.7228528261184692
51,0.9988533854484558,0.7212491631507874
52,0.9965506792068481,0.7201002240180969
53,0.9931203126907349,0.7195755243301392
54,0.98967444896698,0.7164802551269531
55,0.9885245561599731,0.7189977169036865
56,0.986518919467926,0.7169201970100403
57,0.9865311980247498,0.7194176316261292
58,0.9846521019935608,0.7181249260902405
59,0.9796019196510315,0.7141319513320923
60,0.9799271821975708,0.7172166705131531
61,0.979933500289917,0.7170467376708984
62,0.97596275806427,0.71436607837677
63,0.9744834303855896,0.7165719270706177
64,0.9689016938209534,0.7117385864257812
65,0.9670325517654419,0.7106209397315979
66,0.9663385152816772,0.7123387455940247
67,0.9649569988250732,0.7107081413269043
68,0.9627371430397034,0.7105163335800171
69,0.9606218934059143,0.7104294300079346
70,0.9567462205886841,0.7064617872238159
71,0.95730060338974,0.7095604538917542
72,0.953814685344696,0.7063412666320801
73,0.9547550678253174,0.7088528871536255
74,0.9552419781684875,0.710848331451416
75,0.9508067965507507,0.7090600728988647
76,0.947511613368988,0.7045280337333679
77,0.9464854001998901,0.7072483897209167
78,0.9447168707847595,0.7041366100311279
79,0.9467292428016663,0.7076130509376526
80,0.9407709836959839,0.7036097645759583
81,0.939834713935852,0.7030214667320251
82,0.9398403167724609,0.7069174647331238
83,0.9401425123214722,0.7073692679405212
84,0.9383413195610046,0.7048673033714294
85,0.93906170129776,0.7053454518318176
86,0.9354676604270935,0.7067292332649231
87,0.9325838685035706,0.7054431438446045
88,0.929877758026123,0.7033432722091675
89,0.9305886030197144,0.7018884420394897
90,0.9256969690322876,0.6999827027320862
91,0.9283103346824646,0.7039275169372559
92,0.9384035468101501,0.7152431011199951
93,0.9259184002876282,0.7038050293922424
94,0.9237619042396545,0.7017785906791687
95,0.9184102416038513,0.6977425813674927
96,0.9206480979919434,0.700310468673706
97,0.9193527102470398,0.703407347202301
98,0.915450394153595,0.6991848945617676
99,0.9151991605758667,0.6982261538505554
100,0.9157896041870117,0.6993918418884277
101,0.9175494909286499,0.7038486003875732
102,0.9169575572013855,0.7039953470230103
103,0.9166401028633118,0.7062985897064209
104,0.9098482728004456,0.6978676319122314
105,0.913591742515564,0.7025812864303589
106,0.9217627048492432,0.7126262187957764
107,0.9056450128555298,0.6965675950050354
108,0.9117138981819153,0.7033462524414062
109,0.909353494644165,0.702813982963562
110,0.903273344039917,0.6957783102989197
111,0.9014226794242859,0.6972948312759399
112,0.9010642766952515,0.6986175179481506
113,0.9016178250312805,0.697749137878418
114,0.8979935646057129,0.6960955262184143
115,0.8973150253295898,0.6964412331581116
116,0.9018400311470032,0.6992566585540771
117,0.8988856673240662,0.6991955637931824
118,0.9012098908424377,0.7044544816017151
119,0.8998028039932251,0.6992155909538269
120,0.8948855996131897,0.6977346539497375
121,0.8916953206062317,0.6961898803710938
122,0.8951615691184998,0.6988992691040039
123,0.891026496887207,0.6967770457267761
124,0.8866525292396545,0.6918027997016907
125,0.8878878355026245,0.6939672231674194
126,0.8886702060699463,0.6960435509681702
127,0.8936073780059814,0.7001581788063049
128,0.8918372392654419,0.7014390230178833
129,0.883673906326294,0.6934216618537903
130,0.8848297595977783,0.6945510506629944
131,0.8878046274185181,0.697624146938324
132,0.8899194002151489,0.7013784646987915
133,0.8811436295509338,0.6945561170578003
134,0.8787607550621033,0.691992461681366
135,0.8785712122917175,0.6921905279159546
136,0.8771753907203674,0.6910071969032288
137,0.8796162605285645,0.6953138113021851
138,0.8783265352249146,0.6955752968788147
139,0.8745558261871338,0.6915252208709717
140,0.879930317401886,0.693952202796936
141,0.8752202987670898,0.6942248344421387
142,0.8797056674957275,0.7003588080406189
143,0.8803520798683167,0.6985877752304077
144,0.8730183839797974,0.6937640905380249
145,0.8759217262268066,0.6964809894561768
146,0.8676336407661438,0.691048800945282
147,0.8730080127716064,0.6936362385749817
148,0.882354199886322,0.7038909792900085
149,0.9017056822776794,0.7257195115089417
150,0.8886752128601074,0.7124484777450562
151,0.8685029149055481,0.6945973634719849
152,0.8646622896194458,0.690171480178833
153,0.8634504079818726,0.687092661857605
154,0.8638911843299866,0.6892784237861633
155,0.8757799863815308,0.7034899592399597
156,0.8683686852455139,0.6955763697624207
157,0.8700459003448486,0.6981724500656128
158,0.865117073059082,0.6924023628234863
159,0.8772332072257996,0.7073659896850586
160,0.8685903549194336,0.699451208114624
161,0.8641886115074158,0.6922386884689331
162,0.8609951138496399,0.6927458643913269
163,0.8628502488136292,0.694124698638916
164,0.8626262545585632,0.6937017440795898
165,0.856199324131012,0.6880402565002441
166,0.8596136569976807,0.6923162341117859
167,0.8614581823348999,0.6959484815597534
168,0.8563998937606812,0.6898267865180969
169,0.855019211769104,0.6901247501373291
170,0.8587466478347778,0.6936559677124023
171,0.8516455292701721,0.6864268779754639
172,0.8716138601303101,0.707393229007721
173,0.87314772605896,0.7110543251037598
174,0.8657158017158508,0.7032527923583984
175,0.8545500636100769,0.6931263208389282
176,0.8573480248451233,0.6952319145202637
177,0.8500990271568298,0.6871153116226196
178,0.8500511646270752,0.691387414932251
179,0.8546050190925598,0.6933640241622925
180,0.8481183052062988,0.6862452626228333
181,0.8468819856643677,0.6889088749885559
182,0.843285858631134,0.6837051510810852
183,0.8479109406471252,0.6877008676528931
184,0.8457057476043701,0.687940239906311
185,0.8529788851737976,0.693628191947937
186,0.8514155149459839,0.6966413855552673
187,0.8561325669288635,0.6985287666320801
188,0.8674210906028748,0.7116376757621765
189,0.8463747501373291,0.6906710863113403
190,0.8459258675575256,0.6898170709609985
191,0.8489599227905273,0.6956653594970703
192,0.8409885168075562,0.6868444085121155
193,0.8421416282653809,0.6861108541488647
194,0.8436959385871887,0.6903526186943054
195,0.8452037572860718,0.6933965086936951
196,0.8416706323623657,0.6891264319419861
197,0.8389596939086914,0.6856538653373718
198,0.8412656784057617,0.6891403794288635
199,0.8387807011604309,0.689376711845398
200,0.8380228877067566,0.6872797012329102
201,0.8422127962112427,0.6908877491950989
202,0.8431718945503235,0.6926829814910889
203,0.8601275086402893,0.7139087915420532
204,0.8386441469192505,0.6904527544975281
205,0.8345370888710022,0.6860495209693909
206,0.833550214767456,0.6860167980194092
207,0.8331560492515564,0.6846149563789368
208,0.8363625407218933,0.6886059641838074
209,0.8517286777496338,0.7064694166183472
210,0.8470250368118286,0.7001610398292542
211,0.8333735466003418,0.6882719397544861
212,0.8285881876945496,0.6830657720565796
213,0.8304864764213562,0.6856815218925476
214,0.8278491497039795,0.6824460029602051
215,0.8397018909454346,0.6947287321090698
216,0.8320276737213135,0.6887836456298828
217,0.8330026268959045,0.6885095834732056
218,0.8292554020881653,0.6846449375152588
219,0.8371266722679138,0.6968364715576172
220,0.8296986222267151,0.6851921677589417
221,0.825968325138092,0.6842295527458191
222,0.8424433469772339,0.7021540403366089
223,0.8448812365531921,0.7036487460136414
224,0.8396775722503662,0.6981745958328247
225,0.8319639563560486,0.691243052482605
226,0.8258560299873352,0.68585205078125
227,0.8259225487709045,0.6840870976448059
228,0.8352134227752686,0.6969219446182251
229,0.8386757373809814,0.6999378204345703
230,0.8228269815444946,0.6832538843154907
231,0.8243322372436523,0.684731662273407
232,0.8246421813964844,0.6877760887145996
233,0.820615828037262,0.6842682361602783
234,0.8233757615089417,0.6871799230575562
235,0.819412112236023,0.680817186832428
236,0.8263094425201416,0.6884762644767761
237,0.8283991813659668,0.6924965381622314
238,0.83319491147995,0.6984178423881531
239,0.8189679384231567,0.6841199398040771
240,0.8141254782676697,0.6784475445747375
241,0.8213756680488586,0.6864872574806213
242,0.826319694519043,0.6938957571983337
243,0.8344915509223938,0.6978688836097717
244,0.8209607601165771,0.6874105930328369
245,0.8434068560600281,0.7100542783737183
246,0.8241057395935059,0.6912612318992615
247,0.8151986002922058,0.6819583177566528
248,0.8258894085884094,0.6918085813522339
249,0.8203847408294678,0.6891419291496277
0,24.599164962768555,23.156898498535156
1,4.8594207763671875,3.5300419330596924
2,2.761598825454712,1.8034318685531616
3,2.125476121902466,1.2674459218978882
4,1.8817914724349976,1.1428812742233276
5,1.7328650951385498,1.0379325151443481
6,1.625573754310608,0.9802252054214478
7,1.542140007019043,0.9297239780426025
8,1.472947597503662,0.8884130716323853
9,1.4123988151550293,0.85518479347229
10,1.354848027229309,0.8232885003089905
11,1.3056385517120361,0.7964574694633484
12,1.2610441446304321,0.7739906311035156
13,1.2221635580062866,0.7565895318984985
14,1.1889314651489258,0.7421160936355591
15,1.1600323915481567,0.7303781509399414
16,1.1339186429977417,0.7220855951309204
17,1.1127840280532837,0.7174265384674072
18,1.0943238735198975,0.7134338617324829
19,1.0783071517944336,0.710799515247345
20,1.0632764101028442,0.7093240022659302
21,1.050992727279663,0.7067079544067383
22,1.0364394187927246,0.7045343518257141
23,1.024537205696106,0.702071487903595
24,1.0153944492340088,0.7018098831176758
25,1.005038857460022,0.6999729871749878
26,0.9979795813560486,0.7014443278312683
27,0.9891993403434753,0.6998456716537476
28,0.9806471467018127,0.6983195543289185
29,0.9724349975585938,0.6969158053398132
30,0.9661969542503357,0.6977458000183105
31,0.9620988965034485,0.6966918706893921
32,0.9577798247337341,0.6997720003128052
33,0.9473286867141724,0.6930440664291382
34,0.9469417929649353,0.6978480815887451
35,0.9505059719085693,0.7049543857574463
36,0.9363657832145691,0.6952694654464722
37,0.9372891187667847,0.7017669677734375
38,0.9244194626808167,0.6914621591567993
39,0.9251912832260132,0.6961420774459839
40,0.9169921278953552,0.690212070941925
41,0.9150987863540649,0.6916335821151733
42,0.9150315523147583,0.6941800117492676
43,0.9071474075317383,0.6885298490524292
44,0.9054432511329651,0.6886041164398193
45,0.9067744612693787,0.6945434808731079
46,0.8987643718719482,0.6875832676887512
47,0.897796094417572,0.6898089647293091
48,0.8914442658424377,0.6854941844940186
49,0.8976520895957947,0.6936681866645813
50,0.8902152180671692,0.6887732148170471
51,0.887584388256073,0.687988817691803
52,0.8895702362060547,0.6920629739761353
53,0.885841965675354,0.6881133913993835
54,0.887648344039917,0.6930572986602783
55,0.8796843886375427,0.6851561665534973
56,0.8775994777679443,0.6860690116882324
57,0.8811652064323425,0.6907167434692383
58,0.8738774657249451,0.6847588419914246
59,0.8722776174545288,0.6835392117500305
60,0.8743447065353394,0.6886434555053711
61,0.8804644346237183,0.6965472102165222
62,0.8779335618019104,0.693493664264679
63,0.8689479231834412,0.685375988483429
64,0.8661550283432007,0.6864104866981506
65,0.8646315336227417,0.6860253214836121
66,0.8632253408432007,0.6847571134567261
67,0.8617019653320312,0.6859728693962097
68,0.8624365925788879,0.6843236684799194
69,0.8587229251861572,0.6849172711372375
70,0.8599994778633118,0.6835058927536011
71,0.8603503108024597,0.6889045238494873
72,0.8603889346122742,0.6898782253265381
73,0.8645505309104919,0.6916787624359131
74,0.8549121022224426,0.6850744485855103
75,0.8517710566520691,0.6839023232460022
76,0.8596987128257751,0.690240740776062
77,0.8540512919425964,0.6874139308929443
78,0.8513568043708801,0.6850150227546692
79,0.8457251191139221,0.681040346622467
80,0.8529444336891174,0.6886152625083923
81,0.8469725251197815,0.6809707283973694
82,0.8562304377555847,0.6943649649620056
83,0.8466277122497559,0.6853836178779602
84,0.8491819500923157,0.6889240145683289
85,0.83925461769104,0.6792844533920288
86,0.8424798846244812,0.6812363862991333
87,0.8429363965988159,0.6848746538162231
88,0.8400510549545288,0.6815344095230103
89,0.8359426259994507,0.6783689856529236
90,0.8403752446174622,0.6822825074195862
91,0.8349465727806091,0.6802550554275513
92,0.8406057357788086,0.6848338842391968
93,0.8329764008522034,0.6786966323852539
94,0.8370862007141113,0.6818033456802368
95,0.8373867273330688,0.6846254467964172
96,0.8359775543212891,0.6827723979949951
97,0.83622145652771,0.6823362112045288
98,0.8385024070739746,0.6868253946304321
99,0.8343353271484375,0.684843122959137
100,0.8301137089729309,0.6796799898147583
101,0.8428764939308167,0.6922754645347595
102,0.8301547169685364,0.6814987063407898
103,0.8290339112281799,0.6795372366905212
104,0.8269527554512024,0.6799094676971436
105,0.8251171112060547,0.6792671084403992
106,0.842021644115448,0.6941590309143066
107,0.838504433631897,0.6928278207778931
108,0.8298475742340088,0.6836798191070557
109,0.8260039687156677,0.6828386187553406
110,0.8236510753631592,0.6783378720283508
111,0.8286457061767578,0.6845565438270569
112,0.8270949125289917,0.6836870312690735
113,0.8244075179100037,0.6817508935928345
114,0.8289510011672974,0.6866000294685364
115,0.8297262787818909,0.6879985928535461
116,0.8365074396133423,0.6961408257484436
117,0.8299621343612671,0.6892621517181396
118,0.8246897459030151,0.6846891045570374
119,0.8181391954421997,0.6773587465286255
120,0.8199127316474915,0.681544303894043
121,0.8274803757667542,0.6883271336555481
122,0.8285011053085327,0.6893302798271179
123,0.8228397965431213,0.6842085123062134
124,0.8269767165184021,0.6891692876815796
125,0.8205825090408325,0.6828516721725464
126,0.8132253885269165,0.6761420965194702
127,0.8242382407188416,0.6885342001914978
128,0.8196653127670288,0.683491051197052
129,0.8208691477775574,0.6843392252922058
130,0.8114206194877625,0.6769879460334778
131,0.8213350772857666,0.684141993522644
132,0.8193200826644897,0.6854780316352844
133,0.817599356174469,0.6825693249702454
134,0.8199126720428467,0.6874658465385437
135,0.8083215951919556,0.6762186288833618
136,0.8112227320671082,0.6772921085357666
137,0.8094391822814941,0.6780331134796143
138,0.8133459091186523,0.6801009178161621
139,0.8208376169204712,0.6891838312149048
140,0.8162424564361572,0.6841439604759216
141,0.8104099035263062,0.6797473430633545
142,0.8102975487709045,0.6812191605567932
143,0.8223908543586731,0.6912053227424622
144,0.8220687508583069,0.6937825679779053
145,0.8211179375648499,0.6923368573188782
0,19.104066848754883,17.272090911865234
1,4.540800094604492,2.9607861042022705
2,2.943465232849121,1.827540636062622
3,2.2924129962921143,1.26456618309021
4,2.03556489944458,1.1115198135375977
5,1.8770695924758911,1.0361636877059937
6,1.760511875152588,0.9760669469833374
7,1.6654633283615112,0.9309273958206177
8,1.58193838596344,0.8935560584068298
9,1.5090893507003784,0.8583918809890747
10,1.445793628692627,0.8298261165618896
11,1.391513466835022,0.8063196539878845
12,1.3424935340881348,0.787767767906189
13,1.2996587753295898,0.7732405066490173
14,1.264194130897522,0.7619417309761047
15,1.2323318719863892,0.7512853741645813
16,1.204194188117981,0.7468620538711548
17,1.1825978755950928,0.7408828139305115
18,1.158154845237732,0.7354719042778015
19,1.1412731409072876,0.7332701086997986
20,1.1249293088912964,0.7316744923591614
21,1.1145588159561157,0.7337613701820374
22,1.098296880722046,0.7284374833106995
23,1.0880213975906372,0.7293772101402283
24,1.077472448348999,0.7288757562637329
25,1.068344235420227,0.7279638648033142
26,1.0613703727722168,0.7285051345825195
27,1.0558749437332153,0.7306680083274841
28,1.0481044054031372,0.7290371656417847
29,1.0405287742614746,0.7299783229827881
30,1.0360113382339478,0.730377733707428
31,1.0343317985534668,0.7304678559303284
32,1.0257447957992554,0.7284976840019226
33,1.0219016075134277,0.729805052280426
34,1.015920639038086,0.725930392742157
35,1.0122202634811401,0.7269564867019653
36,1.0102860927581787,0.7281935214996338
37,1.0052562952041626,0.7265167832374573
38,1.0024937391281128,0.7267952561378479
39,1.0022825002670288,0.7293540835380554
40,1.0035187005996704,0.7321836352348328
41,0.9893192648887634,0.7235363125801086
42,0.9848154187202454,0.7190163135528564
43,0.9831761121749878,0.7192066311836243
44,0.9822717308998108,0.7214310169219971
45,0.9785104393959045,0.7198235392570496
46,0.9752322435379028,0.7182386517524719
47,0.9762194156646729,0.722890317440033
48,0.9747020602226257,0.7208091020584106
49,0.9686023592948914,0.7191622257232666
50,0.9678630232810974,0.7189047336578369
51,0.9703428149223328,0.7229819893836975
52,0.9618629217147827,0.7184065580368042
53,0.9593056440353394,0.715617299079895
54,0.9554355144500732,0.7167495489120483
55,0.9517034292221069,0.7145832180976868
56,0.9552730321884155,0.7188032865524292
57,0.9579228758811951,0.7221338152885437
58,0.9525117874145508,0.7179297208786011
59,0.962521493434906,0.7318222522735596
60,0.9507688283920288,0.7230167388916016
61,0.9408156871795654,0.7128890156745911
62,0.9376540184020996,0.7112672924995422
63,0.9309892654418945,0.7066506147384644
64,0.9327563643455505,0.7118214964866638
65,0.9283254742622375,0.7080638408660889
66,0.9324580430984497,0.7148100137710571
67,0.9252762198448181,0.70702064037323
68,0.9272692799568176,0.7120276689529419
69,0.9239227175712585,0.7104716300964355
70,0.9206629395484924,0.7082235217094421
71,0.9172414541244507,0.7052837014198303
72,0.9325835704803467,0.7229195237159729
73,0.9150760769844055,0.7094999551773071
74,0.9132720232009888,0.705838143825531
75,0.919646680355072,0.7151618003845215
76,0.9113572835922241,0.7072314023971558
77,0.9157178997993469,0.7145188450813293
78,0.9285234808921814,0.7288991808891296
79,0.9186865091323853,0.7179099321365356
80,0.9049997925758362,0.7088200449943542
81,0.9016584157943726,0.7033306956291199
82,0.8968695998191833,0.702015221118927
83,0.9024951457977295,0.7083933353424072
84,0.9072626233100891,0.7143786549568176
85,0.8989366888999939,0.7070703506469727
86,0.8997971415519714,0.710117757320404
87,0.8952677249908447,0.7050293684005737
88,0.9037889242172241,0.7174322009086609
89,0.9019269347190857,0.7155694365501404
90,0.8924307823181152,0.7079977989196777
91,0.8957883715629578,0.7099587321281433
92,0.8888813257217407,0.7053281664848328
93,0.9143422245979309,0.7314339876174927
94,0.9106810688972473,0.7296434044837952
95,0.896412193775177,0.7174925804138184
96,0.8824624419212341,0.7040188908576965
97,0.877629280090332,0.6990768313407898
98,0.8840023279190063,0.7083754539489746
99,0.8837016820907593,0.7063039541244507
100,0.8787723779678345,0.7013159990310669
101,0.87696373462677,0.7035210132598877
102,0.8729588389396667,0.7002058029174805
103,0.8736048340797424,0.701137900352478
104,0.8723293542861938,0.7008899450302124
105,0.8744982481002808,0.7030758857727051
106,0.8681164979934692,0.7001003623008728
107,0.8682776689529419,0.6991791725158691
108,0.8654822707176208,0.6978455185890198
109,0.8705272674560547,0.7037692070007324
110,0.8642750978469849,0.6999844908714294
111,0.8818826675415039,0.7172179222106934
112,0.8786227107048035,0.714631199836731
113,0.8723330497741699,0.708482563495636
114,0.8888491988182068,0.7285416126251221
115,0.8650910258293152,0.7052026987075806
116,0.8590432405471802,0.696789562702179
117,0.8601399660110474,0.7014644742012024
118,0.8759464621543884,0.7151362895965576
119,0.8548763990402222,0.699248194694519
120,0.8633702397346497,0.7063194513320923
121,0.8577027916908264,0.7012085914611816
122,0.8522127866744995,0.6959668397903442
123,0.8730507493019104,0.7173822522163391
124,0.8653776049613953,0.7097287774085999
125,0.8611161112785339,0.7086606621742249
126,0.8483808040618896,0.6947104334831238
127,0.8582226037979126,0.7044451832771301
128,0.8531811237335205,0.7027632594108582
129,0.8478719592094421,0.6962250471115112
130,0.8473656177520752,0.6957884430885315
131,0.8562495112419128,0.708377480506897
132,0.8403628468513489,0.6919206976890564
133,0.841715395450592,0.6917346715927124
134,0.8408687114715576,0.6932631134986877
135,0.8413024544715881,0.694032609462738
136,0.8476275205612183,0.7010613679885864
137,0.8438965678215027,0.6979180574417114
138,0.8404328227043152,0.6968766450881958
139,0.8373430967330933,0.6925568580627441
140,0.8439244031906128,0.7012342810630798
141,0.8421054482460022,0.6978762149810791
142,0.8406047821044922,0.6964454054832458
143,0.8396082520484924,0.697139322757721
144,0.8436166644096375,0.7028627991676331
145,0.8648312091827393,0.7235878705978394
146,0.8316702842712402,0.6932231187820435
147,0.8287455439567566,0.6865888833999634
148,0.8315281867980957,0.6942031979560852
149,0.8308876752853394,0.6903050541877747
150,0.8417311310768127,0.7022163271903992
151,0.8411020040512085,0.7062116861343384
152,0.8297139406204224,0.6938325762748718
153,0.836028516292572,0.6977916955947876
154,0.825558602809906,0.6907036304473877
155,0.8239821791648865,0.6876708269119263
156,0.8251752853393555,0.6901993751525879
157,0.8347176313400269,0.6990357041358948
158,0.83277428150177,0.7006098628044128
159,0.8332442045211792,0.7006224989891052
160,0.8231939673423767,0.6891787648200989
161,0.8215523958206177,0.6902733445167542
162,0.8272401690483093,0.6949015855789185
163,0.8525534868240356,0.7211620211601257
164,0.840233325958252,0.7098352313041687
165,0.8236744999885559,0.6934736371040344
166,0.8142789602279663,0.6845912337303162
167,0.8243891596794128,0.6951716542243958
168,0.82681804895401,0.6968159675598145
169,0.8274847865104675,0.7001622915267944
170,0.8153344392776489,0.6875887513160706
171,0.8174352645874023,0.6896026134490967
172,0.817048966884613,0.6884429454803467
173,0.8184681534767151,0.691396176815033
174,0.815660834312439,0.689440906047821
175,0.8122075200080872,0.6850212812423706
176,0.8185623288154602,0.6925163865089417
177,0.814982533454895,0.6880479454994202
178,0.813788115978241,0.6895977258682251
179,0.8196147680282593,0.6941187977790833
180,0.8169717788696289,0.6924045085906982
181,0.8102791905403137,0.6872910857200623
182,0.8146591186523438,0.6908314824104309
183,0.8120707273483276,0.6893075704574585
184,0.812268853187561,0.6893625259399414
185,0.8142924904823303,0.6929798722267151
186,0.8288163542747498,0.7073444128036499
187,0.8312986493110657,0.7099506855010986
188,0.8160704374313354,0.6957535147666931
189,0.8061026334762573,0.6850112676620483
190,0.806778073310852,0.6874204874038696
191,0.8143401741981506,0.6935567259788513
192,0.8230797052383423,0.7044903635978699
193,0.8102136850357056,0.6917247772216797
194,0.812480092048645,0.6926147937774658
195,0.8174729347229004,0.7000225782394409
196,0.8063175678253174,0.6882386803627014
197,0.8071761727333069,0.6887364387512207
198,0.8091848492622375,0.6917703747749329
199,0.8037635684013367,0.686852216720581
200,0.8095375299453735,0.6929938793182373
201,0.8044565916061401,0.6867207884788513
202,0.812482476234436,0.6956595778465271
203,0.8104178309440613,0.6936836242675781
204,0.7993823885917664,0.683434009552002
205,0.8047661185264587,0.6899408102035522
206,0.806151270866394,0.6906271576881409
207,0.799585223197937,0.6872111558914185
208,0.7968712449073792,0.6826714277267456
209,0.8087334632873535,0.6936925649642944
210,0.7962610125541687,0.6828223466873169
211,0.8045744895935059,0.691001296043396
212,0.801632285118103,0.6890486478805542
213,0.7973272800445557,0.6849940419197083
214,0.7972849011421204,0.6840489506721497
215,0.8034890294075012,0.6912786960601807
216,0.8065708875656128,0.6955431699752808
217,0.8219249248504639,0.7092666625976562
218,0.81826251745224,0.7066428065299988
219,0.8123083114624023,0.7026083469390869
220,0.8113124966621399,0.7012662291526794
0,25.638694763183594,24.201560974121094
1,5.725708484649658,4.487689018249512
2,2.902094841003418,1.9656848907470703
3,2.0056307315826416,1.3210675716400146
4,1.7525749206542969,1.1641117334365845
5,1.6290662288665771,1.0725572109222412
6,1.5321063995361328,1.0050181150436401
7,1.4644653797149658,0.9646486639976501
8,1.396615982055664,0.9181116819381714
9,1.341048002243042,0.8802211284637451
10,1.2903615236282349,0.8459952473640442
11,1.2491612434387207,0.818947970867157
12,1.2127647399902344,0.7960507273674011
13,1.1798056364059448,0.7748434543609619
14,1.1492345333099365,0.7554571032524109
15,1.1269402503967285,0.7427414655685425
16,1.108199954032898,0.7354660034179688
17,1.093658447265625,0.7309162020683289
18,1.0828988552093506,0.7305594682693481
19,1.0672638416290283,0.7229231595993042
20,1.0559462308883667,0.7218990325927734
21,1.0507009029388428,0.7232938408851624
22,1.0427638292312622,0.7236491441726685
23,1.0282267332077026,0.7158858180046082
24,1.0209670066833496,0.7175408601760864
25,1.0120905637741089,0.7144032716751099
26,1.0042028427124023,0.7129425406455994
27,0.9972401261329651,0.7120066285133362
28,0.9914812445640564,0.7089059352874756
29,0.9850051999092102,0.710063099861145
30,0.977744996547699,0.7088592052459717
31,0.9758970141410828,0.7109774351119995
32,0.973491907119751,0.71315997838974
33,0.9623870253562927,0.706785261631012
34,0.9578357338905334,0.7061250805854797
35,0.9560593366622925,0.7093311548233032
36,0.9483541250228882,0.7042938470840454
37,0.9435868859291077,0.7049837708473206
38,0.9434231519699097,0.7062938213348389
39,0.9372540712356567,0.7050318717956543
40,0.9370977282524109,0.7084340453147888
41,0.9283471703529358,0.7012473940849304
42,0.9242503046989441,0.7012625932693481
43,0.920051097869873,0.6976442933082581
44,0.9181175827980042,0.7005434036254883
45,0.9172921180725098,0.7011739611625671
46,0.9142962098121643,0.7044414281845093
47,0.9101279377937317,0.6981787085533142
48,0.9048845171928406,0.6965639591217041
49,0.9011364579200745,0.6955884099006653
50,0.9032396674156189,0.7001249194145203
51,0.911748468875885,0.713029146194458
52,0.8991678357124329,0.7005168795585632
53,0.8987779021263123,0.7021977305412292
54,0.9040844440460205,0.7087258100509644
55,0.8880431652069092,0.6955618858337402
56,0.8864625692367554,0.693961501121521
57,0.8851318955421448,0.6956539154052734
58,0.8825814127922058,0.6950938701629639
59,0.8833656907081604,0.6966161131858826
60,0.8950884938240051,0.7084957361221313
61,0.8808199167251587,0.6975999474525452
62,0.8732360601425171,0.6915114521980286
63,0.8726967573165894,0.691728413105011
64,0.8720675706863403,0.6926698088645935
65,0.8736686110496521,0.6959079504013062
66,0.8699097633361816,0.6945225596427917
67,0.867287814617157,0.6925862431526184
68,0.8643149137496948,0.6914955377578735
69,0.8644304275512695,0.6906052827835083
70,0.861734926700592,0.6914551854133606
71,0.86136794090271,0.6922733187675476
72,0.8647163510322571,0.6966924071311951
73,0.8612334132194519,0.694247305393219
74,0.86133873462677,0.6943924427032471
75,0.8560217022895813,0.6918516159057617
76,0.8596409559249878,0.6959803104400635
77,0.8530632853507996,0.688713550567627
78,0.8541920185089111,0.6921595931053162
79,0.8500860333442688,0.6894246935844421
80,0.8517451882362366,0.6912956237792969
81,0.8480235934257507,0.6885653734207153
82,0.853081464767456,0.6941991448402405
83,0.857660710811615,0.7024187445640564
84,0.8442112803459167,0.6875643134117126
85,0.8457530736923218,0.6911037564277649
86,0.8465371131896973,0.6898332238197327
87,0.8446345925331116,0.6916744112968445
88,0.8404020071029663,0.6860324740409851
89,0.8393476605415344,0.6886004209518433
90,0.8369932770729065,0.6858339309692383
91,0.8415620923042297,0.6908652186393738
92,0.8366990685462952,0.6856632232666016
93,0.8351687788963318,0.6867945194244385
94,0.8350902199745178,0.6861634254455566
95,0.8393532037734985,0.6935644745826721
96,0.8425959348678589,0.696287989616394
97,0.8314297199249268,0.6852841377258301
98,0.8308886289596558,0.6859201788902283
99,0.8268897533416748,0.6823057532310486
100,0.8309759497642517,0.6860068440437317
101,0.8292003870010376,0.6876312494277954
102,0.8251256942749023,0.682774007320404
103,0.8226737380027771,0.6803166270256042
104,0.8314607739448547,0.6891950368881226
105,0.8508150577545166,0.7120165824890137
106,0.8385823965072632,0.699694037437439
107,0.8250424265861511,0.6850137114524841
108,0.8318229913711548,0.6916545629501343
109,0.828363299369812,0.6909202337265015
110,0.8286546468734741,0.6918940544128418
111,0.8271642327308655,0.6886435747146606
112,0.821570634841919,0.6858260035514832
113,0.817690908908844,0.6823767423629761
114,0.8196498155593872,0.6843865513801575
115,0.8148905038833618,0.6796404123306274
116,0.8175378441810608,0.6814420819282532
117,0.815786600112915,0.6817631125450134
118,0.8175747990608215,0.6852323412895203
119,0.8301084637641907,0.6967859268188477
120,0.8365494608879089,0.7062619924545288
121,0.8192183375358582,0.6876050233840942
122,0.8112942576408386,0.6796669363975525
123,0.8116635680198669,0.681219220161438
124,0.8115096092224121,0.6808364391326904
125,0.8119936585426331,0.6816127896308899
126,0.8125076293945312,0.6825549006462097
127,0.8130683898925781,0.6841809749603271
128,0.8255633115768433,0.6980118751525879
129,0.816749632358551,0.6892307996749878
130,0.8188059329986572,0.6905627846717834
131,0.8148133754730225,0.6876311898231506
132,0.8061185479164124,0.6787919998168945
133,0.8056783676147461,0.6790223717689514
134,0.8101816177368164,0.6836738586425781
135,0.8040026426315308,0.6792895793914795
136,0.8117673993110657,0.6871567964553833
137,0.8134843111038208,0.6875354051589966
138,0.8066779375076294,0.6827471256256104
139,0.8055462837219238,0.6814262866973877
140,0.8025842308998108,0.6797415614128113
141,0.8048112988471985,0.6818445324897766
142,0.8026573061943054,0.6791907548904419
143,0.8020001649856567,0.679126501083374
144,0.8049985766410828,0.6825173497200012
145,0.8084871768951416,0.6875002384185791
146,0.810569703578949,0.6897804141044617
147,0.79798823595047,0.6781142354011536
148,0.8048454523086548,0.683491051197052
149,0.8093627691268921,0.6905176043510437
150,0.8088158369064331,0.6888294816017151
151,0.8041210174560547,0.6850367784500122
152,0.7994803786277771,0.6812286376953125
153,0.7965845465660095,0.6787596940994263
154,0.8022246360778809,0.6824257373809814
155,0.8012250661849976,0.6827561855316162
156,0.8036221265792847,0.6862324476242065
157,0.8049545288085938,0.6877951622009277
158,0.8074324131011963,0.6907800436019897
159,0.7974680066108704,0.6814537048339844
160,0.7989476919174194,0.6827245354652405
161,0.794123649597168,0.6778547167778015
162,0.7956817746162415,0.679257869720459
163,0.7987754344940186,0.6831148862838745
164,0.7975530028343201,0.6833061575889587
165,0.7925813794136047,0.6782600283622742
166,0.7938047051429749,0.6786608099937439
167,0.7907945513725281,0.6765303611755371
168,0.7976416349411011,0.6834147572517395
169,0.7919207215309143,0.678045928478241
170,0.7914916276931763,0.6773392558097839
171,0.7979797720909119,0.6854504942893982
172,0.7928712964057922,0.6802303791046143
173,0.7976066470146179,0.6849450469017029
174,0.7965056896209717,0.6855031251907349
175,0.7940308451652527,0.6831388473510742
176,0.7925025820732117,0.6807613968849182
177,0.7954666018486023,0.6835769414901733
0,21.209686279296875,19.542156219482422
1,4.399801254272461,2.9532949924468994
2,2.745393991470337,1.7960222959518433
3,2.103903293609619,1.277252435684204
4,1.895410418510437,1.1813137531280518
5,1.7450735569000244,1.0776983499526978
6,1.638535976409912,1.0154763460159302
7,1.5507326126098633,0.9675058126449585
8,1.47566819190979,0.9237934350967407
9,1.411502480506897,0.8907033801078796
10,1.3469525575637817,0.8520673513412476
11,1.2955323457717896,0.8260452747344971
12,1.246141791343689,0.797432005405426
13,1.2076252698898315,0.7783642411231995
14,1.1734105348587036,0.7617242336273193
15,1.145372986793518,0.7485564947128296
16,1.1239535808563232,0.7402279376983643
17,1.1059088706970215,0.7353475093841553
18,1.0886772871017456,0.7308881282806396
19,1.0782651901245117,0.7305198907852173
20,1.0665127038955688,0.7292959690093994
21,1.0557966232299805,0.7270431518554688
22,1.0454539060592651,0.7255605459213257
23,1.0396959781646729,0.7260735034942627
24,1.0308880805969238,0.7239497900009155
25,1.0231730937957764,0.7257787585258484
26,1.0149891376495361,0.7223715782165527
27,1.0098222494125366,0.7225643396377563
28,1.0045084953308105,0.7222550511360168
29,0.9990444779396057,0.7214369773864746
30,0.9962682127952576,0.7275334000587463
31,0.985434889793396,0.7170692682266235
32,0.9813528656959534,0.7193448543548584
33,0.9735385775566101,0.7131824493408203
34,0.9731718301773071,0.7194501161575317
35,0.9706948399543762,0.7193208336830139
36,0.9651221036911011,0.7175883054733276
37,0.9582667350769043,0.7155776619911194
38,0.9533330202102661,0.7125586867332458
39,0.9533571600914001,0.7149092555046082
40,0.9507379531860352,0.7136725187301636
41,0.942918062210083,0.7105439305305481
42,0.9409692883491516,0.7097508311271667
43,0.9353610277175903,0.7095978856086731
44,0.9359306693077087,0.7100152969360352
45,0.9289615154266357,0.7076893448829651
46,0.9273526072502136,0.7071678042411804
47,0.9255089163780212,0.7088102102279663
48,0.9234747290611267,0.7075923085212708
49,0.9262543320655823,0.7151006460189819
50,0.9412261843681335,0.729365885257721
51,0.9384671449661255,0.7325636744499207
52,0.9238971471786499,0.7158339023590088
53,0.9084324240684509,0.7024646997451782
54,0.9088243246078491,0.7065000534057617
55,0.9076701402664185,0.7056722044944763
56,0.9057446718215942,0.7039322257041931
57,0.903943657875061,0.707617461681366
58,0.9027103781700134,0.7064468860626221
59,0.8991014361381531,0.7030924558639526
60,0.8961613178253174,0.6996768116950989
61,0.9007741808891296,0.7072045803070068
62,0.8975663781166077,0.7041902542114258
63,0.9141100645065308,0.7258797287940979
64,0.9247097373008728,0.7368456125259399
65,0.9067227840423584,0.7193054556846619
66,0.8983991742134094,0.7139894366264343
67,0.8867003321647644,0.702889084815979
68,0.8841085433959961,0.7004432082176208
69,0.8800323605537415,0.6972740292549133
70,0.8818740844726562,0.7002986073493958
71,0.8833813667297363,0.7017560005187988
72,0.8901714086532593,0.7104657888412476
73,0.8849607706069946,0.7066312432289124
74,0.8806667923927307,0.7031805515289307
75,0.8777098059654236,0.6994467377662659
76,0.8777677416801453,0.7019157409667969
77,0.8768959641456604,0.702501118183136
78,0.8720808029174805,0.7001426219940186
79,0.8722720146179199,0.6984058022499084
80,0.8729062676429749,0.6999032497406006
81,0.8690546154975891,0.698941707611084
82,0.8672567009925842,0.6972732543945312
83,0.8729668855667114,0.7048400640487671
84,0.8660071492195129,0.6994467377662659
85,0.8676182627677917,0.6985357403755188
86,0.8722935914993286,0.7053945660591125
87,0.8711175322532654,0.7056170701980591
88,0.8707690834999084,0.7074459791183472
89,0.8754709362983704,0.7129208445549011
90,0.8671944737434387,0.7032900452613831
91,0.8636729717254639,0.7003508806228638
92,0.869051992893219,0.7073408961296082
93,0.864112377166748,0.7036938667297363
94,0.8582039475440979,0.6972529292106628
95,0.8593609929084778,0.6998234391212463
96,0.864995002746582,0.7070738077163696
97,0.8631414771080017,0.7056304812431335
98,0.8624607920646667,0.7047843933105469
99,0.8556186556816101,0.6976437568664551
100,0.8580988049507141,0.6999296545982361
101,0.8509489297866821,0.6962065100669861
102,0.8501747846603394,0.6961166858673096
103,0.8497173190116882,0.6960997581481934
104,0.8531679511070251,0.6978545188903809
105,0.8475298285484314,0.693446159362793
106,0.8503087162971497,0.6973122358322144
107,0.8484306335449219,0.6966168284416199
108,0.8478716015815735,0.6954552531242371
109,0.8477322459220886,0.6959509253501892
110,0.8625413179397583,0.7130804657936096
111,0.875265896320343,0.7271892428398132
112,0.8539600372314453,0.7056419253349304
113,0.8412072062492371,0.6933832764625549
114,0.8398237228393555,0.6906915903091431
115,0.8547029495239258,0.7084289193153381
116,0.840167224407196,0.6933395862579346
117,0.8441154360771179,0.6982414126396179
118,0.8408398628234863,0.6957554221153259
119,0.842352032661438,0.6974481344223022
120,0.8390063047409058,0.6931570172309875
121,0.8401913046836853,0.697137176990509
122,0.8343484401702881,0.6901798248291016
123,0.8364095687866211,0.6942156553268433
124,0.8346244096755981,0.6901611685752869
125,0.8350416421890259,0.6929412484169006
126,0.8382571339607239,0.6977741122245789
127,0.8352159857749939,0.6925389766693115
128,0.8342771530151367,0.692369282245636
129,0.8328458070755005,0.6935327053070068
130,0.8305936455726624,0.6914945244789124
131,0.8314001560211182,0.6902597546577454
132,0.8368180990219116,0.6989590525627136
133,0.8284165859222412,0.6903805136680603
134,0.8285087943077087,0.6896141171455383
135,0.8291583061218262,0.6915733814239502
136,0.8278540372848511,0.6919328570365906
137,0.8311966061592102,0.6943668127059937
138,0.8301170468330383,0.6917514801025391
139,0.826441764831543,0.6911882758140564
140,0.8267229795455933,0.6918234825134277
141,0.8337846398353577,0.6988372206687927
142,0.8312824368476868,0.6989730596542358
143,0.8255356550216675,0.6921247839927673
144,0.8235885500907898,0.6893040537834167
145,0.8239099979400635,0.6899941563606262
146,0.8272519707679749,0.6951138377189636
147,0.8270164728164673,0.6935524940490723
148,0.8284212350845337,0.6956438422203064
149,0.8242747783660889,0.6929044127464294
150,0.8168260455131531,0.6864619851112366
151,0.8181702494621277,0.6873185038566589
152,0.8197138905525208,0.6882417798042297
153,0.8217009902000427,0.6924003958702087
154,0.8170337677001953,0.6872367858886719
155,0.829055666923523,0.6991783380508423
156,0.8175128698348999,0.6885891556739807
157,0.8174022436141968,0.6892644762992859
158,0.8189921379089355,0.6890060305595398
159,0.8149603605270386,0.6873189806938171
160,0.8242829442024231,0.6972299218177795
161,0.8177244067192078,0.6904094815254211
162,0.8143838047981262,0.6858758330345154
163,0.8113321661949158,0.6859947443008423
164,0.8131260275840759,0.6871018409729004
165,0.8134098052978516,0.6876057386398315
166,0.8105051517486572,0.6848968267440796
167,0.8116441369056702,0.6861926913261414
168,0.8085854053497314,0.6848618984222412
169,0.8069397211074829,0.6817581057548523
170,0.8124281167984009,0.6871538162231445
171,0.8159209489822388,0.6923689246177673
172,0.8094866275787354,0.6867347955703735
173,0.8126546740531921,0.6893695592880249
174,0.8092747330665588,0.6865272521972656
175,0.8076028227806091,0.6848454475402832
176,0.8147982954978943,0.6926789283752441
177,0.8187806606292725,0.6954634189605713
178,0.8069601058959961,0.6856794357299805
179,0.8068402409553528,0.6853512525558472
180,0.8062543272972107,0.685899019241333
181,0.8052302002906799,0.6851102113723755
182,0.8048213720321655,0.6829962134361267
183,0.810523271560669,0.6897517442703247
184,0.8063587546348572,0.6857150793075562
185,0.802216112613678,0.6832512021064758
186,0.8096760511398315,0.6893294453620911
187,0.807197630405426,0.6892771124839783
188,0.8029260039329529,0.6853519082069397
189,0.8013792634010315,0.6817772388458252
190,0.7979498505592346,0.6787739396095276
191,0.801895022392273,0.6844576001167297
192,0.803743839263916,0.6852680444717407
193,0.8052139282226562,0.6885319352149963
194,0.8031474351882935,0.6859846711158752
195,0.8078714609146118,0.6911084055900574
196,0.8072619438171387,0.6910856366157532
197,0.8037611842155457,0.6863648295402527
198,0.7983689904212952,0.6830593943595886
199,0.7990524172782898,0.6830552220344543
200,0.8115448355674744,0.6955924034118652
0,25.02739143371582,23.454862594604492
1,5.547514915466309,4.189177513122559
2,3.1279520988464355,2.119560718536377
3,2.2049200534820557,1.487149953842163
4,1.8322685956954956,1.2083617448806763
5,1.6769605875015259,1.1030398607254028
6,1.5797042846679688,1.045419692993164
7,1.5035529136657715,0.9934078454971313
8,1.4378013610839844,0.951993465423584
9,1.3776494264602661,0.9102484583854675
10,1.325469970703125,0.8755439519882202
11,1.276469111442566,0.8441042900085449
12,1.2347230911254883,0.8170030117034912
13,1.1973241567611694,0.7924321293830872
14,1.1642930507659912,0.7711959481239319
15,1.1363226175308228,0.7540780305862427
16,1.113190770149231,0.7406661510467529
17,1.0953028202056885,0.7331701517105103
18,1.0739712715148926,0.7202491760253906
19,1.0612831115722656,0.7176753282546997
20,1.048516035079956,0.7134286165237427
21,1.0367792844772339,0.7105849981307983
22,1.0253221988677979,0.7083353400230408
23,1.017014503479004,0.7086108922958374
24,1.0096515417099,0.7080197334289551
25,0.9989385604858398,0.7037087678909302
26,0.9942256212234497,0.7077251076698303
27,0.9945398569107056,0.7139581441879272
28,0.9796518087387085,0.7057781219482422
29,0.9733693599700928,0.7062270641326904
30,0.9671239256858826,0.7033340334892273
31,0.9628002643585205,0.7062081098556519
32,0.9585253000259399,0.7065377831459045
33,0.9500870704650879,0.7043839693069458
34,0.9454308152198792,0.7013998627662659
35,0.9354901313781738,0.6972164511680603
36,0.9329124093055725,0.698269784450531
37,0.9299733638763428,0.7002996802330017
38,0.9266244769096375,0.7006711959838867
39,0.9239540100097656,0.7001625299453735
40,0.9204536080360413,0.7010277509689331
41,0.9145838022232056,0.700856626033783
42,0.90558922290802,0.6928408741950989
43,0.9042260646820068,0.6941334009170532
44,0.9018160700798035,0.6937386393547058
45,0.8993375897407532,0.6950030326843262
46,0.8976714015007019,0.6959078907966614
47,0.8993134498596191,0.699613630771637
48,0.8907028436660767,0.6946278810501099
49,0.8904585838317871,0.697513222694397
50,0.8853908181190491,0.6935173869132996
51,0.8823416233062744,0.6914089918136597
52,0.8780680894851685,0.6898248195648193
53,0.8776407241821289,0.6916664242744446
54,0.8719092607498169,0.6877915263175964
55,0.8764320611953735,0.695195198059082
56,0.8705595135688782,0.6906490325927734
57,0.8671244382858276,0.688138484954834
58,0.8652741312980652,0.6894630789756775
59,0.8655602931976318,0.6916053295135498
60,0.8671956658363342,0.6945255994796753
61,0.8672783374786377,0.696209728717804
62,0.8626245260238647,0.6926000118255615
63,0.8630742430686951,0.6942819356918335
64,0.868933916091919,0.7021636366844177
65,0.8577148914337158,0.6890178322792053
66,0.8532218933105469,0.6897104382514954
67,0.851885974407196,0.6877434253692627
68,0.8539854288101196,0.6909622550010681
69,0.8512252569198608,0.6908820271492004
70,0.849487841129303,0.6894382834434509
71,0.8549343943595886,0.6946587562561035
72,0.8499064445495605,0.6918655633926392
73,0.8426268696784973,0.6861149668693542
74,0.8454789519309998,0.6901315450668335
75,0.8532605171203613,0.6988251209259033
76,0.851855993270874,0.6980870962142944
77,0.8425629138946533,0.6886007785797119
78,0.8496344685554504,0.6987329721450806
79,0.8462719321250916,0.6963862180709839
80,0.8456208109855652,0.6944233775138855
81,0.8415705561637878,0.6941515207290649
82,0.8459206819534302,0.6973154544830322
83,0.8379139304161072,0.6899884343147278
84,0.8321310877799988,0.6846256852149963
85,0.8402740359306335,0.6957353353500366
86,0.8335651159286499,0.6877785921096802
87,0.8291621208190918,0.6837714314460754
88,0.8307187557220459,0.6865699887275696
89,0.8389109373092651,0.6973429322242737
90,0.8338099122047424,0.6906864643096924
91,0.8239163160324097,0.6821367740631104
92,0.8229576349258423,0.6820573210716248
93,0.8308960795402527,0.6907848119735718
94,0.8398397564888,0.7005518674850464
95,0.8464226722717285,0.7079448699951172
96,0.8425031304359436,0.7043285369873047
97,0.8345690369606018,0.6949537396430969
98,0.8353580236434937,0.698511004447937
99,0.8212454319000244,0.6854772567749023
100,0.8168058395385742,0.6811044216156006
101,0.8181343674659729,0.6812434196472168
102,0.8166566491127014,0.6816912889480591
103,0.8224679231643677,0.6872216463088989
104,0.8172548413276672,0.6843809485435486
105,0.8163327574729919,0.681226372718811
106,0.8188432455062866,0.686862051486969
107,0.81802898645401,0.6850389242172241
108,0.8107383847236633,0.6785587072372437
109,0.8195948004722595,0.6877220869064331
110,0.8296205997467041,0.6991164088249207
111,0.8332607746124268,0.7038042545318604
112,0.8256871700286865,0.6953489184379578
113,0.812614381313324,0.68239825963974
114,0.8191438317298889,0.6906717419624329
115,0.823661208152771,0.6960852742195129
116,0.8175342679023743,0.6893616914749146
117,0.8099333643913269,0.6809898018836975
118,0.8067333698272705,0.6779962182044983
119,0.8078455924987793,0.6821707487106323
120,0.8161805868148804,0.6886485815048218
121,0.8067722916603088,0.6809105277061462
122,0.8061259984970093,0.6813349723815918
123,0.807255208492279,0.6804861426353455
124,0.8127217292785645,0.6873880624771118
125,0.8190321326255798,0.6941933035850525
126,0.8028982281684875,0.6798112988471985
127,0.8026775121688843,0.6783209443092346
128,0.7997769117355347,0.676211416721344
129,0.8014849424362183,0.6777660846710205
130,0.804989218711853,0.682312548160553
131,0.804139256477356,0.6833474040031433
132,0.7982989549636841,0.6765221953392029
133,0.8026803731918335,0.6803433299064636
134,0.7982426881790161,0.6766296625137329
135,0.7965438961982727,0.6768741011619568
136,0.807313084602356,0.6863631010055542
137,0.8010671734809875,0.6808122396469116
138,0.799683153629303,0.6808549761772156
139,0.798481285572052,0.6795732378959656
140,0.8017271757125854,0.6805766820907593
141,0.8074079751968384,0.6898803114891052
142,0.8074497580528259,0.6897664070129395
143,0.8035534620285034,0.6851092576980591
144,0.8014529347419739,0.6844584941864014
145,0.7954005002975464,0.6785906553268433
146,0.7965977191925049,0.6795510649681091
147,0.8011415004730225,0.6842559576034546
148,0.7917240858078003,0.6752635836601257
149,0.7907394170761108,0.6756486892700195
150,0.7910761833190918,0.674688994884491
151,0.7915818095207214,0.676726222038269
152,0.7919421792030334,0.6768757104873657
153,0.7897019982337952,0.6742817163467407
154,0.7963593602180481,0.6828506588935852
155,0.8008971214294434,0.6869432926177979
156,0.7889211177825928,0.6725649833679199
157,0.7946887016296387,0.6812244057655334
158,0.794041097164154,0.6819937229156494
159,0.7947340607643127,0.6825305223464966
160,0.7905916571617126,0.677606999874115
161,0.7976611256599426,0.6862142086029053
162,0.7963572144508362,0.6844215393066406
163,0.7899648547172546,0.6783236265182495
164,0.789317786693573,0.6789408326148987
165,0.7930229306221008,0.6821526885032654
166,0.7979076504707336,0.686327338218689
0,26.680885314941406,25.078981399536133
1,6.023164749145508,4.6870222091674805
2,2.8145785331726074,1.860307216644287
3,2.161158561706543,1.3856374025344849
4,1.8625012636184692,1.1813169717788696
5,1.703974962234497,1.077455759048462
6,1.60477614402771,1.0187253952026367
7,1.5268033742904663,0.9645354151725769
8,1.4630566835403442,0.926859438419342
9,1.4078391790390015,0.8903158903121948
10,1.360221028327942,0.8596343398094177
11,1.3161770105361938,0.8324878215789795
12,1.2803857326507568,0.8132918477058411
13,1.2454625368118286,0.7907946109771729
14,1.2149183750152588,0.7753433585166931
15,1.1895456314086914,0.7638891935348511
16,1.1661161184310913,0.7519469857215881
17,1.147146463394165,0.7442755699157715
18,1.1309386491775513,0.7385954856872559
19,1.116650938987732,0.7344194054603577
20,1.1036412715911865,0.7303938269615173
21,1.0933351516723633,0.7289078831672668
22,1.0853158235549927,0.729071855545044
23,1.0741510391235352,0.7265236377716064
24,1.0668452978134155,0.7251209020614624
25,1.060257077217102,0.7253410220146179
26,1.0548031330108643,0.7255996465682983
27,1.0488386154174805,0.72578364610672
28,1.043333888053894,0.7254639863967896
29,1.0368342399597168,0.7247440218925476
30,1.0311205387115479,0.7233090996742249
31,1.0269731283187866,0.722597062587738
32,1.0229429006576538,0.7207958102226257
33,1.021053671836853,0.7258058786392212
34,1.0163378715515137,0.7224143743515015
35,1.0087264776229858,0.7217898368835449
36,1.0096153020858765,0.721432626247406
37,1.0024693012237549,0.7201228141784668
38,0.9982519149780273,0.7182945013046265
39,0.9949816465377808,0.7176998853683472
40,0.995021402835846,0.7196877002716064
41,0.9899367094039917,0.7176920175552368
42,0.9875014424324036,0.7166123390197754
43,0.9825408458709717,0.7160621285438538
44,0.9803929924964905,0.715109646320343
45,0.9762151837348938,0.713932454586029
46,0.9729864597320557,0.7121888399124146
47,0.9676029682159424,0.7107875347137451
48,0.9641740322113037,0.7069622278213501
49,0.9622054696083069,0.7084962725639343
50,0.962151288986206,0.710293710231781
51,0.9562727212905884,0.7051846981048584
52,0.9560989737510681,0.709489643573761
53,0.9534364342689514,0.7068154215812683
54,0.954282820224762,0.7115471959114075
55,0.9470350742340088,0.7048492431640625
56,0.9416981935501099,0.7023206949234009
57,0.9408649802207947,0.7020189166069031
58,0.938337504863739,0.7018588185310364
59,0.9451152682304382,0.7114834785461426
60,0.9380306601524353,0.7070858478546143
61,0.9332605600357056,0.7029110789299011
62,0.9305455088615417,0.7015655040740967
63,0.9271113872528076,0.7019558548927307
64,0.931488037109375,0.7060047388076782
65,0.9201723337173462,0.6983942985534668
66,0.9197397828102112,0.6966069936752319
67,0.9185982346534729,0.7000105977058411
68,0.9165577292442322,0.6989235877990723
69,0.9192749857902527,0.7041059732437134
70,0.9167221784591675,0.7006365060806274
71,0.9150033593177795,0.7017532587051392
72,0.9078048467636108,0.698013961315155
73,0.9047742486000061,0.6962481141090393
74,0.9053167700767517,0.6979226469993591
75,0.9025401473045349,0.6970364451408386
76,0.8986454606056213,0.6932839751243591
77,0.8953312635421753,0.6920273900032043
78,0.8959535956382751,0.6963983774185181
79,0.8928743600845337,0.6923025250434875
80,0.8920126557350159,0.694875955581665
81,0.8911837935447693,0.6928009390830994
82,0.8894912600517273,0.6963446140289307
83,0.8870858550071716,0.6929659843444824
84,0.8826823830604553,0.6895464658737183
85,0.8837095499038696,0.6923830509185791
86,0.8853979110717773,0.6985373497009277
87,0.883499264717102,0.6957237720489502
88,0.8763266205787659,0.6895331144332886
89,0.8779856562614441,0.6946521997451782
90,0.8777430653572083,0.6934616565704346
91,0.8718349933624268,0.6881005764007568
92,0.8716800212860107,0.6903033256530762
93,0.8701454997062683,0.6912791728973389
94,0.869603157043457,0.6900560259819031
95,0.8680536150932312,0.6910451650619507
96,0.8620522618293762,0.6864553093910217
97,0.8677247166633606,0.6922467350959778
98,0.8734745979309082,0.7010412812232971
99,0.8682603240013123,0.6950554847717285
100,0.861674964427948,0.6908731460571289
101,0.8621976375579834,0.6921582818031311
102,0.8609217405319214,0.6913194060325623
103,0.8619447350502014,0.6944945454597473
104,0.8550845980644226,0.6894612908363342
105,0.8510239124298096,0.6861012578010559
106,0.8625133037567139,0.696118175983429
107,0.8552151918411255,0.6914406418800354
108,0.8583280444145203,0.6948442459106445
109,0.8502433896064758,0.6875039935112
110,0.8537242412567139,0.6947956085205078
111,0.847115159034729,0.6863148212432861
112,0.8464452028274536,0.6877648234367371
113,0.8439483046531677,0.6852758526802063
114,0.8449692726135254,0.6873161196708679
115,0.8704807758331299,0.7148383259773254
116,0.8630391359329224,0.7077229022979736
117,0.8651837110519409,0.7106567621231079
118,0.8386502265930176,0.6860780715942383
119,0.8379368782043457,0.6847230792045593
120,0.8389897346496582,0.6872401237487793
121,0.8429651856422424,0.6908259391784668
122,0.8426869511604309,0.6925976276397705
123,0.8345754742622375,0.6845322251319885
124,0.8331016302108765,0.6842604875564575
125,0.8365223407745361,0.6872187256813049
126,0.8313292860984802,0.685272216796875
127,0.8324702978134155,0.68399578332901
128,0.8301106691360474,0.6836193799972534
129,0.827437162399292,0.682325005531311
130,0.8363686800003052,0.6923196911811829
131,0.8446588516235352,0.7001851201057434
132,0.8271335959434509,0.6847028732299805
133,0.8241176009178162,0.6806944012641907
134,0.8243792653083801,0.6821308135986328
135,0.8242949843406677,0.6835185885429382
136,0.8461167812347412,0.7049306035041809
137,0.8300988674163818,0.6909999251365662
138,0.8294139504432678,0.691912055015564
139,0.820239782333374,0.6808169484138489
140,0.8167992234230042,0.679391622543335
141,0.8180577158927917,0.6798383593559265
142,0.8173243999481201,0.6794905066490173
143,0.8156101703643799,0.6780068278312683
144,0.8148462772369385,0.6800047159194946
145,0.8190032839775085,0.6852138042449951
146,0.8141511678695679,0.6783514022827148
147,0.8148970603942871,0.6801741719245911
148,0.8119518756866455,0.6777352094650269
149,0.8121705055236816,0.6798712015151978
150,0.8128740191459656,0.6813424229621887
151,0.8120685815811157,0.6804451942443848
152,0.8114216923713684,0.6804386973381042
153,0.8083239793777466,0.6773427128791809
154,0.8062817454338074,0.6747932434082031
155,0.8077363967895508,0.6778184771537781
156,0.8073512315750122,0.6792275905609131
157,0.8102492690086365,0.6827864646911621
158,0.8122026324272156,0.6830950975418091
159,0.8212314248085022,0.6926982402801514
160,0.817897379398346,0.6912158131599426
161,0.8210729956626892,0.694278359413147
162,0.8171431422233582,0.6904688477516174
163,0.8110761046409607,0.6855942010879517
164,0.8083959817886353,0.6838263273239136
