epoch,accuracy,loss
0,0.4340745508670807,3.8802433013916016
1,0.4771374762058258,1.7464464902877808
2,0.5252113938331604,1.518674612045288
3,0.5411838293075562,1.4262890815734863
4,0.55167555809021,1.3917373418807983
5,0.556843101978302,1.369123935699463
6,0.5610710978507996,1.3527700901031494
7,0.5626370310783386,1.3456032276153564
8,0.5679611563682556,1.3319815397262573
9,0.5681177377700806,1.3245129585266113
10,0.5699968934059143,1.32264244556427
11,0.5676479935646057,1.3156535625457764
12,0.5706232190132141,1.3089745044708252
13,0.5746946334838867,1.3018804788589478
14,0.569057285785675,1.3048372268676758
15,0.5714061856269836,1.2969813346862793
16,0.5753210186958313,1.2886812686920166
17,0.5750078558921814,1.288631558418274
18,0.5731287002563477,1.2851482629776
19,0.5739116668701172,1.2826977968215942
20,0.5746946334838867,1.278717279434204
21,0.5751644372940063,1.277955412864685
22,0.5778264999389648,1.2725166082382202
23,0.5775133371353149,1.272901177406311
24,0.5770435333251953,1.2707643508911133
25,0.5770435333251953,1.2734262943267822
26,0.5748512148857117,1.2683844566345215
27,0.5759474039077759,1.2622250318527222
28,0.5795490145683289,1.2587213516235352
29,0.5779830813407898,1.2588199377059937
30,0.5793924331665039,1.256367564201355
31,0.5784528851509094,1.2508251667022705
32,0.5812715291976929,1.254205346107483
33,0.5772001147270203,1.2534115314483643
34,0.5800188183784485,1.2476235628128052
35,0.5795490145683289,1.2519564628601074
36,0.5767303705215454,1.2486118078231812
37,0.5797055959701538,1.2429516315460205
38,0.5786094665527344,1.2449548244476318
39,0.580958366394043,1.243314266204834
40,0.5762605667114258,1.251011610031128
41,0.5762605667114258,1.256107211112976
42,0.5717194080352783,1.262169599533081
43,0.5768869519233704,1.2520627975463867
44,0.5776699185371399,1.248927116394043
45,0.5803319811820984,1.2345130443572998
46,0.5817413330078125,1.2326350212097168
47,0.5789226293563843,1.23915696144104
48,0.582524299621582,1.2295094728469849
49,0.582524299621582,1.225965142250061
50,0.5812715291976929,1.232672095298767
51,0.5804885625839233,1.235519528388977
52,0.582524299621582,1.2259445190429688
53,0.5811149477958679,1.2265915870666504
54,0.5776699185371399,1.2297064065933228
55,0.5801753997802734,1.229786992073059
56,0.5804885625839233,1.2238597869873047
57,0.5790792107582092,1.2242413759231567
58,0.5782962441444397,1.2352735996246338
59,0.5739116668701172,1.2440208196640015
60,0.5814281105995178,1.2291760444641113
61,0.5786094665527344,1.2261676788330078
62,0.5787660479545593,1.2289385795593262
63,0.5801753997802734,1.2208932638168335
64,0.582524299621582,1.2180582284927368
65,0.5772001147270203,1.220755696296692
66,0.582680881023407,1.215624451637268
67,0.5836204290390015,1.2130792140960693
68,0.580958366394043,1.2166268825531006
69,0.5795490145683289,1.2137378454208374
70,0.5804885625839233,1.2167901992797852
71,0.5812715291976929,1.2139489650726318
72,0.5822110772132874,1.2086176872253418
73,0.5839335918426514,1.2105143070220947
74,0.5801753997802734,1.2160264253616333
75,0.5820544958114624,1.2121615409851074
76,0.5817413330078125,1.2107616662979126
77,0.5833072066307068,1.2109262943267822
78,0.5800188183784485,1.207949161529541
79,0.5803319811820984,1.215836524963379
80,0.582524299621582,1.2149736881256104
81,0.580958366394043,1.2120885848999023
82,0.5812715291976929,1.2109811305999756
83,0.5815846920013428,1.2076665163040161
84,0.5797055959701538,1.21797776222229
85,0.5798621773719788,1.2153722047805786
86,0.584403395652771,1.2056776285171509
87,0.5773566961288452,1.2149237394332886
88,0.5814281105995178,1.2091913223266602
89,0.5786094665527344,1.2066575288772583
90,0.5787660479545593,1.2125401496887207
91,0.5781396627426147,1.207939863204956
92,0.5804885625839233,1.2112555503845215
93,0.5800188183784485,1.2000290155410767
94,0.5815846920013428,1.205518364906311
95,0.5784528851509094,1.2079122066497803
96,0.5801753997802734,1.2010382413864136
97,0.5797055959701538,1.196967601776123
98,0.5822110772132874,1.201554536819458
99,0.5829940438270569,1.1967456340789795
100,0.5795490145683289,1.2009975910186768
101,0.5795490145683289,1.2051050662994385
102,0.5782962441444397,1.206773281097412
103,0.5817413330078125,1.2003551721572876
104,0.5818979144096375,1.2006580829620361
105,0.5837770104408264,1.1989468336105347
106,0.5797055959701538,1.1971575021743774
107,0.5817413330078125,1.195462703704834
108,0.5817413330078125,1.1931558847427368
109,0.5797055959701538,1.2042124271392822
110,0.5803319811820984,1.1976971626281738
111,0.5784528851509094,1.200165867805481
112,0.5748512148857117,1.2200570106506348
113,0.5804885625839233,1.2028818130493164
114,0.5831506252288818,1.1938263177871704
115,0.5812715291976929,1.1984666585922241
116,0.5820544958114624,1.1929669380187988
117,0.5803319811820984,1.1955350637435913
118,0.5808017253875732,1.1940401792526245
119,0.5817413330078125,1.1953060626983643
120,0.5797055959701538,1.1948503255844116
121,0.5803319811820984,1.1914072036743164
122,0.5831506252288818,1.1909278631210327
123,0.5787660479545593,1.188116192817688
124,0.5818979144096375,1.190411925315857
125,0.5729721188545227,1.1977503299713135
126,0.5820544958114624,1.1898847818374634
127,0.5808017253875732,1.1872596740722656
128,0.5793924331665039,1.1895335912704468
129,0.5820544958114624,1.1927452087402344
130,0.5829940438270569,1.1933400630950928
131,0.5710930228233337,1.2184441089630127
132,0.5762605667114258,1.2031028270721436
133,0.5789226293563843,1.2045718431472778
134,0.5776699185371399,1.1952837705612183
135,0.582680881023407,1.1880865097045898
136,0.5753210186958313,1.1928685903549194
137,0.5798621773719788,1.1907168626785278
0,0.42483559250831604,3.9050073623657227
1,0.45740681886672974,1.768934965133667
2,0.5092389583587646,1.5357401371002197
3,0.5429063439369202,1.4374009370803833
4,0.5559035539627075,1.3827496767044067
5,0.5562167167663574,1.3710044622421265
6,0.5588787794113159,1.3599177598953247
7,0.5667084455490112,1.3409745693206787
8,0.5671781897544861,1.3289170265197754
9,0.5699968934059143,1.3240116834640503
10,0.5701534748077393,1.3112887144088745
11,0.5704666376113892,1.3091179132461548
12,0.5776699185371399,1.3007535934448242
13,0.5798621773719788,1.2932488918304443
14,0.5772001147270203,1.2909895181655884
15,0.5787660479545593,1.2860164642333984
16,0.5793924331665039,1.278029203414917
17,0.5814281105995178,1.272799015045166
18,0.5814281105995178,1.269322156906128
19,0.5834638476371765,1.267845630645752
20,0.5798621773719788,1.2626214027404785
21,0.5922330021858215,1.2500560283660889
22,0.5994362831115723,1.2447280883789062
23,0.6064829230308533,1.2425371408462524
24,0.6122768521308899,1.2312488555908203
25,0.6129032373428345,1.224092721939087
26,0.6219856142997742,1.2053042650222778
27,0.6310679316520691,1.1890758275985718
28,0.6307547688484192,1.18497896194458
29,0.6338866353034973,1.184436321258545
30,0.6368618607521057,1.170979619026184
31,0.6381146311759949,1.1777609586715698
32,0.6349827647209167,1.164655327796936
33,0.6432821750640869,1.1491949558258057
34,0.6437519788742065,1.158482313156128
35,0.6426557898521423,1.1488465070724487
36,0.644848108291626,1.1421253681182861
37,0.648449718952179,1.1369762420654297
38,0.644691526889801,1.1330136060714722
39,0.6539304852485657,1.1197509765625
40,0.6539304852485657,1.1141512393951416
41,0.6507986187934875,1.1188820600509644
42,0.6443783044815063,1.1265496015548706
43,0.6507986187934875,1.1217646598815918
44,0.6565925478935242,1.1063865423202515
45,0.651738166809082,1.1064425706863403
46,0.6558095812797546,1.1138888597488403
47,0.653617262840271,1.10358726978302
48,0.6539304852485657,1.0995702743530273
49,0.6631694436073303,1.084768295288086
50,0.6586282253265381,1.084999918937683
51,0.6551831960678101,1.0893211364746094
52,0.6605073809623718,1.0784685611724854
53,0.6606639623641968,1.081080436706543
54,0.6617600917816162,1.0736221075057983
55,0.6583150625228882,1.0843557119369507
56,0.6639524102210999,1.0786035060882568
57,0.6608205437660217,1.0762147903442383
58,0.6586282253265381,1.0707387924194336
59,0.6641089916229248,1.0628854036331177
60,0.6658315062522888,1.0657753944396973
61,0.6663013100624084,1.0578304529190063
62,0.6659880876541138,1.0591421127319336
63,0.6622298955917358,1.065995454788208
64,0.6655183434486389,1.0598446130752563
65,0.6616035103797913,1.0547971725463867
66,0.6664578914642334,1.0552446842193604
67,0.6656749248504639,1.052496075630188
68,0.6653617024421692,1.0451167821884155
69,0.6692765355110168,1.0427732467651367
70,0.6719385981559753,1.038103699684143
71,0.6658315062522888,1.042301893234253
72,0.6625430583953857,1.0671628713607788
73,0.6697463393211365,1.046193242073059
74,0.6686501502990723,1.0368503332138062
75,0.6678671836853027,1.0447238683700562
76,0.6648919582366943,1.048025131225586
77,0.6673974394798279,1.0467852354049683
78,0.6670842170715332,1.0441697835922241
79,0.6678671836853027,1.0383228063583374
80,0.6709990501403809,1.0286566019058228
81,0.6791418790817261,1.0265729427337646
82,0.6631694436073303,1.0326648950576782
83,0.6661446690559387,1.0399775505065918
84,0.6716254353523254,1.0201857089996338
85,0.67225182056427,1.015732765197754
86,0.6731913685798645,1.011631727218628
87,0.6785154938697815,1.0128453969955444
88,0.6694331169128418,1.013027548789978
89,0.6714688539505005,1.0124274492263794
90,0.6733479499816895,1.0178296566009521
91,0.6771061420440674,1.0180584192276
92,0.6658315062522888,1.0241789817810059
93,0.6742874979972839,1.0149075984954834
94,0.6753836274147034,1.010788083076477
95,0.6675540208816528,1.0155667066574097
96,0.6744440793991089,1.0078532695770264
97,0.6714688539505005,1.011582374572754
98,0.6694331169128418,1.0134506225585938
99,0.6695896983146667,1.0198616981506348
100,0.6747573018074036,1.0043673515319824
101,0.6800814270973206,1.0017791986465454
102,0.674130916595459,1.0000578165054321
103,0.6717820167541504,0.9956512451171875
104,0.673974335193634,1.0002824068069458
105,0.675696849822998,1.006712555885315
106,0.6788287162780762,0.9965206980705261
107,0.6689633727073669,1.0049418210983276
108,0.6630128622055054,1.019927740097046
109,0.6725649833679199,1.0050053596496582
110,0.6755402684211731,0.9973353147506714
111,0.6750704646110535,0.9981590509414673
112,0.679298460483551,0.9901145696640015
113,0.6788287162780762,0.9940245747566223
114,0.6716254353523254,0.9996266961097717
115,0.6719385981559753,0.9963014125823975
116,0.6725649833679199,0.9970859885215759
117,0.6763232350349426,0.9893586039543152
118,0.673974335193634,0.9928441643714905
119,0.677732527256012,0.9867039918899536
120,0.6778891086578369,0.9893394112586975
121,0.6702160835266113,0.9948679208755493
122,0.6763232350349426,0.9993941783905029
123,0.6764798164367676,0.9813864231109619
124,0.679455041885376,0.983274519443512
125,0.6774193644523621,0.9899283051490784
126,0.6738177537918091,0.9925922155380249
127,0.6652051210403442,1.0032762289047241
128,0.670529305934906,0.9952356815338135
129,0.6783589124679565,0.9760387539863586
130,0.6857187747955322,0.9688392877578735
131,0.6816473603248596,0.9677029252052307
132,0.6813341975212097,0.9723745584487915
133,0.6791418790817261,0.9735828638076782
134,0.68117755651474,0.9736092686653137
135,0.6761665940284729,0.9718031883239746
136,0.6752270460128784,0.9785981178283691
137,0.6800814270973206,0.971817672252655
138,0.6733479499816895,0.981291651725769
139,0.6755402684211731,0.9835265278816223
140,0.6813341975212097,0.969659149646759
141,0.6821171045303345,0.9628059267997742
142,0.6786720752716064,0.9781804084777832
143,0.675696849822998,0.9738101959228516
144,0.6805512309074402,0.9723408222198486
145,0.6824303269386292,0.9672064781188965
146,0.6766363978385925,0.9712366461753845
147,0.6736611127853394,0.986117422580719
148,0.675696849822998,0.9738433361053467
149,0.6782023310661316,0.9777485132217407
150,0.6763232350349426,0.9732716679573059
151,0.6772627830505371,0.9641287326812744
0,0.4273410439491272,3.9120306968688965
1,0.47494518756866455,1.7642403841018677
2,0.5231757164001465,1.5284581184387207
3,0.5408706665039062,1.4354896545410156
4,0.5501096248626709,1.3850934505462646
5,0.56028813123703,1.3630027770996094
6,0.562167227268219,1.349555492401123
7,0.5643595457077026,1.3380199670791626
8,0.5624804496765137,1.3366459608078003
9,0.5717194080352783,1.319434404373169
10,0.5678045749664307,1.3158483505249023
11,0.5687441229820251,1.3111056089401245
12,0.5671781897544861,1.3114205598831177
13,0.5709364414215088,1.3065907955169678
14,0.5737550854682922,1.2931396961212158
15,0.5756341814994812,1.293892502784729
16,0.5773566961288452,1.2888624668121338
17,0.5750078558921814,1.2897179126739502
18,0.5723457336425781,1.2853772640228271
19,0.5823676586151123,1.275026559829712
20,0.5848731398582458,1.2626398801803589
21,0.5898841023445129,1.2609301805496216
22,0.5875352621078491,1.2510954141616821
23,0.5970873832702637,1.2452009916305542
24,0.5963044166564941,1.2412481307983398
25,0.6158784627914429,1.2218528985977173
26,0.6063263416290283,1.2330909967422485
27,0.6124334335327148,1.220625400543213
28,0.6235515475273132,1.205460548400879
29,0.6298152208328247,1.1894097328186035
30,0.6329470872879028,1.1770823001861572
31,0.6354525685310364,1.1647950410842896
32,0.6359223127365112,1.1623444557189941
33,0.6420294642448425,1.1510365009307861
34,0.6392107605934143,1.1501935720443726
35,0.6426557898521423,1.1505885124206543
36,0.637801468372345,1.1478217840194702
37,0.6509552001953125,1.1341265439987183
38,0.6507986187934875,1.1287336349487305
39,0.650172233581543,1.1310416460037231
40,0.642969012260437,1.1389069557189941
41,0.6476667523384094,1.1336885690689087
42,0.6445349454879761,1.1224164962768555
43,0.6548700332641602,1.1031399965286255
44,0.6523645520210266,1.100611686706543
45,0.6564359664916992,1.0966166257858276
46,0.6562793850898743,1.0967944860458374
47,0.6573755145072937,1.0902338027954102
48,0.6554964184761047,1.0963716506958008
49,0.6573755145072937,1.0970417261123657
50,0.6562793850898743,1.087180495262146
51,0.6583150625228882,1.0789223909378052
52,0.6628562211990356,1.0786930322647095
53,0.6622298955917358,1.075316309928894
54,0.6601941585540771,1.0711784362792969
55,0.6576886773109436,1.0759601593017578
56,0.6642655730247498,1.0664242506027222
57,0.6614469289779663,1.0641796588897705
58,0.6598809957504272,1.0703017711639404
59,0.6605073809623718,1.0731559991836548
60,0.6644221544265747,1.0609022378921509
61,0.6647353768348694,1.0541614294052124
62,0.6680238246917725,1.0480425357818604
63,0.6664578914642334,1.0456979274749756
64,0.6658315062522888,1.0447863340377808
65,0.6658315062522888,1.048995852470398
66,0.6680238246917725,1.0452722311019897
67,0.6672408580780029,1.0478475093841553
68,0.6692765355110168,1.0378988981246948
69,0.6692765355110168,1.0460454225540161
70,0.6719385981559753,1.0304158926010132
71,0.6714688539505005,1.0314946174621582
72,0.6700595021247864,1.0319870710372925
73,0.6703726649284363,1.0360958576202393
74,0.6697463393211365,1.0320627689361572
75,0.6699029207229614,1.027047038078308
76,0.6749138832092285,1.0268909931182861
77,0.6692765355110168,1.0243085622787476
78,0.6735045313835144,1.023150086402893
79,0.6702160835266113,1.0235519409179688
80,0.6780457496643066,1.0180375576019287
81,0.6750704646110535,1.0157848596572876
82,0.6719385981559753,1.024265170097351
83,0.675853431224823,1.0143225193023682
84,0.6738177537918091,1.0176820755004883
85,0.6709990501403809,1.0269126892089844
86,0.6761665940284729,1.0189732313156128
87,0.6681804060935974,1.0173338651657104
88,0.675696849822998,1.0078366994857788
89,0.6761665940284729,1.00655198097229
90,0.676010012626648,1.006900429725647
91,0.677575945854187,1.0039362907409668
92,0.676010012626648,1.0061663389205933
93,0.6713122725486755,1.0064667463302612
94,0.6733479499816895,1.0056240558624268
95,0.6713122725486755,1.0090138912200928
96,0.674130916595459,1.015151858329773
97,0.6714688539505005,1.019936442375183
98,0.6731913685798645,1.0097987651824951
99,0.6736611127853394,1.0071827173233032
100,0.6703726649284363,1.0089666843414307
101,0.6736611127853394,1.000637173652649
102,0.6694331169128418,1.0109022855758667
103,0.6644221544265747,1.0282151699066162
104,0.6590980291366577,1.032705307006836
105,0.6684935688972473,1.0253504514694214
106,0.6683369874954224,1.0132371187210083
107,0.6747573018074036,1.00733482837677
108,0.6689633727073669,1.0110664367675781
109,0.6774193644523621,0.997360110282898
110,0.677732527256012,0.9874157905578613
111,0.6805512309074402,0.9845560789108276
112,0.6694331169128418,0.9930220246315002
113,0.6752270460128784,0.9886022210121155
114,0.6816473603248596,0.9810491800308228
115,0.6838396787643433,0.9845221042633057
116,0.6772627830505371,0.9804329872131348
117,0.6783589124679565,0.9778636693954468
118,0.6836830377578735,0.9796121716499329
119,0.6766363978385925,0.9801350831985474
120,0.6720951795578003,0.9854156374931335
121,0.6736611127853394,0.9871832132339478
122,0.6761665940284729,0.9817889332771301
123,0.6761665940284729,0.9838740229606628
124,0.6744440793991089,0.9909719228744507
125,0.67225182056427,0.9982120394706726
126,0.6680238246917725,1.0079890489578247
127,0.6763232350349426,0.9918869137763977
0,0.43892890214920044,3.900649070739746
1,0.46727216243743896,1.7626320123672485
2,0.5248982310295105,1.5225032567977905
3,0.5418102145195007,1.4259417057037354
4,0.5490134954452515,1.3843443393707275
5,0.555120587348938,1.3630467653274536
6,0.5540244579315186,1.3586045503616333
7,0.5632634162902832,1.3401660919189453
8,0.5679611563682556,1.326579213142395
9,0.569057285785675,1.3209397792816162
10,0.5698402523994446,1.3152841329574585
11,0.5732853412628174,1.311959147453308
12,0.5682743787765503,1.3085612058639526
13,0.5723457336425781,1.3003771305084229
14,0.5735985040664673,1.2968193292617798
15,0.5767303705215454,1.2906290292739868
16,0.5734419226646423,1.2888017892837524
17,0.5745380520820618,1.2878692150115967
18,0.5739116668701172,1.2808960676193237
19,0.5773566961288452,1.2755787372589111
20,0.5745380520820618,1.276099681854248
21,0.5795490145683289,1.274159550666809
22,0.5757907629013062,1.2681368589401245
23,0.5772001147270203,1.269381046295166
24,0.5767303705215454,1.267727017402649
25,0.5775133371353149,1.26333487033844
26,0.5806451439857483,1.263464331626892
27,0.5776699185371399,1.2565219402313232
28,0.5798621773719788,1.2557694911956787
29,0.5808017253875732,1.254718542098999
30,0.5803319811820984,1.2521170377731323
31,0.5759474039077759,1.258225679397583
32,0.5808017253875732,1.2517426013946533
33,0.5795490145683289,1.2520928382873535
34,0.5770435333251953,1.2575085163116455
35,0.5787660479545593,1.2424050569534302
36,0.5764171481132507,1.248520016670227
37,0.5773566961288452,1.2464450597763062
38,0.5804885625839233,1.2401297092437744
39,0.5808017253875732,1.237473487854004
40,0.5803319811820984,1.23762845993042
41,0.5808017253875732,1.2433377504348755
42,0.5814281105995178,1.2328277826309204
43,0.580958366394043,1.2342551946640015
44,0.5836204290390015,1.2337400913238525
45,0.5818979144096375,1.230952262878418
46,0.5811149477958679,1.230780839920044
47,0.5815846920013428,1.2319899797439575
48,0.5831506252288818,1.225813388824463
49,0.580958366394043,1.228290319442749
50,0.5834638476371765,1.2279365062713623
51,0.582680881023407,1.2257333993911743
52,0.5787660479545593,1.2350618839263916
53,0.579235851764679,1.2273640632629395
54,0.5837770104408264,1.2202250957489014
55,0.5820544958114624,1.2188552618026733
56,0.5823676586151123,1.2213540077209473
57,0.582524299621582,1.2182927131652832
58,0.582524299621582,1.214435338973999
59,0.5800188183784485,1.2186506986618042
60,0.5815846920013428,1.2154196500778198
61,0.582680881023407,1.2167659997940063
62,0.582680881023407,1.224534034729004
63,0.5808017253875732,1.2200032472610474
64,0.582680881023407,1.2119238376617432
65,0.5811149477958679,1.2096697092056274
66,0.582524299621582,1.2159150838851929
67,0.5831506252288818,1.2116374969482422
68,0.5828374624252319,1.207238793373108
69,0.5795490145683289,1.2127423286437988
70,0.5808017253875732,1.2191106081008911
71,0.5829940438270569,1.2116138935089111
72,0.5818979144096375,1.2098467350006104
73,0.5798621773719788,1.2097060680389404
74,0.5787660479545593,1.2135646343231201
75,0.5820544958114624,1.2065131664276123
76,0.5820544958114624,1.2065918445587158
77,0.5823676586151123,1.2060084342956543
78,0.5823676586151123,1.207358479499817
79,0.579235851764679,1.2085055112838745
80,0.5814281105995178,1.2039494514465332
81,0.5833072066307068,1.2129791975021362
82,0.5817413330078125,1.2142776250839233
83,0.5770435333251953,1.2203236818313599
84,0.5798621773719788,1.2125346660614014
85,0.584246814250946,1.1997289657592773
86,0.5815846920013428,1.2054344415664673
87,0.5795490145683289,1.2132066488265991
88,0.5765737295150757,1.2207810878753662
89,0.5814281105995178,1.203810214996338
90,0.5817413330078125,1.2001527547836304
91,0.5840901732444763,1.2004542350769043
92,0.582680881023407,1.1993051767349243
93,0.5815846920013428,1.199300765991211
94,0.5815846920013428,1.1980468034744263
95,0.5850297808647156,1.2009503841400146
96,0.5800188183784485,1.1988459825515747
97,0.580958366394043,1.2112821340560913
98,0.5811149477958679,1.1976345777511597
99,0.5808017253875732,1.207494854927063
100,0.5800188183784485,1.2022337913513184
101,0.5847165584564209,1.1906501054763794
102,0.5837770104408264,1.191092610359192
103,0.582680881023407,1.1947137117385864
104,0.5782962441444397,1.2005195617675781
105,0.5823676586151123,1.1915981769561768
106,0.5768869519233704,1.2054200172424316
107,0.5854995250701904,1.1917778253555298
108,0.5837770104408264,1.1871280670166016
109,0.5828374624252319,1.1897268295288086
110,0.5818979144096375,1.186279296875
111,0.5829940438270569,1.188293218612671
112,0.5850297808647156,1.1895033121109009
113,0.582524299621582,1.1868174076080322
114,0.5828374624252319,1.1874628067016602
115,0.5811149477958679,1.193877935409546
116,0.580958366394043,1.1889030933380127
117,0.5829940438270569,1.1853587627410889
118,0.5829940438270569,1.1870239973068237
119,0.580958366394043,1.1854853630065918
120,0.5818979144096375,1.1864224672317505
121,0.5828374624252319,1.183760404586792
122,0.5798621773719788,1.1850347518920898
123,0.5808017253875732,1.186011791229248
124,0.5818979144096375,1.1964943408966064
125,0.5839335918426514,1.1833046674728394
126,0.5847165584564209,1.187501072883606
127,0.5768869519233704,1.1856554746627808
128,0.5817413330078125,1.190431833267212
129,0.5795490145683289,1.185455560684204
130,0.5797055959701538,1.2006912231445312
131,0.5858126878738403,1.1819748878479004
132,0.5823676586151123,1.1803832054138184
133,0.5834638476371765,1.1852712631225586
134,0.5806451439857483,1.1851054430007935
135,0.5829940438270569,1.183083176612854
136,0.5812715291976929,1.184061050415039
137,0.5831506252288818,1.1792080402374268
138,0.580958366394043,1.1851279735565186
139,0.5803319811820984,1.1922996044158936
140,0.5811149477958679,1.1803374290466309
141,0.5789226293563843,1.1944756507873535
142,0.5801753997802734,1.2015376091003418
143,0.5695270895957947,1.2154790163040161
144,0.5721891522407532,1.2183126211166382
145,0.5790792107582092,1.1940656900405884
146,0.5814281105995178,1.179610013961792
147,0.5814281105995178,1.1872904300689697
0,0.4217037260532379,3.9276955127716064
1,0.46085187792778015,1.7702584266662598
2,0.5126839876174927,1.5452512502670288
3,0.5421233773231506,1.4411617517471313
4,0.5535546541213989,1.389204502105713
5,0.5530848503112793,1.3632526397705078
6,0.5627936124801636,1.349481225013733
7,0.5612276792526245,1.343685507774353
8,0.5660820603370667,1.335963249206543
9,0.5710930228233337,1.3222354650497437
10,0.5704666376113892,1.3170355558395386
11,0.5706232190132141,1.305044174194336
12,0.5775133371353149,1.2984285354614258
13,0.5740682482719421,1.2965648174285889
14,0.5731287002563477,1.2921059131622314
15,0.5776699185371399,1.2879952192306519
16,0.5775133371353149,1.284847617149353
17,0.5790792107582092,1.2800148725509644
18,0.5789226293563843,1.2712608575820923
19,0.580958366394043,1.2706587314605713
20,0.584559977054596,1.2612874507904053
21,0.5876918435096741,1.258935570716858
22,0.5876918435096741,1.256716012954712
23,0.5939555168151855,1.2471034526824951
24,0.6036642789840698,1.236133098602295
25,0.6113373041152954,1.2194315195083618
26,0.6210460662841797,1.2103941440582275
27,0.6139993667602539,1.2233054637908936
28,0.6290322542190552,1.190807580947876
29,0.6323207020759583,1.1748013496398926
30,0.6332602500915527,1.1692595481872559
31,0.6373316645622253,1.1720300912857056
32,0.637801468372345,1.1628040075302124
33,0.6403069496154785,1.1559330224990845
34,0.6399937272071838,1.1517448425292969
35,0.6435953378677368,1.1419464349746704
36,0.64657062292099,1.1466435194015503
37,0.6428124308586121,1.145753264427185
38,0.6497024893760681,1.1283202171325684
39,0.651894748210907,1.1212825775146484
40,0.6506420373916626,1.1137763261795044
41,0.6511117815971375,1.1243458986282349
42,0.6467272043228149,1.1180683374404907
43,0.6529909372329712,1.1120103597640991
44,0.6537739038467407,1.1039801836013794
45,0.6531475186347961,1.0970336198806763
46,0.6622298955917358,1.0957635641098022
47,0.6617600917816162,1.0888131856918335
48,0.6586282253265381,1.0905689001083374
49,0.6586282253265381,1.0926592350006104
50,0.6595678329467773,1.0904181003570557
51,0.6598809957504272,1.0864944458007812
52,0.6630128622055054,1.0816493034362793
53,0.6575320959091187,1.0788054466247559
54,0.6612903475761414,1.0749250650405884
55,0.655339777469635,1.085892915725708
56,0.6623864769935608,1.0729821920394897
57,0.6570623517036438,1.0742928981781006
58,0.6623864769935608,1.0801899433135986
59,0.6595678329467773,1.0719621181488037
60,0.6673974394798279,1.0575860738754272
61,0.6644221544265747,1.0571287870407104
62,0.6670842170715332,1.0545451641082764
63,0.6594111919403076,1.066196084022522
64,0.6644221544265747,1.0635907649993896
65,0.6678671836853027,1.0507676601409912
66,0.6675540208816528,1.0475372076034546
67,0.6697463393211365,1.0460275411605835
68,0.6647353768348694,1.045398473739624
69,0.6642655730247498,1.047317385673523
70,0.6626996397972107,1.0567859411239624
71,0.6645787954330444,1.0553686618804932
72,0.6661446690559387,1.040594458580017
73,0.6644221544265747,1.0474811792373657
74,0.6663013100624084,1.0465413331985474
75,0.6666144728660583,1.0404483079910278
76,0.6667710542678833,1.0382953882217407
77,0.6681804060935974,1.0335536003112793
78,0.668806791305542,1.0404127836227417
79,0.6652051210403442,1.0385431051254272
80,0.6692765355110168,1.0417206287384033
81,0.6669276356697083,1.039506196975708
82,0.6694331169128418,1.0323199033737183
83,0.6752270460128784,1.0242435932159424
84,0.6730347871780396,1.0161106586456299
85,0.6752270460128784,1.0165327787399292
86,0.6716254353523254,1.014583706855774
87,0.6747573018074036,1.0167735815048218
88,0.6731913685798645,1.0196303129196167
89,0.6659880876541138,1.037880778312683
90,0.6692765355110168,1.031541347503662
91,0.6763232350349426,1.0123857259750366
92,0.6719385981559753,1.0178238153457642
93,0.6678671836853027,1.0134525299072266
94,0.6694331169128418,1.025803565979004
95,0.6714688539505005,1.014787197113037
96,0.6700595021247864,1.0114697217941284
97,0.6799248456954956,1.002038598060608
98,0.6755402684211731,1.0073761940002441
99,0.6749138832092285,1.0065579414367676
100,0.6733479499816895,1.007861852645874
101,0.6727215647697449,1.0029349327087402
102,0.6703726649284363,1.0164716243743896
103,0.677575945854187,0.9964163899421692
104,0.6764798164367676,1.000974416732788
105,0.675696849822998,0.99407958984375
106,0.6763232350349426,1.0005145072937012
107,0.6716254353523254,1.0072482824325562
108,0.6767929792404175,0.9935706257820129
109,0.6747573018074036,0.9920507073402405
110,0.6730347871780396,1.008410930633545
111,0.6772627830505371,0.9966276288032532
112,0.6799248456954956,0.9879176020622253
113,0.6725649833679199,0.994251549243927
114,0.6819605231285095,0.9889707565307617
115,0.6755402684211731,0.9927248954772949
116,0.670685887336731,0.9939756989479065
117,0.6673974394798279,1.0170589685440063
118,0.6684935688972473,1.0085808038711548
119,0.6742874979972839,1.0002995729446411
120,0.6780457496643066,0.984393835067749
121,0.6808643937110901,0.9788616299629211
122,0.6786720752716064,0.980063796043396
123,0.6796116232872009,0.9842646718025208
124,0.677732527256012,0.9800165295600891
125,0.6814907789230347,0.9787141680717468
126,0.6774193644523621,0.9801348447799683
127,0.6788287162780762,0.9797118902206421
128,0.675696849822998,0.9845004081726074
129,0.6778891086578369,0.987087070941925
130,0.6755402684211731,0.9873447418212891
131,0.677732527256012,0.9859374165534973
132,0.6746006608009338,0.9886903166770935
133,0.6821171045303345,0.9732764363288879
134,0.6805512309074402,0.9733442664146423
135,0.677732527256012,0.9745242595672607
136,0.6764798164367676,0.978592574596405
137,0.68117755651474,0.968076765537262
138,0.6813341975212097,0.9712990522384644
139,0.6778891086578369,0.9800280928611755
140,0.6830567121505737,0.9692456722259521
141,0.6767929792404175,0.9655780792236328
142,0.6852489709854126,0.9638063311576843
143,0.6816473603248596,0.9648873805999756
144,0.6788287162780762,0.9631720781326294
145,0.6785154938697815,0.9658617377281189
146,0.674130916595459,0.9746392965316772
147,0.676010012626648,0.9909098148345947
148,0.6747573018074036,0.9764037728309631
149,0.6814907789230347,0.9635624885559082
150,0.6807078123092651,0.9689100384712219
151,0.6766363978385925,0.9571305513381958
152,0.6735045313835144,0.9799729585647583
153,0.679298460483551,0.9640344977378845
154,0.6832132935523987,0.9636825919151306
155,0.681020975112915,0.9698188304901123
156,0.6805512309074402,0.9668803215026855
157,0.684622585773468,0.9581729173660278
158,0.6783589124679565,0.9620354175567627
159,0.6796116232872009,0.9617220163345337
160,0.677732527256012,0.9674069881439209
161,0.676010012626648,0.9770709872245789
0,0.41982463002204895,3.9755566120147705
1,0.4657062292098999,1.7723743915557861
2,0.5191043019294739,1.5318419933319092
3,0.5424365997314453,1.4318959712982178
4,0.5466645956039429,1.3857080936431885
5,0.5559035539627075,1.3662316799163818
6,0.5584090352058411,1.3542133569717407
7,0.5657688975334167,1.33548903465271
8,0.565612256526947,1.3311649560928345
9,0.5629501938819885,1.3273594379425049
10,0.567334771156311,1.3180122375488281
11,0.5699968934059143,1.311535358428955
12,0.5684309601783752,1.3024890422821045
13,0.5732853412628174,1.3000783920288086
14,0.5721891522407532,1.2906090021133423
15,0.5753210186958313,1.285855770111084
16,0.5746946334838867,1.2815524339675903
17,0.5762605667114258,1.2833054065704346
18,0.5782962441444397,1.2764137983322144
19,0.5782962441444397,1.272341251373291
20,0.5770435333251953,1.271435260772705
21,0.5789226293563843,1.2644397020339966
22,0.5801753997802734,1.2605743408203125
23,0.5822110772132874,1.2593680620193481
24,0.5745380520820618,1.2597367763519287
25,0.5737550854682922,1.268168330192566
26,0.5804885625839233,1.258866310119629
27,0.579235851764679,1.2511345148086548
28,0.5779830813407898,1.2528589963912964
29,0.5773566961288452,1.2494044303894043
30,0.5828374624252319,1.245179533958435
31,0.5822110772132874,1.2398970127105713
32,0.5790792107582092,1.2416856288909912
33,0.5786094665527344,1.2411781549453735
34,0.580958366394043,1.236724853515625
35,0.5781396627426147,1.2373623847961426
36,0.5786094665527344,1.2370617389678955
37,0.5812715291976929,1.2330948114395142
38,0.5778264999389648,1.246032476425171
39,0.5767303705215454,1.2378926277160645
40,0.5836204290390015,1.2293241024017334
41,0.5811149477958679,1.227433443069458
42,0.5797055959701538,1.2288455963134766
43,0.5790792107582092,1.2342073917388916
44,0.5793924331665039,1.227753758430481
45,0.5848731398582458,1.224671721458435
46,0.5817413330078125,1.221736192703247
47,0.580958366394043,1.2247751951217651
48,0.5784528851509094,1.226772665977478
49,0.5812715291976929,1.2199825048446655
50,0.5811149477958679,1.2188174724578857
51,0.582524299621582,1.2191063165664673
52,0.580958366394043,1.2168689966201782
53,0.5815846920013428,1.217275857925415
54,0.5831506252288818,1.213185429573059
55,0.5831506252288818,1.2165277004241943
56,0.5808017253875732,1.213704228401184
57,0.5833072066307068,1.2234222888946533
58,0.5822110772132874,1.2176450490951538
59,0.5848731398582458,1.2077865600585938
60,0.5804885625839233,1.2082775831222534
61,0.5848731398582458,1.2117749452590942
62,0.5773566961288452,1.2155768871307373
63,0.5793924331665039,1.2136669158935547
64,0.582524299621582,1.2065248489379883
65,0.5808017253875732,1.2050234079360962
66,0.5836204290390015,1.2063590288162231
67,0.5828374624252319,1.2046157121658325
68,0.5815846920013428,1.2031792402267456
69,0.5829940438270569,1.202607274055481
70,0.582524299621582,1.2043061256408691
71,0.5800188183784485,1.2066563367843628
72,0.5831506252288818,1.2039004564285278
73,0.5803319811820984,1.2099473476409912
74,0.5803319811820984,1.206262469291687
75,0.5818979144096375,1.2086130380630493
76,0.5797055959701538,1.2057923078536987
77,0.5875352621078491,1.2019779682159424
78,0.584559977054596,1.1988258361816406
79,0.5812715291976929,1.2012790441513062
80,0.5750078558921814,1.2140374183654785
81,0.5867522954940796,1.1996574401855469
82,0.580958366394043,1.2085808515548706
83,0.5748512148857117,1.2286880016326904
84,0.5768869519233704,1.2219960689544678
85,0.5778264999389648,1.2095544338226318
86,0.5775133371353149,1.2079397439956665
87,0.584559977054596,1.1931155920028687
88,0.582524299621582,1.1985480785369873
89,0.5781396627426147,1.2022035121917725
90,0.5814281105995178,1.1979695558547974
91,0.5801753997802734,1.1946313381195068
92,0.5831506252288818,1.196120023727417
93,0.5811149477958679,1.1921547651290894
94,0.5808017253875732,1.2018333673477173
95,0.5812715291976929,1.194130778312683
96,0.5836204290390015,1.191597580909729
97,0.5822110772132874,1.1880724430084229
98,0.5806451439857483,1.194970726966858
99,0.5833072066307068,1.1937010288238525
100,0.5806451439857483,1.1964797973632812
101,0.5820544958114624,1.1989942789077759
102,0.5803319811820984,1.1932519674301147
103,0.5847165584564209,1.1857056617736816
104,0.5823676586151123,1.1895129680633545
105,0.5798621773719788,1.1952290534973145
106,0.5798621773719788,1.2047725915908813
107,0.5773566961288452,1.2025961875915527
108,0.5833072066307068,1.190911054611206
109,0.5822110772132874,1.1837220191955566
110,0.5812715291976929,1.1885881423950195
111,0.5828374624252319,1.1880571842193604
112,0.5848731398582458,1.1812875270843506
113,0.5814281105995178,1.1834174394607544
114,0.5820544958114624,1.1854134798049927
115,0.582680881023407,1.1845922470092773
116,0.5820544958114624,1.188405990600586
117,0.5817413330078125,1.18540358543396
118,0.5804885625839233,1.1914057731628418
119,0.582524299621582,1.1889957189559937
120,0.5801753997802734,1.1841703653335571
121,0.5829940438270569,1.181878685951233
122,0.5820544958114624,1.178981065750122
123,0.5834638476371765,1.1869969367980957
124,0.5786094665527344,1.1901566982269287
125,0.5829940438270569,1.1781717538833618
126,0.582524299621582,1.182870626449585
127,0.5818979144096375,1.1924835443496704
128,0.5808017253875732,1.1789945363998413
129,0.5789226293563843,1.1865452527999878
130,0.5833072066307068,1.184551477432251
131,0.58628249168396,1.1761564016342163
132,0.5815846920013428,1.1760168075561523
133,0.582680881023407,1.1793848276138306
134,0.5834638476371765,1.1789698600769043
135,0.5803319811820984,1.1778461933135986
136,0.5836204290390015,1.178011178970337
137,0.5840901732444763,1.1768230199813843
138,0.5833072066307068,1.1720552444458008
139,0.5854995250701904,1.1727343797683716
140,0.5811149477958679,1.1802010536193848
141,0.5795490145683289,1.1926695108413696
142,0.5789226293563843,1.1855918169021606
143,0.5773566961288452,1.1921881437301636
144,0.5696836709976196,1.2111817598342896
145,0.5754776000976562,1.2119933366775513
146,0.5768869519233704,1.1894035339355469
147,0.5829940438270569,1.1800734996795654
148,0.5781396627426147,1.1893788576126099
0,0.39971816539764404,3.9696311950683594
1,0.4744011163711548,1.7739431858062744
2,0.5169876217842102,1.525931477546692
3,0.5461092591285706,1.4317600727081299
4,0.5508063435554504,1.3871184587478638
5,0.5545639395713806,1.3625762462615967
6,0.5608266592025757,1.3519887924194336
7,0.5622357726097107,1.343785285949707
8,0.5720995664596558,1.3333874940872192
9,0.5638014674186707,1.3274531364440918
10,0.5700641870498657,1.3114265203475952
11,0.5714733004570007,1.3096941709518433
12,0.5738218426704407,1.3086696863174438
13,0.5716298818588257,1.3024617433547974
14,0.5728824138641357,1.2984693050384521
15,0.5727258324623108,1.291427731513977
16,0.5789885520935059,1.2867013216018677
17,0.5780491828918457,1.2832382917404175
18,0.5777360200881958,1.2874616384506226
19,0.5775794386863708,1.2818347215652466
20,0.5807108283042908,1.2699556350708008
21,0.5811805129051208,1.2713605165481567
22,0.5883826613426208,1.2558051347732544
23,0.5913574695587158,1.2512516975402832
24,0.595115065574646,1.245336651802063
25,0.6041960120201111,1.230779767036438
26,0.6098324656486511,1.2203596830368042
27,0.6184437274932861,1.2040170431137085
28,0.6225144863128662,1.1986345052719116
29,0.6304994225502014,1.1891391277313232
30,0.6314388513565063,1.175873875617981
31,0.6272115111351013,1.1720771789550781
32,0.6405197978019714,1.161615252494812
33,0.6366056203842163,1.1605466604232788
34,0.6358227729797363,1.1479285955429077
35,0.6455299854278564,1.1418477296829224
36,0.6449037194252014,1.135695457458496
37,0.6413026452064514,1.1406042575836182
38,0.6406763792037964,1.1433789730072021
39,0.6453734040260315,1.1282187700271606
40,0.6497573256492615,1.1176509857177734
41,0.6478785276412964,1.1156166791915894
42,0.6483482122421265,1.1116266250610352
43,0.6535149812698364,1.105806589126587
44,0.6519492864608765,1.1011871099472046
45,0.6508532762527466,1.1053491830825806
46,0.6533583998680115,1.0996830463409424
47,0.6588382720947266,1.099273681640625
48,0.6380147337913513,1.12453293800354
49,0.6488178968429565,1.1055924892425537
50,0.6585251092910767,1.0875818729400635
51,0.6541412472724915,1.0881482362747192
52,0.6539846658706665,1.0915416479110718
53,0.6541412472724915,1.091059923171997
54,0.6580554246902466,1.0787776708602905
55,0.6597777009010315,1.0733469724655151
56,0.6569594740867615,1.0804272890090942
57,0.6528886556625366,1.0753878355026245
58,0.6619696021080017,1.0784599781036377
59,0.6552371978759766,1.0781059265136719
60,0.6625959277153015,1.0659233331680298
61,0.6533583998680115,1.08729088306427
62,0.6710505485534668,1.0579252243041992
63,0.6591513752937317,1.059030294418335
64,0.6668232083320618,1.0532869100570679
65,0.6613433361053467,1.050355076789856
66,0.6682323217391968,1.0495641231536865
67,0.6646313071250916,1.0498151779174805
68,0.6672929525375366,1.0469419956207275
69,0.6685454845428467,1.0446234941482544
70,0.6704242825508118,1.0459703207015991
71,0.6690151691436768,1.0405983924865723
72,0.6665101051330566,1.0444618463516235
73,0.6580554246902466,1.0518437623977661
74,0.6655706763267517,1.0453976392745972
75,0.6721465587615967,1.0345726013183594
76,0.6682323217391968,1.030111312866211
77,0.6704242825508118,1.0304949283599854
78,0.6651009917259216,1.040504813194275
79,0.6566463112831116,1.0672742128372192
80,0.6547675132751465,1.0529910326004028
81,0.6611868143081665,1.0422184467315674
82,0.6660404205322266,1.0408780574798584
83,0.6655706763267517,1.032403826713562
84,0.6727728247642517,1.0284792184829712
85,0.6699545979499817,1.018538475036621
86,0.6674495339393616,1.022438406944275
87,0.6704242825508118,1.0251266956329346
88,0.6710505485534668,1.0159380435943604
89,0.6773132681846619,1.0181503295898438
90,0.6712071299552917,1.0146042108535767
91,0.6718333959579468,1.0110036134719849
92,0.6715202927589417,1.0178343057632446
93,0.6708940267562866,1.013420820236206
94,0.6682323217391968,1.0163788795471191
95,0.6640049815177917,1.0279203653335571
96,0.6727728247642517,1.0147192478179932
97,0.6716768145561218,1.0139189958572388
98,0.6668232083320618,1.0209732055664062
99,0.6665101051330566,1.0174086093902588
100,0.6774698495864868,1.0083929300308228
101,0.6733990907669067,1.008028268814087
102,0.6710505485534668,1.015285849571228
103,0.6668232083320618,1.0168261528015137
104,0.6707374453544617,1.0033551454544067
105,0.6748082041740417,1.0019092559814453
106,0.6724596619606018,1.005491018295288
107,0.6723031401634216,1.00120210647583
108,0.6705808639526367,0.9934629201889038
109,0.6752778887748718,0.991752028465271
110,0.6713637113571167,0.9992289543151855
111,0.6759041547775269,1.0042277574539185
112,0.6663535237312317,1.0124249458312988
113,0.6735556721687317,1.010925531387329
114,0.6732425093650818,0.9989997148513794
115,0.6796618103981018,0.9881259202957153
116,0.6719899773597717,0.9946039319038391
117,0.6724596619606018,0.9950655102729797
118,0.6704242825508118,0.9944888353347778
119,0.6715202927589417,1.003498911857605
120,0.6751213669776917,0.9888933300971985
121,0.6708940267562866,0.9898093342781067
122,0.6785658597946167,0.9861803650856018
123,0.6727728247642517,0.9876282811164856
124,0.6782526969909668,0.9818432927131653
125,0.6748082041740417,0.986469030380249
126,0.6759041547775269,0.9872199296951294
127,0.6708940267562866,0.9899630546569824
128,0.6710505485534668,0.999014139175415
129,0.6770001649856567,0.9796910881996155
130,0.6779395937919617,0.978987991809845
131,0.6816971898078918,0.9767971038818359
132,0.6755910515785217,0.9769803881645203
133,0.6751213669776917,0.9811244606971741
134,0.6779395937919617,0.9784286022186279
135,0.6799749732017517,0.9721652269363403
136,0.6787223815917969,0.9702968001365662
137,0.6690151691436768,0.9835424423217773
138,0.6768435835838318,0.9862799048423767
139,0.6748082041740417,0.9730955958366394
140,0.6759041547775269,0.9733964204788208
141,0.6759041547775269,0.9768516421318054
142,0.6757476329803467,0.97144615650177
143,0.6697980165481567,0.9907446503639221
144,0.6809143424034119,0.9728888273239136
145,0.6812275052070618,0.9719943404197693
146,0.6785658597946167,0.9674585461616516
147,0.6793486475944519,0.9638546705245972
148,0.6793486475944519,0.9642158150672913
149,0.6809143424034119,0.967564582824707
150,0.6765304803848267,0.9707777500152588
151,0.6723031401634216,0.9672497510910034
152,0.6845154166221619,0.961332380771637
153,0.6737122535705566,0.9767959117889404
154,0.6749647855758667,0.9812905192375183
155,0.6802880764007568,0.9628397226333618
156,0.6795052289962769,0.9598551988601685
157,0.6815406084060669,0.9566523432731628
158,0.6770001649856567,0.9788610339164734
159,0.6802880764007568,0.9606949090957642
160,0.6807577610015869,0.9610164165496826
161,0.6801314949989319,0.9593127369880676
162,0.6796618103981018,0.9588878154754639
163,0.6832628846168518,0.9536564946174622
164,0.6759041547775269,0.9664878845214844
165,0.6776264309883118,0.9696618318557739
166,0.6759041547775269,0.9633557200431824
167,0.6823234558105469,0.953388512134552
168,0.6788789629936218,0.9632434248924255
169,0.6806012392044067,0.9575130343437195
170,0.6795052289962769,0.951055645942688
171,0.6787223815917969,0.9638771414756775
172,0.6834194660186768,0.9512341022491455
173,0.6824800372123718,0.9466750025749207
174,0.6809143424034119,0.9587998390197754
175,0.6834194660186768,0.9529631733894348
176,0.6871770620346069,0.9470618367195129
177,0.6857679486274719,0.9457380771636963
178,0.6807577610015869,0.9474676847457886
179,0.6852982640266418,0.9501766562461853
180,0.6829497218132019,0.9493473172187805
181,0.6895256042480469,0.9542041420936584
182,0.6779395937919617,0.9482490420341492
183,0.6837325692176819,0.9447956085205078
184,0.6860811114311218,0.9464285969734192
185,0.6793486475944519,0.9453322887420654
186,0.6821668744087219,0.9442180395126343
187,0.6876468062400818,0.9470995664596558
188,0.6801314949989319,0.9471731781959534
189,0.6865507960319519,0.9433238506317139
190,0.6848285794258118,0.9409025311470032
191,0.6759041547775269,0.9495148658752441
192,0.6887427568435669,0.9433483481407166
193,0.6787223815917969,0.9554972052574158
194,0.6854548454284668,0.9367985725402832
195,0.6818537712097168,0.9391391277313232
196,0.6865507960319519,0.9402616024017334
197,0.6718333959579468,0.9557357430458069
198,0.6845154166221619,0.9453578591346741
199,0.6851416826248169,0.9520270228385925
200,0.6749647855758667,0.9573871493339539
201,0.6787223815917969,0.9477809071540833
202,0.6816971898078918,0.9403055310249329
203,0.6821668744087219,0.9415245652198792
204,0.6804446578025818,0.942405641078949
0,0.42711758613586426,3.915597677230835
1,0.46218881011009216,1.7692086696624756
2,0.5133865475654602,1.5372458696365356
3,0.5418819189071655,1.434383749961853
4,0.5514326095581055,1.3857007026672363
5,0.5575387477874756,1.367618203163147
6,0.5622357726097107,1.3508809804916382
7,0.5628620386123657,1.3406059741973877
8,0.5667762756347656,1.3284215927124023
9,0.5681853890419006,1.3196890354156494
10,0.5700641870498657,1.3123657703399658
11,0.5695945024490356,1.3070740699768066
12,0.5686550736427307,1.3057469129562378
13,0.5727258324623108,1.2962415218353271
14,0.5736652612686157,1.289730191230774
15,0.5739783644676208,1.2864387035369873
16,0.5706904530525208,1.292240023612976
17,0.5746046900749207,1.2892382144927979
18,0.5767965912818909,1.276837944984436
19,0.5785188674926758,1.2750518321990967
20,0.5782057046890259,1.2698103189468384
21,0.5818067789077759,1.2611726522445679
22,0.5786754488945007,1.2604012489318848
23,0.5782057046890259,1.257260799407959
24,0.5857210159301758,1.2501177787780762
25,0.5882260799407959,1.2435134649276733
26,0.5913574695587158,1.246054768562317
27,0.600908100605011,1.2335788011550903
28,0.6032566428184509,1.230002522468567
29,0.6104587316513062,1.214766025543213
30,0.6189134120941162,1.2032647132873535
31,0.6189134120941162,1.192549705505371
32,0.6319085359573364,1.17570161819458
33,0.6333176493644714,1.1669620275497437
34,0.6373884677886963,1.1580101251602173
35,0.6373884677886963,1.1533321142196655
36,0.6398935317993164,1.1468478441238403
37,0.6508532762527466,1.1389906406402588
38,0.6438077092170715,1.1383168697357178
39,0.6444340348243713,1.13706636428833
40,0.6444340348243713,1.1239781379699707
41,0.6456865668296814,1.122360348701477
42,0.6477219462394714,1.1169748306274414
43,0.6499139070510864,1.1153194904327393
44,0.6527321338653564,1.1196184158325195
45,0.6444340348243713,1.120985507965088
46,0.6514795422554016,1.112204670906067
47,0.6535149812698364,1.1046231985092163
48,0.6560200452804565,1.0950016975402832
49,0.6514795422554016,1.0960972309112549
50,0.6478785276412964,1.1103976964950562
51,0.6516361236572266,1.1013202667236328
52,0.6566463112831116,1.0912343263626099
53,0.6535149812698364,1.0944437980651855
54,0.6555503606796265,1.0841283798217773
55,0.6530452370643616,1.0913461446762085
56,0.6618130803108215,1.0692839622497559
57,0.6622827649116516,1.0683211088180542
58,0.6619696021080017,1.0648356676101685
59,0.6599342226982117,1.0766406059265137
60,0.6624393463134766,1.0683726072311401
61,0.6669797897338867,1.0619672536849976
62,0.6640049815177917,1.0556739568710327
63,0.6607170701026917,1.0538073778152466
64,0.6661969423294067,1.0526636838912964
65,0.6636918783187866,1.054625391960144
66,0.6672929525375366,1.0461457967758179
67,0.6651009917259216,1.0442359447479248
68,0.6710505485534668,1.0430082082748413
69,0.6647878289222717,1.0387450456619263
70,0.6674495339393616,1.0483508110046387
71,0.6602473855018616,1.0458621978759766
72,0.6672929525375366,1.0527580976486206
73,0.6652575731277466,1.0484356880187988
74,0.6657272577285767,1.043110966682434
75,0.6643181443214417,1.0419694185256958
76,0.6663535237312317,1.034568428993225
77,0.6674495339393616,1.0380810499191284
78,0.6705808639526367,1.0323212146759033
79,0.6654140949249268,1.0408860445022583
80,0.6641615629196167,1.0283892154693604
81,0.6708940267562866,1.0263254642486572
82,0.6721465587615967,1.024171233177185
83,0.6658838391304016,1.0332255363464355
84,0.6644747257232666,1.0329114198684692
85,0.6668232083320618,1.0391216278076172
86,0.6635352969169617,1.0464720726013184
87,0.6578988432884216,1.0460293292999268
88,0.6632221937179565,1.0553854703903198
89,0.6632221937179565,1.032175064086914
90,0.6752778887748718,1.0145622491836548
91,0.6708940267562866,1.0131282806396484
92,0.6668232083320618,1.0199403762817383
93,0.6729294061660767,1.0190436840057373
94,0.6647878289222717,1.022079586982727
95,0.6730859279632568,1.0168215036392212
96,0.6713637113571167,1.0108829736709595
97,0.6699545979499817,1.010575771331787
98,0.6744950413703918,1.004201054573059
99,0.6751213669776917,1.0004616975784302
100,0.6682323217391968,1.011764645576477
101,0.6666666865348816,1.0173462629318237
102,0.6782526969909668,0.9978697896003723
103,0.6765304803848267,0.9949592351913452
104,0.6694849133491516,1.0050747394561768
105,0.6705808639526367,1.009768009185791
106,0.6708940267562866,1.004830241203308
107,0.6726162433624268,0.9973069429397583
108,0.6752778887748718,0.9926397800445557
109,0.6762173175811768,0.9904984831809998
110,0.6749647855758667,0.9909534454345703
111,0.6759041547775269,0.9899448752403259
112,0.6735556721687317,0.9981386661529541
113,0.6763738989830017,0.9990735054016113
114,0.6762173175811768,0.9901007413864136
115,0.6696414351463318,1.0099362134933472
116,0.6713637113571167,0.9954550266265869
117,0.6755910515785217,1.0046555995941162
118,0.6688586473464966,0.9924823641777039
119,0.6746516227722168,0.9928672909736633
120,0.6677626371383667,1.0073771476745605
121,0.6730859279632568,1.0058956146240234
0,0.39924848079681396,3.9741270542144775
1,0.45796146988868713,1.787992238998413
2,0.49960857629776,1.5564631223678589
3,0.5384374260902405,1.4489595890045166
4,0.5508063435554504,1.395660400390625
5,0.5512760281562805,1.3777765035629272
6,0.5644277334213257,1.353893756866455
7,0.5658368468284607,1.3439357280731201
8,0.5667762756347656,1.3401845693588257
9,0.5667762756347656,1.3267220258712769
10,0.5738218426704407,1.3164442777633667
11,0.5791451334953308,1.3121944665908813
12,0.5744481086730957,1.3082127571105957
13,0.5767965912818909,1.2989015579223633
14,0.5722561478614807,1.2936112880706787
15,0.5771097540855408,1.2889404296875
16,0.5752309560775757,1.286712408065796
17,0.5766400694847107,1.2790453433990479
18,0.5767965912818909,1.2757344245910645
19,0.5818067789077759,1.2750917673110962
20,0.5802411437034607,1.26924467086792
21,0.5854078531265259,1.2588551044464111
22,0.5861907005310059,1.2537260055541992
23,0.590731143951416,1.2472790479660034
24,0.6013777852058411,1.2384099960327148
25,0.6088930368423462,1.2318342924118042
26,0.612337589263916,1.217530608177185
27,0.609519362449646,1.217561960220337
28,0.6178174614906311,1.2066526412963867
29,0.6261155605316162,1.1982266902923584
30,0.6287772059440613,1.1848628520965576
31,0.6336308121681213,1.1680271625518799
32,0.6359793543815613,1.1634445190429688
33,0.6383278369903564,1.1591603755950928
34,0.6387975811958313,1.1578863859176636
35,0.6317520141601562,1.157570481300354
36,0.6413026452064514,1.1682894229888916
37,0.6314388513565063,1.1737711429595947
38,0.6408329606056213,1.1461639404296875
39,0.6470956802368164,1.1351219415664673
40,0.6494441628456116,1.1344349384307861
41,0.6452168226242065,1.1287213563919067
42,0.6491310596466064,1.1298702955245972
43,0.6491310596466064,1.1222888231277466
44,0.6511664390563965,1.1182018518447876
45,0.6416158080101013,1.1265146732330322
46,0.6511664390563965,1.1132965087890625
47,0.6521058678627014,1.1021960973739624
48,0.6459996700286865,1.1167528629302979
49,0.6539846658706665,1.0968035459518433
50,0.6535149812698364,1.092299222946167
51,0.6538280844688416,1.092733383178711
52,0.6597777009010315,1.086179494857788
53,0.6580554246902466,1.079724907875061
54,0.6538280844688416,1.0868114233016968
55,0.6568028926849365,1.0897072553634644
56,0.6575857400894165,1.0840330123901367
57,0.6619696021080017,1.0798183679580688
58,0.6625959277153015,1.0766212940216064
59,0.6594645380973816,1.0806288719177246
60,0.6588382720947266,1.0774884223937988
61,0.6651009917259216,1.0766302347183228
62,0.6525755524635315,1.0776623487472534
63,0.6582120060920715,1.0696256160736084
64,0.6621261835098267,1.061692476272583
65,0.6585251092910767,1.0705794095993042
66,0.6640049815177917,1.0591235160827637
67,0.6672929525375366,1.0523086786270142
68,0.6564897298812866,1.0677601099014282
69,0.6569594740867615,1.074338674545288
70,0.6516361236572266,1.0789326429367065
71,0.6582120060920715,1.0763229131698608
72,0.6633787155151367,1.0505284070968628
73,0.6669797897338867,1.0445760488510132
74,0.6672929525375366,1.0433056354522705
75,0.6669797897338867,1.0398956537246704
76,0.6672929525375366,1.0382211208343506
77,0.6611868143081665,1.040809154510498
78,0.6636918783187866,1.046297311782837
79,0.6647878289222717,1.043069839477539
80,0.6674495339393616,1.0308486223220825
81,0.6669797897338867,1.0351437330245972
82,0.6658838391304016,1.0313955545425415
83,0.6655706763267517,1.039805293083191
84,0.6655706763267517,1.0373436212539673
85,0.6669797897338867,1.0373362302780151
86,0.6701111793518066,1.0343877077102661
87,0.6665101051330566,1.0359735488891602
88,0.6668232083320618,1.0353971719741821
89,0.6663535237312317,1.028061866760254
90,0.6702677607536316,1.019633412361145
91,0.6699545979499817,1.0230646133422852
92,0.6704242825508118,1.0212548971176147
93,0.6713637113571167,1.018578052520752
94,0.6741819381713867,1.012418270111084
95,0.6726162433624268,1.0111823081970215
96,0.6729294061660767,1.0114632844924927
97,0.6690151691436768,1.0106525421142578
98,0.6730859279632568,1.0100901126861572
99,0.6712071299552917,1.015324592590332
100,0.6690151691436768,1.022068977355957
101,0.6622827649116516,1.0257437229156494
102,0.6630656123161316,1.0324798822402954
103,0.6652575731277466,1.021972417831421
104,0.6708940267562866,1.0111535787582397
105,0.6679192185401917,1.0169299840927124
106,0.6713637113571167,1.0157737731933594
107,0.6719899773597717,1.0084058046340942
108,0.6729294061660767,1.0110756158828735
109,0.6724596619606018,1.0072288513183594
110,0.6705808639526367,1.011061668395996
111,0.6751213669776917,0.9988906383514404
112,0.6677626371383667,1.003387689590454
113,0.6677626371383667,1.0115560293197632
114,0.6710505485534668,1.0065189599990845
115,0.6691717505455017,1.0048226118087769
116,0.6726162433624268,0.9968022108078003
117,0.6759041547775269,0.993474543094635
118,0.6716768145561218,1.0070523023605347
119,0.6713637113571167,0.9994813799858093
120,0.6718333959579468,0.9963525533676147
121,0.6751213669776917,0.998572826385498
122,0.6687020659446716,1.000160813331604
123,0.6733990907669067,1.0018460750579834
124,0.6738687753677368,0.9944753050804138
125,0.6752778887748718,0.9839207530021667
126,0.6735556721687317,0.9945799112319946
127,0.6760607361793518,0.9818973541259766
128,0.6748082041740417,0.991474449634552
129,0.6738687753677368,0.9945687651634216
130,0.6710505485534668,0.999135434627533
131,0.6696414351463318,1.0058915615081787
132,0.6674495339393616,0.9913145899772644
133,0.6715202927589417,0.98907071352005
134,0.6757476329803467,0.9897441267967224
135,0.6693283319473267,0.9939765930175781
136,0.6746516227722168,0.9897599816322327
137,0.6765304803848267,0.9831368923187256
0,0.4274307191371918,3.9471495151519775
1,0.4565523862838745,1.7811976671218872
2,0.5028964877128601,1.5470221042633057
3,0.5390637516975403,1.4422051906585693
4,0.5512760281562805,1.3954403400421143
5,0.5567559003829956,1.3684425354003906
6,0.5688116550445557,1.353776216506958
7,0.5605135560035706,1.3453419208526611
8,0.5664631128311157,1.3325310945510864
9,0.5674025416374207,1.3266096115112305
10,0.5694379210472107,1.3180681467056274
11,0.5681853890419006,1.3102083206176758
12,0.5713167190551758,1.3170034885406494
13,0.5713167190551758,1.3037161827087402
14,0.5736652612686157,1.2949202060699463
15,0.5714733004570007,1.296112298965454
16,0.5750743746757507,1.2924383878707886
17,0.5744481086730957,1.2859244346618652
18,0.5753874778747559,1.288912057876587
19,0.5627055168151855,1.3141844272613525
20,0.5730389952659607,1.2935585975646973
21,0.5763269066810608,1.274918556213379
22,0.5793017148971558,1.269338846206665
23,0.5775794386863708,1.2685434818267822
24,0.5760138034820557,1.2677273750305176
25,0.5772663354873657,1.2648919820785522
26,0.5753874778747559,1.268613576889038
27,0.5791451334953308,1.2605936527252197
28,0.5810239315032959,1.25692617893219
29,0.5799279808998108,1.2534680366516113
30,0.5767965912818909,1.2549294233322144
31,0.5785188674926758,1.253343939781189
32,0.5777360200881958,1.2536379098892212
33,0.5786754488945007,1.249926209449768
34,0.5802411437034607,1.2502915859222412
35,0.5772663354873657,1.251261591911316
36,0.5761703252792358,1.2480273246765137
37,0.5800845623016357,1.242256999015808
38,0.5796148180961609,1.2446826696395874
39,0.5808674097061157,1.2418922185897827
40,0.5747612118721008,1.248274564743042
41,0.5789885520935059,1.2399325370788574
42,0.5794582962989807,1.2398370504379272
43,0.5818067789077759,1.2346464395523071
44,0.5778926014900208,1.2399811744689941
45,0.5796148180961609,1.2429957389831543
46,0.5788320302963257,1.236390233039856
47,0.5785188674926758,1.2383931875228882
48,0.5788320302963257,1.2361465692520142
49,0.5810239315032959,1.234819769859314
50,0.5782057046890259,1.2386530637741089
51,0.5767965912818909,1.2401103973388672
52,0.5808674097061157,1.2252036333084106
53,0.5791451334953308,1.2266075611114502
54,0.5813370943069458,1.2233721017837524
55,0.5807108283042908,1.2251968383789062
56,0.5803976655006409,1.2228742837905884
57,0.5797713994979858,1.2249393463134766
58,0.5811805129051208,1.224424958229065
59,0.5810239315032959,1.2212656736373901
60,0.5780491828918457,1.2315796613693237
61,0.5810239315032959,1.2207800149917603
62,0.5800845623016357,1.2201656103134155
63,0.5764834880828857,1.2303334474563599
64,0.5794582962989807,1.2337610721588135
65,0.5782057046890259,1.2253533601760864
66,0.5810239315032959,1.2196547985076904
67,0.5797713994979858,1.2188422679901123
68,0.5802411437034607,1.2167383432388306
69,0.5802411437034607,1.2175885438919067
70,0.5814936757087708,1.215254783630371
71,0.5788320302963257,1.2167749404907227
72,0.5802411437034607,1.2161935567855835
73,0.5720995664596558,1.249619722366333
74,0.5782057046890259,1.2214852571487427
75,0.5772663354873657,1.2156598567962646
76,0.5755440592765808,1.2261135578155518
77,0.5775794386863708,1.2161986827850342
78,0.5755440592765808,1.222460389137268
79,0.5780491828918457,1.2208149433135986
80,0.5810239315032959,1.217339277267456
