epoch,loss,mse
0,19.965452194213867,17.73281478881836
1,4.438839435577393,2.7269272804260254
2,2.743351936340332,1.642335295677185
3,2.192211866378784,1.2646363973617554
4,1.959632158279419,1.1685450077056885
5,1.8090986013412476,1.0801470279693604
6,1.7010798454284668,1.0244207382202148
7,1.612410545349121,0.9786191582679749
8,1.5334843397140503,0.9353086352348328
9,1.4633190631866455,0.896630048751831
10,1.4010885953903198,0.8609926104545593
11,1.3446362018585205,0.8298583030700684
12,1.2971621751785278,0.8036839962005615
13,1.253840446472168,0.7808632850646973
14,1.2194188833236694,0.7661194205284119
15,1.1890146732330322,0.7518647313117981
16,1.1652835607528687,0.7449074387550354
17,1.1443692445755005,0.7383825778961182
18,1.1243082284927368,0.7316665053367615
19,1.1095563173294067,0.728586733341217
20,1.0973436832427979,0.7287152409553528
21,1.085856556892395,0.7260290384292603
22,1.0742357969284058,0.7259896993637085
23,1.0647603273391724,0.7226665616035461
24,1.0572469234466553,0.7238761186599731
25,1.048661470413208,0.7227622866630554
26,1.0418245792388916,0.7202836871147156
27,1.0362149477005005,0.7224188446998596
28,1.0301252603530884,0.7213886976242065
29,1.0210154056549072,0.7161477208137512
30,1.0179967880249023,0.7203346490859985
31,1.0112569332122803,0.7163521647453308
32,1.0071312189102173,0.7168798446655273
33,1.0064946413040161,0.7188521027565002
34,1.0023187398910522,0.7192052006721497
35,0.992476224899292,0.7148058414459229
36,0.9946264028549194,0.7179440259933472
37,0.9882615208625793,0.7168166041374207
38,0.9794960021972656,0.7109940648078918
39,0.9769352674484253,0.7095123529434204
40,0.9721682667732239,0.7080942392349243
41,0.9716220498085022,0.7092623710632324
42,0.968612015247345,0.7101886868476868
43,0.9642567038536072,0.7098755836486816
44,0.9664551615715027,0.7147156596183777
45,0.9572415947914124,0.7066195011138916
46,0.9553734660148621,0.7064288258552551
47,0.9516671895980835,0.7059982419013977
48,0.9501606822013855,0.7047384977340698
49,0.9466484189033508,0.7061604261398315
50,0.9445200562477112,0.7046204209327698
51,0.9401594996452332,0.7030730843544006
52,0.9381572008132935,0.7032772898674011
53,0.9379348158836365,0.7045087218284607
54,0.9325007200241089,0.7011930346488953
55,0.9330503344535828,0.7028040289878845
56,0.9296935200691223,0.7017769813537598
57,0.9253650903701782,0.6973580121994019
58,0.9252018928527832,0.7020378708839417
59,0.9217987656593323,0.6980143189430237
60,0.9195147752761841,0.6986392736434937
61,0.9190648198127747,0.6978847980499268
62,0.9179124236106873,0.700414776802063
63,0.9141146540641785,0.696667492389679
64,0.913204550743103,0.6987802982330322
65,0.9148437976837158,0.7022292613983154
66,0.9108434915542603,0.6980148553848267
67,0.9098655581474304,0.6993714570999146
68,0.9067042469978333,0.6967722773551941
69,0.9038512110710144,0.697547972202301
70,0.8987900614738464,0.6931628584861755
71,0.8980868458747864,0.69097501039505
72,0.8966057896614075,0.6937893033027649
73,0.8949949145317078,0.6927543878555298
74,0.8959121108055115,0.6943355798721313
75,0.8971557021141052,0.6983000040054321
76,0.8935750126838684,0.6944056749343872
77,0.8919590711593628,0.6937735080718994
78,0.891174852848053,0.6942535042762756
79,0.8895846009254456,0.6952426433563232
80,0.8884653449058533,0.6932844519615173
81,0.882826566696167,0.6892043948173523
82,0.8842361569404602,0.6918348073959351
83,0.8845237493515015,0.6939427852630615
84,0.8848124742507935,0.6950600743293762
85,0.8915975689888,0.7006530165672302
86,0.8876339197158813,0.7012957334518433
87,0.8831483125686646,0.6953815221786499
88,0.8792717456817627,0.6934463977813721
89,0.8785214424133301,0.695037841796875
90,0.874034583568573,0.6888530850410461
91,0.880325973033905,0.6968855261802673
92,0.879971981048584,0.6990674138069153
93,0.8739669322967529,0.6929872632026672
94,0.8703670501708984,0.687826931476593
95,0.8693466782569885,0.6906833648681641
96,0.8696861863136292,0.6903126835823059
97,0.8701435923576355,0.6921510100364685
98,0.8761041760444641,0.6990483999252319
99,0.8682998418807983,0.6908023357391357
100,0.8667585253715515,0.6929137110710144
101,0.8700049519538879,0.6946494579315186
102,0.8620326519012451,0.68881756067276
103,0.861836850643158,0.6879561543464661
104,0.8620777726173401,0.6877122521400452
105,0.862803041934967,0.6912758946418762
106,0.8634690642356873,0.6924821138381958
107,0.869143009185791,0.6981675624847412
108,0.8716338872909546,0.7029774785041809
109,0.867618203163147,0.6981995105743408
110,0.8649441003799438,0.6954103112220764
111,0.8605015277862549,0.6938766837120056
112,0.8616670966148376,0.6938627362251282
113,0.8523792028427124,0.6857500076293945
114,0.8618888854980469,0.6971632242202759
115,0.8517726063728333,0.6841825842857361
116,0.8524707555770874,0.6867288947105408
117,0.8568758368492126,0.6932426691055298
118,0.8497453927993774,0.6874014139175415
119,0.8494196534156799,0.6856858134269714
120,0.8538629412651062,0.6905326843261719
121,0.8606040477752686,0.700066864490509
122,0.8476200699806213,0.6845486760139465
123,0.8514493107795715,0.6900987029075623
124,0.850300669670105,0.6931695938110352
125,0.8498876094818115,0.6873020529747009
126,0.8458582758903503,0.6880216002464294
127,0.845944881439209,0.6868164539337158
128,0.8469003438949585,0.6871823668479919
129,0.8480175137519836,0.6897525191307068
130,0.8470414876937866,0.6929672956466675
131,0.8505879044532776,0.6913753747940063
132,0.8520083427429199,0.6954968571662903
133,0.8437345027923584,0.6901208758354187
134,0.845620334148407,0.6892213821411133
135,0.8544344305992126,0.7014992237091064
136,0.8423332571983337,0.6865331530570984
137,0.8437414169311523,0.6903808116912842
138,0.8341260552406311,0.6817864179611206
139,0.8334857821464539,0.6806996464729309
140,0.8353346586227417,0.6820123195648193
141,0.8373146653175354,0.6865766048431396
142,0.8386638760566711,0.6886177062988281
143,0.835878312587738,0.6849472522735596
144,0.8458030819892883,0.694826066493988
145,0.8483526706695557,0.6994293928146362
146,0.8538644313812256,0.7042135000228882
147,0.8404309749603271,0.691969633102417
148,0.8339787721633911,0.6854076981544495
149,0.8336518406867981,0.6863458156585693
0,18.200698852539062,15.929686546325684
1,4.8358869552612305,3.1814634799957275
2,2.980086088180542,1.806276559829712
3,2.2851905822753906,1.2715424299240112
4,2.0223915576934814,1.1207756996154785
5,1.8697304725646973,1.0509330034255981
6,1.747482419013977,0.9852241277694702
7,1.6520103216171265,0.9417349100112915
8,1.562708854675293,0.9020865559577942
9,1.478350281715393,0.8578718304634094
10,1.4093906879425049,0.8262227177619934
11,1.3482506275177002,0.8030687570571899
12,1.2967365980148315,0.781466543674469
13,1.2512757778167725,0.7648597955703735
14,1.2160463333129883,0.7565551996231079
15,1.1811062097549438,0.7444602847099304
16,1.1584030389785767,0.7409549951553345
17,1.1352097988128662,0.736760139465332
18,1.1141313314437866,0.732378363609314
19,1.0977030992507935,0.7303110957145691
20,1.0869123935699463,0.732948362827301
21,1.071306824684143,0.7268643975257874
22,1.0610028505325317,0.7285900712013245
23,1.0532420873641968,0.7278681397438049
24,1.0487836599349976,0.7335085272789001
25,1.0357553958892822,0.7280195951461792
26,1.0288617610931396,0.7265928387641907
27,1.0210622549057007,0.7240860462188721
28,1.0142579078674316,0.7234885096549988
29,1.0075247287750244,0.7211998105049133
30,1.0051898956298828,0.7247446179389954
31,1.0008255243301392,0.720943033695221
32,0.9965474605560303,0.7250228524208069
33,0.9924651980400085,0.721085786819458
34,0.9874471426010132,0.7199890613555908
35,0.9810529351234436,0.7177457809448242
36,0.9767706394195557,0.7162215113639832
37,0.9765341877937317,0.7182170152664185
38,0.9733372330665588,0.7180184721946716
39,0.9690658450126648,0.7170296907424927
40,0.9709547758102417,0.7223694324493408
41,0.9675346612930298,0.7191709876060486
42,0.9668457508087158,0.7233630418777466
43,0.9560479521751404,0.7157889008522034
44,0.951449453830719,0.7115252614021301
45,0.9546961188316345,0.7160776853561401
46,0.9468415975570679,0.7109912037849426
47,0.9420469999313354,0.70918208360672
48,0.9442530274391174,0.7128727436065674
49,0.9396597146987915,0.7128137946128845
50,0.9363883137702942,0.7087521553039551
51,0.9343289136886597,0.7085171937942505
52,0.9323117136955261,0.7092289924621582
53,0.9279563426971436,0.705849289894104
54,0.9243483543395996,0.7042578458786011
55,0.9291664361953735,0.7131558060646057
56,0.919818103313446,0.702109158039093
57,0.9196650981903076,0.7022271752357483
58,0.9186908006668091,0.7063461542129517
59,0.9111890196800232,0.6993812322616577
60,0.9143815636634827,0.7052714824676514
61,0.9101694226264954,0.7021434903144836
62,0.9123141169548035,0.7021894454956055
63,0.9107688665390015,0.7052165269851685
64,0.9048940539360046,0.7007566094398499
65,0.9048081040382385,0.7013097405433655
66,0.9035274982452393,0.703331470489502
67,0.9057072997093201,0.7048521637916565
68,0.9030067920684814,0.7036373615264893
69,0.8974568247795105,0.6987541913986206
70,0.8987295627593994,0.7039011716842651
71,0.9000678658485413,0.7050473093986511
72,0.8955144882202148,0.7013976573944092
73,0.8923164010047913,0.7007251381874084
74,0.8955486416816711,0.7037349939346313
75,0.8873471021652222,0.6965687870979309
76,0.8904027342796326,0.702710747718811
77,0.887249231338501,0.7015247941017151
78,0.9043703675270081,0.7169466018676758
79,0.8862594962120056,0.7024707794189453
80,0.880672812461853,0.6960111856460571
81,0.8772812485694885,0.6944751143455505
82,0.8826538920402527,0.7022349834442139
83,0.879569947719574,0.6983901262283325
84,0.8789671659469604,0.6973516941070557
85,0.8724029064178467,0.6931619644165039
86,0.8747726082801819,0.6970982551574707
87,0.8765377402305603,0.700454592704773
88,0.8737831115722656,0.6968303918838501
89,0.8714408874511719,0.6951764822006226
90,0.868533194065094,0.6926929950714111
91,0.8686448335647583,0.6942389011383057
92,0.8809655904769897,0.7091650366783142
93,0.8727149367332458,0.6996481418609619
94,0.868036687374115,0.6972770094871521
95,0.8668766021728516,0.6984046697616577
96,0.8596649169921875,0.6894863843917847
97,0.8589164018630981,0.6914903521537781
98,0.8637691736221313,0.695915699005127
99,0.8636313080787659,0.6970952749252319
100,0.8797101378440857,0.7143468260765076
101,0.8835921883583069,0.720755934715271
102,0.8691157698631287,0.7056599855422974
103,0.8735955357551575,0.7105934023857117
104,0.8675955533981323,0.7047677636146545
105,0.8583377003669739,0.6967265009880066
106,0.8613970875740051,0.7002958655357361
107,0.8728814125061035,0.7106139659881592
108,0.8533505201339722,0.6949488520622253
109,0.8627004027366638,0.7038809061050415
110,0.8653496503829956,0.7059140205383301
111,0.8578687310218811,0.6999262571334839
112,0.8797378540039062,0.7227310538291931
113,0.8552046418190002,0.6986417174339294
114,0.8473356366157532,0.6906597018241882
115,0.847330629825592,0.6930426955223083
116,0.8514577746391296,0.6968339085578918
117,0.852869987487793,0.697709858417511
118,0.84496009349823,0.6905291676521301
119,0.8429193496704102,0.6908750534057617
120,0.8524944186210632,0.6988542079925537
121,0.8459577560424805,0.694301962852478
122,0.841133713722229,0.6911136507987976
123,0.8377546668052673,0.6848506927490234
124,0.8439346551895142,0.6938455700874329
125,0.8460995554924011,0.6968498229980469
126,0.8405742049217224,0.6906632781028748
127,0.8412430882453918,0.6919643878936768
128,0.8355703353881836,0.6879104375839233
129,0.8364353179931641,0.6892930865287781
130,0.8350450396537781,0.6887463331222534
131,0.8591495752334595,0.7128857374191284
132,0.840951144695282,0.6962339282035828
133,0.8347693085670471,0.6884782314300537
134,0.8314250707626343,0.686859130859375
135,0.8296017646789551,0.6843400001525879
136,0.831773579120636,0.689118504524231
137,0.8347632884979248,0.6899632215499878
138,0.8316124081611633,0.6895171403884888
139,0.8285389542579651,0.6858587861061096
140,0.827374279499054,0.6855860948562622
141,0.8286034464836121,0.6854234933853149
142,0.8231022357940674,0.6833533644676208
143,0.8336261510848999,0.6932082176208496
144,0.8481578230857849,0.7094167470932007
145,0.8358291387557983,0.6983705163002014
146,0.8238347768783569,0.6838552951812744
147,0.8322504758834839,0.6940563917160034
148,0.8228657841682434,0.6852197051048279
149,0.8241292238235474,0.6865954399108887
150,0.8223616480827332,0.6842020750045776
151,0.8222347497940063,0.686665415763855
152,0.8277746438980103,0.6916160583496094
153,0.8253029584884644,0.6896064877510071
154,0.8220012784004211,0.6880591511726379
155,0.8256068229675293,0.6881341934204102
156,0.8194889426231384,0.685657262802124
157,0.8160544633865356,0.6830852627754211
158,0.816909909248352,0.6818686127662659
159,0.8194521069526672,0.6860119700431824
160,0.8136718273162842,0.6819005012512207
161,0.8135490417480469,0.6791099309921265
162,0.8149620294570923,0.6832930445671082
163,0.8154261112213135,0.6841328740119934
164,0.812415361404419,0.6816452145576477
165,0.8115148544311523,0.6811584830284119
166,0.8105887174606323,0.6802294850349426
167,0.8092458844184875,0.6796422600746155
168,0.8140822052955627,0.683335542678833
169,0.8151950836181641,0.6866742372512817
170,0.8083540201187134,0.6782592535018921
171,0.8105857968330383,0.6830900311470032
172,0.8203235268592834,0.6919999718666077
173,0.8107814788818359,0.6834385991096497
174,0.8063064217567444,0.6796801686286926
175,0.8175814747810364,0.6902657747268677
176,0.8135569095611572,0.6875518560409546
177,0.8240520358085632,0.6997175812721252
178,0.8185104727745056,0.6930719017982483
179,0.8141084313392639,0.6881183385848999
180,0.8136175274848938,0.6886969208717346
181,0.8067819476127625,0.6816360950469971
182,0.8077220320701599,0.6822516918182373
183,0.8096545934677124,0.6868304014205933
184,0.8066120147705078,0.6835229992866516
0,20.086315155029297,17.96152114868164
1,4.563399791717529,2.904715061187744
2,2.90989351272583,1.77742338180542
3,2.2507243156433105,1.2590936422348022
4,1.9774061441421509,1.0961588621139526
5,1.8307254314422607,1.0263084173202515
6,1.7177199125289917,0.9670740365982056
7,1.6206247806549072,0.9226658344268799
8,1.5355870723724365,0.8831234574317932
9,1.460040807723999,0.848966121673584
10,1.392015814781189,0.8177753686904907
11,1.33206045627594,0.7921679615974426
12,1.2814825773239136,0.771265983581543
13,1.235492467880249,0.7545397281646729
14,1.1987484693527222,0.7445274591445923
15,1.1672970056533813,0.7353923916816711
16,1.1440134048461914,0.7318130135536194
17,1.1201711893081665,0.7275876402854919
18,1.1036913394927979,0.7277075052261353
19,1.0884006023406982,0.7254108190536499
20,1.0755696296691895,0.7261147499084473
21,1.060939908027649,0.7244369387626648
22,1.0470061302185059,0.7202872633934021
23,1.0384896993637085,0.7199184894561768
24,1.0267971754074097,0.7186323404312134
25,1.0194404125213623,0.7174142003059387
26,1.014210820198059,0.7211897969245911
27,1.0021926164627075,0.7149795293807983
28,1.0001636743545532,0.7189518809318542
29,0.993718147277832,0.7185457944869995
30,0.9837669730186462,0.7134059071540833
31,0.9847326874732971,0.7196696996688843
32,0.9735358357429504,0.7141749262809753
33,0.9692182540893555,0.7125416398048401
34,0.9639557003974915,0.7096118927001953
35,0.9576917290687561,0.7082855105400085
36,0.9534505009651184,0.7070764303207397
37,0.9548977017402649,0.7123154997825623
38,0.9486295580863953,0.7099816799163818
39,0.9598928093910217,0.7218816876411438
40,0.9582018852233887,0.7270653247833252
41,0.9448986649513245,0.714842677116394
42,0.9337680339813232,0.7052952647209167
43,0.9293879866600037,0.7022412419319153
44,0.9294847249984741,0.705045223236084
45,0.9239451885223389,0.7016712427139282
46,0.9288098812103271,0.7072253227233887
47,0.9285227060317993,0.7115343809127808
48,0.9235309362411499,0.7077077627182007
49,0.9148649573326111,0.7017185688018799
50,0.9176857471466064,0.7066049575805664
51,0.9113775491714478,0.6993722319602966
52,0.9251724481582642,0.7174270749092102
53,0.9366534352302551,0.7297534346580505
54,0.9142179489135742,0.7091278433799744
55,0.9033030867576599,0.6994026303291321
56,0.905017614364624,0.7041318416595459
57,0.8997785449028015,0.6978204846382141
58,0.897907555103302,0.696593165397644
59,0.906261146068573,0.7075991034507751
60,0.8993933200836182,0.702519953250885
61,0.9042633175849915,0.7092485427856445
62,0.8957720398902893,0.6988316178321838
63,0.8956695795059204,0.7001174688339233
64,0.9020711183547974,0.7094615697860718
65,0.8884871602058411,0.6977599263191223
66,0.8894191980361938,0.6998224258422852
67,0.8892732262611389,0.6995781064033508
68,0.8888986706733704,0.6991462111473083
69,0.8834800124168396,0.6973423957824707
70,0.8772569298744202,0.6914631128311157
71,0.8804518580436707,0.6976235508918762
72,0.878083348274231,0.6933741569519043
73,0.879494309425354,0.6939460039138794
74,0.8736295700073242,0.6923319697380066
75,0.8888311982154846,0.7073457837104797
76,0.8870376944541931,0.7085483074188232
77,0.8811128735542297,0.7039883136749268
78,0.8816214799880981,0.7044978737831116
79,0.874553382396698,0.6958779096603394
80,0.8755391836166382,0.6998259425163269
81,0.8715566396713257,0.6962770819664001
82,0.8725821375846863,0.697365403175354
83,0.8731094002723694,0.7011831402778625
84,0.8651584982872009,0.690904438495636
85,0.8871708512306213,0.7128722667694092
86,0.8677347302436829,0.6967191696166992
87,0.8740323781967163,0.7037384510040283
88,0.8732612729072571,0.7027863264083862
89,0.8641532063484192,0.6948968768119812
90,0.8618069887161255,0.6926067471504211
91,0.871736466884613,0.7034980058670044
92,0.8825960159301758,0.715993344783783
93,0.8753265142440796,0.7111237049102783
94,0.8700888752937317,0.7049258947372437
95,0.8616349697113037,0.6975062489509583
96,0.8594971299171448,0.6942957043647766
97,0.8565827012062073,0.6943691968917847
98,0.8547001481056213,0.6918284893035889
99,0.8529263138771057,0.6902521252632141
100,0.8535752892494202,0.6942179799079895
101,0.8501457571983337,0.6890087127685547
102,0.8510463237762451,0.6903365850448608
103,0.8537610769271851,0.6920256614685059
104,0.8599335551261902,0.7018904685974121
105,0.8534345626831055,0.6961876153945923
106,0.8504112362861633,0.6915895342826843
107,0.8476429581642151,0.6904590725898743
108,0.8496525287628174,0.6919782757759094
109,0.849297285079956,0.6966617107391357
110,0.8460419178009033,0.6889272928237915
111,0.8469001054763794,0.694261908531189
112,0.8427156209945679,0.6847342252731323
113,0.8576281070709229,0.7053669691085815
114,0.8437451720237732,0.6901195049285889
115,0.8499712944030762,0.6978417038917542
116,0.8659155964851379,0.7137753367424011
117,0.8554277420043945,0.7052953243255615
118,0.8438535332679749,0.6902353167533875
119,0.8489552736282349,0.699263870716095
120,0.8435123562812805,0.6937896013259888
121,0.8401214480400085,0.6912214159965515
122,0.8426812291145325,0.6933993697166443
123,0.8364815711975098,0.6902669668197632
124,0.8378594517707825,0.6893038749694824
125,0.8512396216392517,0.7046144604682922
126,0.8398669362068176,0.6946496367454529
127,0.8319684863090515,0.6841815114021301
128,0.8328084945678711,0.688274621963501
129,0.8328788876533508,0.6874490976333618
130,0.8389337062835693,0.6937413215637207
131,0.8404788970947266,0.6957541108131409
132,0.8371226191520691,0.6921497583389282
133,0.8326519131660461,0.6900544762611389
134,0.835881233215332,0.6944406032562256
135,0.8322921991348267,0.690255880355835
136,0.8425441980361938,0.6999561190605164
137,0.8314502239227295,0.6898937821388245
138,0.8269848823547363,0.6872954368591309
139,0.8323516845703125,0.6904704570770264
140,0.8312596082687378,0.6912901997566223
141,0.8234494924545288,0.6844526529312134
142,0.8245789408683777,0.6855000257492065
143,0.823990523815155,0.6844329833984375
144,0.8237785696983337,0.6857674717903137
145,0.8247116804122925,0.6870965957641602
146,0.8293697834014893,0.6906147003173828
147,0.8310149908065796,0.6933407187461853
148,0.8204768300056458,0.6838909387588501
149,0.8202576041221619,0.6830520033836365
150,0.8223246335983276,0.6861217617988586
151,0.8202513456344604,0.6850458383560181
152,0.8212512731552124,0.6849901080131531
153,0.826686680316925,0.6920555830001831
154,0.8210245966911316,0.689157247543335
155,0.8275133967399597,0.6924455165863037
156,0.8223810195922852,0.6875542998313904
157,0.8297121524810791,0.6969093680381775
158,0.8210335969924927,0.6870863437652588
159,0.8167876601219177,0.6848555207252502
160,0.8210757970809937,0.6888288855552673
161,0.8225038051605225,0.6902928948402405
162,0.8155832886695862,0.6831048727035522
163,0.815338671207428,0.6839076280593872
164,0.835766077041626,0.7043558955192566
165,0.8192317485809326,0.6886699199676514
166,0.8169872760772705,0.6858959794044495
167,0.8191528916358948,0.688065230846405
168,0.8214650750160217,0.6935909986495972
169,0.8140097856521606,0.684201717376709
170,0.8118240833282471,0.6825985908508301
171,0.8162501454353333,0.6888008117675781
172,0.809388279914856,0.6811772584915161
173,0.8107442259788513,0.6824744343757629
174,0.8158010840415955,0.6860918998718262
175,0.8121331930160522,0.6865644454956055
176,0.8089455962181091,0.6807674169540405
177,0.8064454793930054,0.6789681315422058
178,0.8080430030822754,0.6836085319519043
179,0.8096873760223389,0.6826655864715576
180,0.8108751773834229,0.6838076114654541
181,0.8111398816108704,0.6877037882804871
182,0.8114628791809082,0.68421471118927
183,0.806353747844696,0.6815792322158813
184,0.8158965110778809,0.6907978653907776
185,0.8178391456604004,0.6933399438858032
186,0.8063653111457825,0.6839839220046997
187,0.8096801042556763,0.6848111748695374
188,0.8081840872764587,0.6845688819885254
189,0.8086915612220764,0.685086190700531
190,0.8175244331359863,0.693788468837738
191,0.8098574876785278,0.6894804239273071
192,0.813647985458374,0.691079318523407
193,0.8076539039611816,0.684589147567749
0,23.114641189575195,21.009716033935547
1,4.678280830383301,3.000465154647827
2,3.0573599338531494,1.9609659910202026
3,2.2530171871185303,1.2721247673034668
4,1.9765267372131348,1.1421468257904053
5,1.8170543909072876,1.0397095680236816
6,1.7040663957595825,0.987672746181488
7,1.6140480041503906,0.9455034732818604
8,1.5342727899551392,0.9056674242019653
9,1.4624574184417725,0.8720706105232239
10,1.395074486732483,0.8407500982284546
11,1.3350921869277954,0.8141915798187256
12,1.2837077379226685,0.7927943468093872
13,1.2367600202560425,0.7714377045631409
14,1.1990500688552856,0.7549088597297668
15,1.1708977222442627,0.7478225231170654
16,1.1455345153808594,0.7384408712387085
17,1.1245721578598022,0.733063280582428
18,1.105798363685608,0.7260783314704895
19,1.0910526514053345,0.7249460816383362
20,1.0805809497833252,0.725231409072876
21,1.0686535835266113,0.7242184281349182
22,1.0630548000335693,0.7307385206222534
23,1.0503767728805542,0.7232974767684937
24,1.042202115058899,0.7229905128479004
25,1.0282188653945923,0.718460738658905
26,1.0195801258087158,0.7175382375717163
27,1.013540506362915,0.7145068049430847
28,1.0063072443008423,0.7139653563499451
29,1.002236008644104,0.7166581749916077
30,0.994719386100769,0.713991641998291
31,0.9884827733039856,0.7113433480262756
32,0.9855573773384094,0.7123414278030396
33,0.9831622242927551,0.7149055600166321
34,0.9748859405517578,0.7122871279716492
35,0.9661201238632202,0.70566725730896
36,0.9625074863433838,0.707188606262207
37,0.9613059163093567,0.7091235518455505
38,0.9543218612670898,0.704384446144104
39,0.9484187960624695,0.703205943107605
40,0.9540517926216125,0.7106722593307495
41,0.9466993808746338,0.7094029784202576
42,0.9552575945854187,0.717216432094574
43,0.9417257308959961,0.7072540521621704
44,0.9401072263717651,0.7064183950424194
45,0.9347279071807861,0.7039501667022705
46,0.9304966926574707,0.7051594853401184
47,0.9275893568992615,0.7029851675033569
48,0.9224206805229187,0.6983495950698853
49,0.9177223443984985,0.6983554363250732
50,0.9179354310035706,0.6985777020454407
51,0.9207778573036194,0.7047913670539856
52,0.9142779111862183,0.6986458897590637
53,0.9092313647270203,0.6962063312530518
54,0.9088887572288513,0.697380006313324
55,0.9124087691307068,0.7014682292938232
56,0.916418194770813,0.7081448435783386
57,0.9224085211753845,0.716138482093811
58,0.9170337319374084,0.7127872705459595
59,0.902546763420105,0.70108562707901
60,0.8987025022506714,0.6951632499694824
61,0.896172285079956,0.6954163312911987
62,0.8943869471549988,0.6953272819519043
63,0.8891650438308716,0.6920040845870972
64,0.8931278586387634,0.6957310438156128
65,0.8942656517028809,0.6986214518547058
66,0.8958796262741089,0.700295090675354
67,0.8876779675483704,0.6963802576065063
68,0.885521650314331,0.6936212778091431
69,0.8833510279655457,0.6922522187232971
70,0.8807114958763123,0.6914083957672119
71,0.8878573179244995,0.6975530982017517
72,0.8853010535240173,0.6995394229888916
73,0.8796359896659851,0.6931116580963135
74,0.8815004825592041,0.6959789991378784
75,0.8787780404090881,0.694878339767456
76,0.8728967905044556,0.6900723576545715
77,0.8722450733184814,0.6902791857719421
78,0.8776237368583679,0.695712149143219
79,0.8751287460327148,0.6956636309623718
80,0.868696928024292,0.6889622211456299
81,0.8705384731292725,0.6939087510108948
82,0.8748193979263306,0.697141706943512
83,0.8732510209083557,0.6956474781036377
84,0.8739036917686462,0.69743412733078
85,0.8663765788078308,0.6920312643051147
86,0.8611523509025574,0.6880893707275391
87,0.8635087013244629,0.6908804774284363
88,0.8698911666870117,0.6972571611404419
89,0.8616587519645691,0.6894629001617432
90,0.8636149168014526,0.692941427230835
91,0.868577241897583,0.699349045753479
92,0.8568682074546814,0.6851332783699036
93,0.857293963432312,0.6902861595153809
94,0.8581861257553101,0.6903051137924194
95,0.8623937368392944,0.694206714630127
96,0.8729649782180786,0.7097961902618408
97,0.8532635569572449,0.6878642439842224
98,0.854722797870636,0.6890040636062622
99,0.8642515540122986,0.7014389634132385
100,0.8538380861282349,0.6897174715995789
101,0.8575105667114258,0.6943889856338501
102,0.8532112240791321,0.692410409450531
103,0.8516552448272705,0.6885343194007874
104,0.8516655564308167,0.6929722428321838
105,0.8476979732513428,0.6876974701881409
106,0.8511596322059631,0.6924829483032227
107,0.8597457408905029,0.7003840208053589
108,0.8470280170440674,0.6897826194763184
109,0.8442798852920532,0.6867313981056213
110,0.8470308780670166,0.6883605718612671
111,0.8421595096588135,0.684321939945221
112,0.845503568649292,0.6889820694923401
113,0.849480926990509,0.6933518052101135
114,0.8441154360771179,0.689308226108551
115,0.8544502258300781,0.6999174356460571
116,0.8438697457313538,0.6905549168586731
117,0.8451440930366516,0.6906206607818604
118,0.8556097149848938,0.7026651501655579
119,0.843230128288269,0.6901668310165405
120,0.8434828519821167,0.6923890113830566
121,0.8456334471702576,0.6946096420288086
0,26.584247589111328,24.58412742614746
1,5.690835952758789,4.087245941162109
2,2.9492125511169434,1.8765252828598022
3,2.246420383453369,1.3410598039627075
4,1.9714854955673218,1.1947890520095825
5,1.8104994297027588,1.084068775177002
6,1.6901274919509888,1.0202471017837524
7,1.5942567586898804,0.9689949154853821
8,1.5120733976364136,0.9235129356384277
9,1.4386969804763794,0.8827757835388184
10,1.3736810684204102,0.8476030826568604
11,1.3190851211547852,0.817381739616394
12,1.2696410417556763,0.79167240858078
13,1.2281575202941895,0.7695044875144958
14,1.1964547634124756,0.7568259239196777
15,1.1683889627456665,0.7451213002204895
16,1.1437597274780273,0.738149881362915
17,1.1246981620788574,0.7333149909973145
18,1.1046231985092163,0.7261395454406738
19,1.0913828611373901,0.7260074019432068
20,1.0767956972122192,0.7229758501052856
21,1.0655555725097656,0.722084641456604
22,1.0539358854293823,0.7195573449134827
23,1.0438941717147827,0.7203527688980103
24,1.041856050491333,0.7249741554260254
25,1.0361831188201904,0.7268025279045105
26,1.0219396352767944,0.7194320559501648
27,1.0195527076721191,0.723297119140625
28,1.0068861246109009,0.7161498665809631
29,1.0000373125076294,0.7158582210540771
30,1.0017744302749634,0.7249414324760437
31,0.9912689924240112,0.7153060436248779
32,0.9811742305755615,0.7118613719940186
33,0.9774519801139832,0.7104527354240417
34,0.9752809405326843,0.710359513759613
35,0.9699455499649048,0.712458610534668
36,0.9617310166358948,0.7055241465568542
37,0.9588334560394287,0.7074599862098694
38,0.9552361965179443,0.706498920917511
39,0.9528350830078125,0.7095158100128174
40,0.9499085545539856,0.7089433073997498
41,0.9646325707435608,0.7295131087303162
42,0.9450032711029053,0.7116663455963135
43,0.929843008518219,0.702519416809082
44,0.9254888892173767,0.6996058225631714
45,0.9205639958381653,0.6975246071815491
46,0.9264460206031799,0.706312358379364
47,0.9140806198120117,0.6989180445671082
48,0.9074960947036743,0.6982338428497314
49,0.9059029221534729,0.6978106498718262
50,0.9048627018928528,0.6985487341880798
51,0.8971405625343323,0.6966733336448669
52,0.8958433270454407,0.698462724685669
53,0.9013093709945679,0.7049855589866638
54,0.893580973148346,0.7048882246017456
55,0.8898277282714844,0.7003200054168701
56,0.8935586810112,0.7080659866333008
57,0.8788554072380066,0.694930911064148
58,0.8785571455955505,0.6976614594459534
59,0.874596118927002,0.6957300305366516
60,0.8703048229217529,0.6956399083137512
61,0.8719481825828552,0.699925422668457
62,0.868764340877533,0.6931467652320862
63,0.9006032347679138,0.731386125087738
64,0.8887133002281189,0.7230331301689148
65,0.878436803817749,0.7139573097229004
66,0.8554030060768127,0.6896680593490601
67,0.8507552146911621,0.6863896250724792
68,0.8544111251831055,0.6923752427101135
69,0.8623826503753662,0.7000033855438232
70,0.8582860231399536,0.7010299563407898
71,0.8510384559631348,0.690052330493927
72,0.8547146916389465,0.6985739469528198
73,0.8454766273498535,0.688227653503418
74,0.8585958480834961,0.7038137912750244
75,0.8575329184532166,0.7039393186569214
76,0.8587168455123901,0.7071478366851807
77,0.8448230624198914,0.6896618008613586
78,0.8393160700798035,0.6895111799240112
79,0.8414400815963745,0.6908495426177979
80,0.8402603268623352,0.6890316605567932
81,0.8431541919708252,0.6968570351600647
82,0.8350139260292053,0.688754141330719
83,0.8326358795166016,0.6854234933853149
84,0.840792715549469,0.6958269476890564
85,0.8381561636924744,0.6946154236793518
86,0.8301383852958679,0.6849028468132019
87,0.8274477124214172,0.6843361258506775
88,0.8306050300598145,0.6873173117637634
89,0.834869921207428,0.6925044655799866
90,0.8275614976882935,0.6873024106025696
91,0.8212610483169556,0.6805475354194641
92,0.8251208662986755,0.6868400573730469
93,0.825419545173645,0.6885161399841309
94,0.821723461151123,0.6834269762039185
95,0.8255561590194702,0.6885501146316528
96,0.8268916606903076,0.6894897222518921
97,0.8249599933624268,0.6893689632415771
98,0.8183960914611816,0.6847469210624695
99,0.8523736000061035,0.7189363241195679
100,0.8178508281707764,0.6840241551399231
101,0.8179016709327698,0.6843572854995728
102,0.8194354772567749,0.688307523727417
103,0.8129085898399353,0.6820611357688904
104,0.8109833002090454,0.6795544028282166
105,0.8201732039451599,0.6893308758735657
106,0.8164102435112,0.686768114566803
107,0.8221563100814819,0.6926385760307312
108,0.8102222084999084,0.6818069219589233
109,0.8121898174285889,0.6832413673400879
110,0.8157066106796265,0.6859832406044006
111,0.8037198185920715,0.6779899597167969
112,0.8106396794319153,0.6848605871200562
113,0.8175329566001892,0.6910188794136047
114,0.8045544028282166,0.6794251799583435
115,0.8058212399482727,0.6802193522453308
116,0.8010632395744324,0.6761870384216309
117,0.8042822480201721,0.6793736815452576
118,0.805228590965271,0.6824615597724915
119,0.8068723082542419,0.6840987205505371
120,0.7991103529930115,0.6762179732322693
121,0.8084825873374939,0.6861740946769714
122,0.8111487030982971,0.6889361143112183
123,0.8027602434158325,0.6806340217590332
124,0.8108232021331787,0.6917626857757568
125,0.8097192049026489,0.6894351840019226
126,0.8016802668571472,0.6817761659622192
127,0.7987714409828186,0.6801590919494629
128,0.7989779710769653,0.6801350116729736
129,0.7972052097320557,0.6799319982528687
130,0.8024134039878845,0.6827676892280579
131,0.8050731420516968,0.6890514492988586
132,0.8015232086181641,0.6843228340148926
133,0.7947503924369812,0.6769713163375854
134,0.7966219782829285,0.6817318201065063
135,0.8015265464782715,0.6855500936508179
136,0.7935476899147034,0.6770331263542175
137,0.7929785251617432,0.677643895149231
138,0.7927415370941162,0.6779650449752808
139,0.7925736904144287,0.677146852016449
140,0.7932287454605103,0.6802486777305603
141,0.7984024882316589,0.6835845112800598
142,0.8013060688972473,0.6883667707443237
143,0.7951970100402832,0.6826856732368469
144,0.7883713841438293,0.6757957935333252
145,0.7898025512695312,0.6764029264450073
146,0.7875762581825256,0.6756464242935181
147,0.7896956205368042,0.6780495643615723
148,0.7913376688957214,0.6805286407470703
149,0.7901545763015747,0.6785425543785095
150,0.7984923124313354,0.686408519744873
151,0.7897986769676208,0.6813069581985474
152,0.7915709614753723,0.6804418563842773
153,0.787371039390564,0.6779225468635559
154,0.7885222434997559,0.6782374978065491
155,0.7929952144622803,0.6843333840370178
156,0.7848971486091614,0.6770486831665039
157,0.787216067314148,0.6776492595672607
158,0.7874389886856079,0.6797681450843811
159,0.7894648909568787,0.6810715794563293
160,0.7899985909461975,0.6831362843513489
161,0.7885378003120422,0.6798334121704102
162,0.7995364665985107,0.6927924156188965
163,0.7974306344985962,0.6918169856071472
164,0.7827509045600891,0.6760864853858948
165,0.7899221777915955,0.682502269744873
166,0.783164918422699,0.6775504946708679
167,0.7808704972267151,0.6754383444786072
168,0.7794697284698486,0.6741081476211548
169,0.777851939201355,0.6727121472358704
170,0.7767634391784668,0.6719226837158203
171,0.7758364081382751,0.6708516478538513
172,0.7798165082931519,0.6740872263908386
173,0.7818306684494019,0.676368772983551
174,0.7878701686859131,0.6854706406593323
175,0.7774463891983032,0.6741998195648193
176,0.7834451198577881,0.6807202696800232
177,0.7816066741943359,0.6783393621444702
178,0.7765225768089294,0.6732349991798401
179,0.7771861553192139,0.6743832230567932
180,0.7760298252105713,0.6727553009986877
181,0.7799274325370789,0.6783101558685303
0,27.691558837890625,25.6114501953125
1,6.743887901306152,5.098922252655029
2,3.1318697929382324,1.944488286972046
3,2.2997145652770996,1.3561007976531982
4,2.008852243423462,1.158851146697998
5,1.8603832721710205,1.08196222782135
6,1.7540210485458374,1.026840090751648
7,1.6627922058105469,0.9781275987625122
8,1.5864794254302979,0.9338924884796143
9,1.5176972150802612,0.8955905437469482
10,1.4566963911056519,0.8648036122322083
11,1.400012493133545,0.8378625512123108
12,1.3512295484542847,0.8091341853141785
13,1.3092135190963745,0.7910918593406677
14,1.272862434387207,0.7768319845199585
15,1.2430500984191895,0.7637906670570374
16,1.2134582996368408,0.7512598633766174
17,1.1920114755630493,0.7460339665412903
18,1.1738945245742798,0.7435021996498108
19,1.1565234661102295,0.736944854259491
20,1.1414397954940796,0.7362765669822693
21,1.1293203830718994,0.7342157959938049
22,1.1184208393096924,0.7355453968048096
23,1.1075174808502197,0.7321463227272034
24,1.098772644996643,0.7333497405052185
25,1.0894052982330322,0.730780303478241
26,1.0807374715805054,0.7285367250442505
27,1.0740611553192139,0.7315768003463745
28,1.0665398836135864,0.7285935282707214
29,1.0600241422653198,0.7299728393554688
30,1.0540882349014282,0.7305232882499695
31,1.0449355840682983,0.7256495356559753
32,1.0385792255401611,0.7239306569099426
33,1.0319879055023193,0.7221423387527466
34,1.025516390800476,0.7192763090133667
35,1.0223686695098877,0.7190942168235779
36,1.014512300491333,0.7194074988365173
37,1.0107179880142212,0.7184298038482666
38,1.0066838264465332,0.716120183467865
39,1.0045750141143799,0.7210558652877808
40,0.997542142868042,0.7160518169403076
41,0.998460054397583,0.7209509611129761
42,0.9917630553245544,0.7167949676513672
43,0.9854198694229126,0.7119878530502319
44,0.9883204102516174,0.7221196293830872
45,0.987932026386261,0.721108615398407
46,0.9801088571548462,0.71748286485672
47,0.9699692726135254,0.7078152298927307
48,0.9723444581031799,0.7158262729644775
49,0.9694843888282776,0.7126596570014954
50,0.9642850756645203,0.7118245959281921
51,0.9607940316200256,0.7117670178413391
52,0.956369936466217,0.7079131603240967
53,0.9531973600387573,0.7067430019378662
54,0.9509691596031189,0.7060443162918091
55,0.9521530866622925,0.7092642188072205
56,0.9438493251800537,0.7032424211502075
57,0.9472507834434509,0.708341121673584
58,0.9429313540458679,0.7073318362236023
59,0.9421565532684326,0.7080713510513306
60,0.9453641772270203,0.711966872215271
61,0.9408375024795532,0.7092100381851196
62,0.9343631267547607,0.7039504647254944
63,0.9316401481628418,0.7023511528968811
64,0.929337203502655,0.7041658759117126
65,0.9249465465545654,0.701856255531311
66,0.9333617687225342,0.7110700607299805
67,0.9245386719703674,0.7026122808456421
68,0.9204826354980469,0.7014032602310181
69,0.923005223274231,0.7045536041259766
70,0.9174810647964478,0.6984544396400452
71,0.9204772710800171,0.7063944935798645
72,0.9162487387657166,0.7026599645614624
73,0.9103361368179321,0.6960893273353577
74,0.9133989810943604,0.7040106654167175
75,0.9125871062278748,0.701172411441803
76,0.908349335193634,0.6983538866043091
77,0.9071884155273438,0.6982851624488831
78,0.9088403582572937,0.7036044597625732
79,0.9056023955345154,0.7013199329376221
80,0.9040660262107849,0.6989356279373169
81,0.903439998626709,0.6985974311828613
82,0.9028377532958984,0.7041980624198914
83,0.9026631116867065,0.7006941437721252
84,0.9022990465164185,0.7021359205245972
85,0.894586980342865,0.6957870125770569
86,0.9000246524810791,0.6984766125679016
87,0.8978573679924011,0.7029951214790344
88,0.8949111700057983,0.6977623701095581
89,0.9142968058586121,0.7212308049201965
90,0.9027125239372253,0.7099838852882385
91,0.9014973044395447,0.7085950374603271
92,0.895283043384552,0.70192950963974
93,0.8862221837043762,0.6968885660171509
94,0.8868945240974426,0.6969581246376038
95,0.8819721937179565,0.6919932961463928
96,0.8894604444503784,0.7020947337150574
97,0.8898876905441284,0.7003125548362732
98,0.8852325081825256,0.6972596049308777
99,0.8818686008453369,0.6981067061424255
100,0.8810583353042603,0.6935012936592102
101,0.8793286085128784,0.6953440308570862
102,0.8840872645378113,0.700539767742157
103,0.8765159845352173,0.6942312121391296
104,0.8808313608169556,0.6966023445129395
105,0.8968883156776428,0.715400218963623
106,0.8824861645698547,0.701932430267334
107,0.8757432699203491,0.6978952884674072
108,0.8716874718666077,0.6917755007743835
109,0.8704039454460144,0.6930322051048279
110,0.871170163154602,0.6932561993598938
111,0.8755748867988586,0.6990521550178528
112,0.8731915354728699,0.6955487132072449
113,0.8659690618515015,0.6928826570510864
114,0.8715245127677917,0.6971785426139832
115,0.8647196888923645,0.6895835399627686
116,0.8675028085708618,0.6948626637458801
117,0.8823394179344177,0.7089530825614929
118,0.8859241008758545,0.7151443958282471
119,0.8699900507926941,0.6983686685562134
120,0.8727501034736633,0.7003849148750305
121,0.865023136138916,0.6954084038734436
122,0.8552365303039551,0.6854485273361206
123,0.8614249229431152,0.6927719116210938
124,0.8665592670440674,0.6968176960945129
125,0.8633423447608948,0.6965605616569519
126,0.8564052581787109,0.6895316243171692
127,0.8571125864982605,0.6872883439064026
128,0.8540984392166138,0.6891810894012451
129,0.8563055992126465,0.6919217705726624
130,0.8590837717056274,0.6931493878364563
131,0.8553666472434998,0.6878495812416077
132,0.8564584851264954,0.6955202221870422
133,0.8558074235916138,0.692703366279602
134,0.8547954559326172,0.6899658441543579
135,0.8655574917793274,0.7045182585716248
136,0.8694775104522705,0.7081132531166077
137,0.856319785118103,0.6942023038864136
138,0.8596466183662415,0.6981688737869263
0,19.78080940246582,17.568151473999023
1,4.719744682312012,2.948220729827881
2,3.02172589302063,1.7877347469329834
3,2.3136136531829834,1.2267122268676758
4,2.0366907119750977,1.1011173725128174
5,1.8684308528900146,1.010961651802063
6,1.7508771419525146,0.9584159255027771
7,1.6552313566207886,0.9185757040977478
8,1.5736169815063477,0.8839557766914368
9,1.501816987991333,0.8554722666740417
10,1.4391452074050903,0.8286830186843872
11,1.3827171325683594,0.8044481873512268
12,1.3343167304992676,0.788684070110321
13,1.2910852432250977,0.7727693915367126
14,1.2567126750946045,0.7599714398384094
15,1.2252428531646729,0.7517520785331726
16,1.199210286140442,0.7465190887451172
17,1.1763681173324585,0.7419852018356323
18,1.1569362878799438,0.7355371713638306
19,1.1402504444122314,0.7350373268127441
20,1.1299868822097778,0.7383230924606323
21,1.1157389879226685,0.7336300611495972
22,1.1039472818374634,0.7329530715942383
23,1.0924733877182007,0.7322877049446106
24,1.084303379058838,0.7298221588134766
25,1.076786756515503,0.7329322695732117
26,1.0726264715194702,0.7351852059364319
27,1.0692049264907837,0.7388539910316467
28,1.0606046915054321,0.7334336638450623
29,1.0550581216812134,0.7334752678871155
30,1.0499776601791382,0.7329373955726624
31,1.0474203824996948,0.7354804277420044
32,1.0406887531280518,0.7314720153808594
33,1.0364545583724976,0.7311069369316101
34,1.0321877002716064,0.7311668992042542
35,1.027613878250122,0.7298635840415955
36,1.024725317955017,0.7308807969093323
37,1.0246692895889282,0.7330453395843506
38,1.0269832611083984,0.7366002798080444
39,1.015466570854187,0.7260975241661072
40,1.015892505645752,0.730455219745636
41,1.0202281475067139,0.7392721772193909
42,1.0085662603378296,0.7271649837493896
43,1.0060044527053833,0.7278441786766052
44,1.0030044317245483,0.7265738248825073
45,1.0002659559249878,0.7252026796340942
46,0.9959086179733276,0.7234088778495789
47,0.9956807494163513,0.7248803973197937
48,0.989428699016571,0.7208764553070068
49,0.9891036152839661,0.7203208208084106
50,0.9870142340660095,0.7211348414421082
51,0.9846401214599609,0.7197777628898621
52,0.9815289974212646,0.7214418053627014
53,0.9838806986808777,0.7228769063949585
54,0.9741206169128418,0.715819239616394
55,0.9732946753501892,0.7148299217224121
56,0.9800117611885071,0.7247762084007263
57,0.9824713468551636,0.7316093444824219
58,0.9662359952926636,0.7161802649497986
59,0.9624409675598145,0.7103878855705261
60,0.9611893892288208,0.7142260670661926
61,0.9626216292381287,0.7145658731460571
62,0.9634540677070618,0.7179713845252991
63,0.9590386748313904,0.712753176689148
64,0.963900089263916,0.7242477536201477
65,0.9549970030784607,0.7111013531684875
66,0.9558630585670471,0.716661274433136
67,0.9517327547073364,0.7173141837120056
68,0.9471377730369568,0.70838463306427
69,0.9471355080604553,0.7111773490905762
70,0.9409176111221313,0.7065445184707642
71,0.9428618550300598,0.7090044617652893
72,0.9396929740905762,0.7097806930541992
73,0.9379127025604248,0.7077893018722534
74,0.9372644424438477,0.7097131609916687
75,0.9392948150634766,0.7133021354675293
76,0.9308332204818726,0.7035149931907654
77,0.9306286573410034,0.7044705152511597
78,0.9282324314117432,0.7064135670661926
79,0.9298726320266724,0.7089138031005859
80,0.9267094731330872,0.7070470452308655
81,0.9283032417297363,0.7093839645385742
82,0.9345564246177673,0.7177643179893494
83,0.9309046268463135,0.7133793830871582
84,0.935406506061554,0.7212355136871338
85,0.9271841645240784,0.7134734988212585
86,0.928197979927063,0.715090274810791
87,0.914632260799408,0.7045000791549683
88,0.9139653444290161,0.7015275359153748
89,0.9145335555076599,0.7054806351661682
90,0.9145024418830872,0.7051980495452881
91,0.9126572608947754,0.7070083022117615
92,0.9148370027542114,0.7073790431022644
93,0.9172912836074829,0.7111173868179321
94,0.9250732660293579,0.7214533686637878
95,0.9411966800689697,0.7375381588935852
96,0.9160057902336121,0.7165223956108093
97,0.9097984433174133,0.7110109925270081
98,0.9024817943572998,0.7032694220542908
99,0.9066471457481384,0.7063589692115784
100,0.8999195694923401,0.7038798332214355
101,0.8972933888435364,0.6987361311912537
102,0.8989371061325073,0.7034482955932617
103,0.8957851529121399,0.7006873488426208
104,0.8985005021095276,0.7045115828514099
105,0.9227057099342346,0.7285200357437134
106,0.9248276948928833,0.7352447509765625
107,0.9051565527915955,0.7145949602127075
108,0.8932614922523499,0.7022680044174194
109,0.8925223350524902,0.7031742930412292
110,0.8922521471977234,0.7032039761543274
111,0.8965436816215515,0.7088961601257324
112,0.8936705589294434,0.7080090641975403
113,0.8884075284004211,0.7015514373779297
114,0.8874971270561218,0.7017540335655212
115,0.8932287693023682,0.7098879218101501
116,0.8879073858261108,0.7037690877914429
117,0.8897010087966919,0.7073183059692383
118,0.8882893919944763,0.7047215700149536
119,0.8793650269508362,0.6959371566772461
120,0.8809059262275696,0.7009162306785583
121,0.8779507279396057,0.6971553564071655
122,0.879089891910553,0.7018201351165771
123,0.8802176713943481,0.7018118500709534
124,0.8753694295883179,0.6958418488502502
125,0.883657693862915,0.7064585089683533
126,0.8814266920089722,0.7068356871604919
127,0.8749687075614929,0.7010526657104492
128,0.8792978525161743,0.7025706171989441
129,0.881182849407196,0.7077968120574951
130,0.8682747483253479,0.695567786693573
131,0.8691332340240479,0.6961026787757874
132,0.8680309057235718,0.6932992339134216
133,0.8686637878417969,0.6979037523269653
134,0.8679900765419006,0.6977618336677551
135,0.8711079955101013,0.6988427639007568
136,0.8739520907402039,0.7062305808067322
137,0.8715459704399109,0.701994001865387
138,0.871549665927887,0.7006884813308716
139,0.864408552646637,0.6987391114234924
140,0.8674817681312561,0.7011927366256714
141,0.8618259429931641,0.6946311593055725
142,0.8568875789642334,0.6919586062431335
143,0.8605263233184814,0.6923944354057312
144,0.8581593036651611,0.6939295530319214
145,0.862321138381958,0.6994652152061462
146,0.8566532731056213,0.6916239857673645
147,0.8542385101318359,0.6922852396965027
148,0.8535417914390564,0.6906952857971191
149,0.8611887693405151,0.6991859674453735
150,0.8514932990074158,0.6911097764968872
151,0.8496009111404419,0.6900417804718018
152,0.855410635471344,0.6952059864997864
153,0.8587592840194702,0.6976798176765442
154,0.8527687191963196,0.695384681224823
155,0.8503832817077637,0.6926263570785522
156,0.8575658202171326,0.7013676762580872
157,0.8485608100891113,0.6887543797492981
158,0.8479650020599365,0.6932885646820068
159,0.8530080914497375,0.6949670910835266
160,0.8538232445716858,0.6997737884521484
161,0.8497712016105652,0.6944004893302917
162,0.861537754535675,0.7053486704826355
163,0.8493042588233948,0.6976075768470764
164,0.8443862199783325,0.6909624338150024
165,0.8702189326286316,0.7152642011642456
166,0.8653964400291443,0.7133865356445312
167,0.8533410429954529,0.7024518847465515
168,0.8707897663116455,0.7194005846977234
169,0.8790650367736816,0.7290409207344055
170,0.8422749638557434,0.6929770708084106
171,0.8376262784004211,0.687023937702179
172,0.8376824259757996,0.6877588033676147
173,0.8410224318504333,0.6907922625541687
174,0.8366937637329102,0.687929630279541
175,0.8401166200637817,0.6912739276885986
176,0.8344850540161133,0.6862631440162659
177,0.8495776653289795,0.70158851146698
178,0.8353630900382996,0.687302827835083
179,0.8371456861495972,0.6925688982009888
180,0.8485305309295654,0.701015830039978
181,0.8511826395988464,0.7062873244285583
182,0.8434380888938904,0.6974815726280212
183,0.8403097987174988,0.6973050236701965
184,0.8394677042961121,0.6957113146781921
185,0.8305240273475647,0.6853762269020081
186,0.8440757989883423,0.7000467777252197
187,0.8481476902961731,0.7062568068504333
188,0.8314824104309082,0.6881176233291626
189,0.8279377222061157,0.6833270788192749
190,0.8265421390533447,0.6843913197517395
191,0.8274738192558289,0.6861252188682556
192,0.8315259218215942,0.6894601583480835
193,0.8252954483032227,0.6864647269248962
194,0.8304737210273743,0.6903535723686218
195,0.8296626210212708,0.690837025642395
196,0.8334203362464905,0.6913964152336121
197,0.8246922492980957,0.687236487865448
198,0.8234307765960693,0.6825839877128601
199,0.8294277191162109,0.690497636795044
200,0.8215463161468506,0.6848851442337036
201,0.8283348679542542,0.6897446513175964
202,0.8219772577285767,0.6849380135536194
203,0.8360965847969055,0.6985058784484863
204,0.8239372372627258,0.68691486120224
205,0.8246827721595764,0.6902951598167419
206,0.817757785320282,0.6827630996704102
207,0.8211123943328857,0.686109185218811
208,0.8228674530982971,0.6876591444015503
209,0.8223759531974792,0.6877548694610596
210,0.8240527510643005,0.6889680624008179
211,0.8248229026794434,0.690692663192749
212,0.8196434378623962,0.686095654964447
213,0.816247284412384,0.6835021376609802
214,0.8137698769569397,0.6802554130554199
215,0.814591646194458,0.6818569898605347
216,0.8145225644111633,0.682216465473175
217,0.813220739364624,0.6797559857368469
218,0.8174028992652893,0.6864149570465088
219,0.8104862570762634,0.6801267266273499
220,0.8102974891662598,0.6785921454429626
221,0.8128014206886292,0.6839420795440674
222,0.8175452947616577,0.6876036524772644
223,0.8181087970733643,0.6885003447532654
224,0.812750518321991,0.6826041340827942
225,0.8103180527687073,0.6818554401397705
226,0.8068857789039612,0.6789258122444153
227,0.8116774559020996,0.6823011636734009
228,0.8130214810371399,0.6848511695861816
229,0.8104255795478821,0.6832773089408875
230,0.8203034996986389,0.6931466460227966
231,0.8393874168395996,0.7125154137611389
232,0.8161041140556335,0.6899350881576538
233,0.8236255049705505,0.6968728303909302
234,0.8235846757888794,0.700100839138031
235,0.8033944368362427,0.6773521304130554
236,0.8112719058990479,0.6855122447013855
237,0.8119758367538452,0.686769425868988
238,0.8029453754425049,0.6780475974082947
239,0.8063251376152039,0.6833760142326355
240,0.8063132762908936,0.6819643378257751
241,0.803148090839386,0.6785451173782349
242,0.8044260144233704,0.6798449158668518
243,0.800683319568634,0.6781260967254639
244,0.801183819770813,0.6770320534706116
245,0.8016114830970764,0.6794267892837524
246,0.8063452839851379,0.684224009513855
247,0.8140541911125183,0.6936688423156738
248,0.8083028793334961,0.6855340600013733
249,0.8081995844841003,0.6861799359321594
0,24.738874435424805,22.677709579467773
1,5.0892767906188965,3.4824345111846924
2,2.5995635986328125,1.5734857320785522
3,2.029745578765869,1.2120678424835205
4,1.78633713722229,1.070680022239685
5,1.6483393907546997,0.9926884770393372
6,1.5487983226776123,0.9344401359558105
7,1.4665659666061401,0.8878257870674133
8,1.3950880765914917,0.848819375038147
9,1.334594488143921,0.8169475197792053
10,1.283271312713623,0.79216068983078
11,1.2342371940612793,0.7688276767730713
12,1.194526195526123,0.7509258985519409
13,1.161360263824463,0.7375218868255615
14,1.133086085319519,0.7289218902587891
15,1.1097347736358643,0.7235546708106995
16,1.0897992849349976,0.7205241322517395
17,1.0731630325317383,0.7188376188278198
18,1.0563623905181885,0.7130632996559143
19,1.0445960760116577,0.7142331600189209
20,1.0327229499816895,0.7124361991882324
21,1.0249022245407104,0.7153453826904297
22,1.0159634351730347,0.7130269408226013
23,1.0039994716644287,0.7102211713790894
24,0.9980003833770752,0.7101048231124878
25,0.9929628372192383,0.7135295867919922
26,0.986062228679657,0.7110306620597839
27,0.980707049369812,0.7133121490478516
28,0.9709948301315308,0.7088196277618408
29,0.9634883999824524,0.705519437789917
30,0.9617000222206116,0.706779956817627
31,0.954005241394043,0.7041487097740173
32,0.9551851749420166,0.7101357579231262
33,0.9532961845397949,0.7106938362121582
34,0.9428759217262268,0.703210711479187
35,0.9371345043182373,0.7028201818466187
36,0.934356153011322,0.7018812298774719
37,0.9355390071868896,0.7049359083175659
38,0.9272691011428833,0.6983444094657898
39,0.9242525100708008,0.7018129229545593
40,0.9224309921264648,0.6995987296104431
41,0.9211727976799011,0.7019585371017456
42,0.9259769320487976,0.7105244398117065
43,0.931106686592102,0.7156858444213867
44,0.9218196272850037,0.7118628621101379
45,0.9114590883255005,0.7003443837165833
46,0.9068377614021301,0.6978313326835632
47,0.9070804119110107,0.6998175978660583
48,0.90633225440979,0.7024378776550293
49,0.9005088806152344,0.6958276629447937
50,0.8982619047164917,0.6950463056564331
51,0.8965280055999756,0.6955180168151855
52,0.9013869762420654,0.7027406692504883
53,0.8980527520179749,0.7009181976318359
54,0.8937498331069946,0.6973598003387451
55,0.889345109462738,0.6952865719795227
56,0.8885445594787598,0.6975087523460388
57,0.8876553177833557,0.6922478079795837
58,0.8857542872428894,0.695852518081665
59,0.8815204501152039,0.6931577920913696
60,0.8806776404380798,0.6936293840408325
61,0.8859896659851074,0.6987007260322571
62,0.8887368440628052,0.7033895254135132
63,0.8847407698631287,0.7030394673347473
64,0.8919377326965332,0.7059943675994873
65,0.8860936760902405,0.7032515406608582
66,0.8792755007743835,0.6988236308097839
67,0.8753544688224792,0.698875904083252
68,0.8758596777915955,0.6939833760261536
69,0.8737930059432983,0.6963123679161072
70,0.8727920055389404,0.6988533139228821
71,0.8653912544250488,0.6888978481292725
72,0.8685265779495239,0.6926920413970947
73,0.8789438605308533,0.7052529454231262
74,0.8824976682662964,0.709816038608551
75,0.8711540102958679,0.6998544335365295
76,0.8722707629203796,0.6999544501304626
77,0.8742417097091675,0.7048155069351196
78,0.869300127029419,0.7010368704795837
79,0.8646122813224792,0.6929532289505005
80,0.8557444214820862,0.6882831454277039
81,0.8648545145988464,0.6988660097122192
82,0.8595395088195801,0.6916507482528687
83,0.8555517792701721,0.6913350820541382
84,0.8558990955352783,0.6902817487716675
85,0.8545904755592346,0.6905208826065063
86,0.8587663173675537,0.6957584023475647
87,0.8611619472503662,0.697108805179596
88,0.8514391779899597,0.6899770498275757
89,0.8558111190795898,0.6935529708862305
90,0.8488227725028992,0.6878992915153503
91,0.8507709503173828,0.6896631121635437
92,0.856643795967102,0.6967694759368896
93,0.85684734582901,0.6979893445968628
94,0.8674563765525818,0.7107852697372437
95,0.8509321212768555,0.6909675598144531
96,0.8572658896446228,0.7035000324249268
97,0.8465679287910461,0.691122829914093
98,0.844799816608429,0.6884573698043823
99,0.8428506255149841,0.6888381838798523
100,0.8444187641143799,0.6895245909690857
101,0.8417707085609436,0.6865761876106262
102,0.8431829214096069,0.6892493367195129
103,0.8412675261497498,0.6896836757659912
104,0.8419545292854309,0.6902945041656494
105,0.8493860960006714,0.698128879070282
106,0.8565364480018616,0.7062264680862427
107,0.8559273481369019,0.7046439051628113
108,0.8413940072059631,0.691490113735199
109,0.842301070690155,0.6921982169151306
110,0.8379836082458496,0.6887528300285339
111,0.8476855158805847,0.7004798054695129
112,0.8465574383735657,0.6973047852516174
113,0.8436675071716309,0.6965944170951843
114,0.8359047174453735,0.688974142074585
115,0.8318898677825928,0.6874903440475464
116,0.8362967371940613,0.6890754103660583
117,0.834460437297821,0.6884841918945312
118,0.8338543176651001,0.6868707537651062
119,0.8392069935798645,0.6945332288742065
120,0.8458594083786011,0.698916494846344
121,0.8611826300621033,0.7182881832122803
122,0.8648382425308228,0.721326470375061
123,0.8457679748535156,0.7032455801963806
124,0.8356652855873108,0.6946134567260742
125,0.8425495028495789,0.7016512155532837
0,24.5953426361084,22.589466094970703
1,5.228984355926514,3.5354626178741455
2,3.0294740200042725,1.9076913595199585
3,2.3056812286376953,1.3177202939987183
4,2.0247139930725098,1.16916024684906
5,1.8530285358428955,1.058252215385437
6,1.7308584451675415,0.9908455014228821
7,1.6319864988327026,0.9435912370681763
8,1.544504165649414,0.899662435054779
9,1.4655358791351318,0.8568527102470398
10,1.396788477897644,0.8239516615867615
11,1.3362458944320679,0.7943738102912903
12,1.286521315574646,0.7715301513671875
13,1.2431256771087646,0.7537992000579834
14,1.2099854946136475,0.7451810836791992
15,1.181533694267273,0.7354920506477356
16,1.1606519222259521,0.7345761656761169
17,1.1341809034347534,0.7255529761314392
18,1.1162657737731934,0.7237716913223267
19,1.0996596813201904,0.7232916355133057
20,1.0874217748641968,0.7217356562614441
21,1.073517918586731,0.7213810086250305
22,1.0626311302185059,0.7195253372192383
23,1.053160548210144,0.720882773399353
24,1.043514370918274,0.7172377109527588
25,1.0318206548690796,0.7169593572616577
26,1.0238749980926514,0.7152917385101318
27,1.0174528360366821,0.7153392434120178
28,1.007338047027588,0.7107041478157043
29,1.0012935400009155,0.711073100566864
30,0.9957529902458191,0.7133397459983826
31,0.9854595065116882,0.7082053422927856
32,0.9813460111618042,0.7089859843254089
33,0.9744925498962402,0.7056832909584045
34,0.9690529108047485,0.7061721682548523
35,0.9662637710571289,0.7062667608261108
36,0.9588723182678223,0.7027362585067749
37,0.9658710956573486,0.7146787047386169
38,0.9556075930595398,0.7086188793182373
39,0.9498429298400879,0.7041870951652527
40,0.9431642889976501,0.7031363248825073
41,0.9438834190368652,0.7076907157897949
42,0.9369103312492371,0.7025985717773438
43,0.9343391060829163,0.7018091678619385
44,0.9352346062660217,0.7052029371261597
45,0.9382923245429993,0.7121626138687134
46,0.9251744747161865,0.7009997367858887
47,0.9262662529945374,0.7062091827392578
48,0.9294483661651611,0.7115215063095093
49,0.9276753664016724,0.7116557359695435
50,0.919834554195404,0.7046194076538086
51,0.9131002426147461,0.7010790705680847
52,0.9109025597572327,0.6998907327651978
53,0.903809130191803,0.6934775114059448
54,0.9083833694458008,0.7018195390701294
55,0.9076953530311584,0.7015885710716248
56,0.9085869789123535,0.7042016983032227
57,0.9066009521484375,0.7046945095062256
58,0.9005024433135986,0.6988480687141418
59,0.8958302736282349,0.6964886784553528
60,0.8922632932662964,0.6945191025733948
61,0.8962584137916565,0.7000298500061035
62,0.8979066610336304,0.702597975730896
63,0.8903555870056152,0.6984375715255737
64,0.8841331601142883,0.6905386447906494
65,0.882942259311676,0.6932327151298523
66,0.8853340744972229,0.6949587464332581
67,0.8842852115631104,0.6954682469367981
68,0.8841780424118042,0.6983526349067688
69,0.885342538356781,0.6996133923530579
70,0.8835775256156921,0.6994116306304932
71,0.8812360167503357,0.6967220902442932
72,0.8938691020011902,0.7128528356552124
73,0.9053930640220642,0.723383903503418
74,0.8866450786590576,0.7066734433174133
75,0.8879846930503845,0.7076306939125061
76,0.8807365894317627,0.701488733291626
77,0.8686368465423584,0.6910849213600159
78,0.8648744225502014,0.6887809634208679
79,0.8666478395462036,0.6892818808555603
80,0.8707807064056396,0.6953806281089783
81,0.8848930597305298,0.7109420299530029
82,0.9013997316360474,0.7273350358009338
83,0.8846884965896606,0.7148215770721436
84,0.871220588684082,0.6982719898223877
85,0.8622421622276306,0.6905053853988647
86,0.8658919334411621,0.6961188912391663
87,0.8677509427070618,0.6972090601921082
88,0.8632517457008362,0.6925212144851685
89,0.85869300365448,0.6925954818725586
90,0.8580778241157532,0.6918071508407593
91,0.8550168871879578,0.6895871162414551
92,0.8536114692687988,0.6875808835029602
93,0.8608412146568298,0.6948093771934509
94,0.8623545169830322,0.6969030499458313
95,0.8572682738304138,0.6948518753051758
96,0.853224515914917,0.6896844506263733
97,0.8720008730888367,0.7086941003799438
98,0.8949105143547058,0.7335805296897888
99,0.8826528787612915,0.7242903709411621
100,0.860138475894928,0.7010180354118347
101,0.8543264269828796,0.6934942603111267
102,0.8496121168136597,0.6917781233787537
103,0.8550950884819031,0.6977241635322571
104,0.8475260734558105,0.6880969405174255
105,0.8473150730133057,0.6910642981529236
106,0.8460494875907898,0.6862589120864868
107,0.8428606390953064,0.6874547600746155
108,0.8417263031005859,0.6838918328285217
109,0.8397947549819946,0.6839760541915894
110,0.8474189043045044,0.6940088868141174
111,0.8454752564430237,0.6879807114601135
112,0.8481240272521973,0.6943311095237732
113,0.8594081997871399,0.7065361738204956
114,0.8430057168006897,0.6929227113723755
115,0.842004120349884,0.6885141730308533
116,0.849536657333374,0.6988480687141418
117,0.870826005935669,0.7191738486289978
118,0.8673320412635803,0.7169352769851685
119,0.8378540873527527,0.6877259016036987
120,0.83778315782547,0.6883169412612915
121,0.8430728912353516,0.6928662061691284
122,0.8729767203330994,0.723616898059845
123,0.8591808676719666,0.7136101722717285
124,0.8440285325050354,0.69650799036026
125,0.8518295884132385,0.7050182819366455
126,0.8399587273597717,0.6932992935180664
127,0.837682843208313,0.691368818283081
128,0.8346338868141174,0.6883470416069031
129,0.8316688537597656,0.6836153268814087
130,0.8338119983673096,0.6880216598510742
131,0.8326253890991211,0.6897311210632324
132,0.8334084749221802,0.6905465126037598
133,0.8273566365242004,0.6818186640739441
134,0.8463733792304993,0.70350182056427
135,0.8465232849121094,0.7039361000061035
136,0.8352563381195068,0.6927560567855835
137,0.8444797992706299,0.7008259296417236
138,0.833999752998352,0.6936171054840088
139,0.8367663025856018,0.6959495544433594
140,0.8308358788490295,0.6886028051376343
141,0.8245057463645935,0.6837344765663147
142,0.8290411829948425,0.6882315278053284
143,0.8210196495056152,0.6832281947135925
144,0.8240898847579956,0.6826761364936829
145,0.8208372592926025,0.680924117565155
146,0.8210529685020447,0.6822400689125061
147,0.826215922832489,0.6873752474784851
148,0.8292111754417419,0.6917359232902527
149,0.8291900753974915,0.6908481121063232
150,0.8313780426979065,0.6946553587913513
151,0.8236880898475647,0.6876668334007263
152,0.8306871056556702,0.6936700940132141
153,0.8395794630050659,0.7042199969291687
154,0.8270683288574219,0.6935395002365112
155,0.8248115181922913,0.686550498008728
0,25.325130462646484,23.13959503173828
1,5.20240592956543,3.4263644218444824
2,2.9750490188598633,1.8034372329711914
3,2.180781364440918,1.2538325786590576
4,1.8789280652999878,1.1293226480484009
5,1.7046589851379395,1.0412670373916626
6,1.575510859489441,0.975532591342926
7,1.483025074005127,0.9289625883102417
8,1.4056707620620728,0.8874856233596802
9,1.3426077365875244,0.8514083027839661
10,1.2879101037979126,0.8192463517189026
11,1.2415426969528198,0.7927846312522888
12,1.2006162405014038,0.7717219591140747
13,1.1676079034805298,0.7542670369148254
14,1.139005422592163,0.7391855120658875
15,1.117591381072998,0.7328014969825745
16,1.0971559286117554,0.7238709330558777
17,1.0834459066390991,0.7219060659408569
18,1.070805549621582,0.721803605556488
19,1.058957815170288,0.7176286578178406
20,1.0450551509857178,0.714591383934021
21,1.034295916557312,0.7139834761619568
22,1.0257923603057861,0.7127497792243958
23,1.0190324783325195,0.7116700410842896
24,1.0110286474227905,0.7123658657073975
25,1.0066182613372803,0.7130014896392822
26,0.9996932148933411,0.7128058671951294
27,0.9929728507995605,0.7103593945503235
28,0.9844485521316528,0.7082859873771667
29,0.9813136458396912,0.710676372051239
30,0.973706066608429,0.7061764597892761
31,0.9698257446289062,0.7078198194503784
32,0.9640815258026123,0.7061043977737427
33,0.9611936211585999,0.7067893743515015
34,0.9551085233688354,0.7044242024421692
35,0.9529792070388794,0.7033703923225403
36,0.9498649835586548,0.7046501040458679
37,0.9456235766410828,0.7067103385925293
38,0.9404351711273193,0.7028371095657349
39,0.941866397857666,0.7055977582931519
40,0.9379689693450928,0.7065825462341309
41,0.9334760308265686,0.7029545307159424
42,0.9296867847442627,0.7057029604911804
43,0.9326406717300415,0.7081661224365234
44,0.9335002303123474,0.712489664554596
45,0.9344556927680969,0.7152276635169983
46,0.9197211265563965,0.699374794960022
47,0.9162874817848206,0.7031145095825195
48,0.9117336869239807,0.6976757645606995
49,0.9128180742263794,0.7008000016212463
50,0.9132274389266968,0.7039425373077393
51,0.9136781692504883,0.7044997811317444
52,0.9070937037467957,0.7007553577423096
53,0.9048594832420349,0.6975312829017639
54,0.9000611901283264,0.6965795159339905
55,0.9014053344726562,0.6999714970588684
56,0.8968191742897034,0.6965267658233643
57,0.9005957245826721,0.701941192150116
58,0.8997972011566162,0.7023401856422424
59,0.892072856426239,0.6985614895820618
60,0.8951762318611145,0.6988773345947266
61,0.8925120234489441,0.700248658657074
62,0.8925600647926331,0.7022894620895386
63,0.889438807964325,0.6971381902694702
64,0.8834382891654968,0.693921685218811
65,0.8830810189247131,0.6956709027290344
66,0.8857166767120361,0.6988641023635864
67,0.8862221240997314,0.7005212903022766
68,0.8833935260772705,0.7004238963127136
69,0.8868816494941711,0.7028422355651855
70,0.8802033066749573,0.6973660588264465
71,0.8739680051803589,0.6927326917648315
72,0.8725125193595886,0.6923279166221619
73,0.8714308142662048,0.6921593546867371
74,0.8713347911834717,0.6932075619697571
75,0.872687578201294,0.6952908039093018
76,0.8880462050437927,0.7108538746833801
77,0.8882138729095459,0.7133843302726746
78,0.8903629183769226,0.7174170017242432
79,0.8838761448860168,0.7132339477539062
80,0.8824064135551453,0.7112900018692017
81,0.8658916354179382,0.693238377571106
82,0.8633354306221008,0.6927637457847595
83,0.8618658781051636,0.6922906637191772
84,0.8647363185882568,0.6941354870796204
85,0.8643836975097656,0.6953814625740051
86,0.8613096475601196,0.6940551400184631
87,0.8658433556556702,0.6979318261146545
88,0.8653937578201294,0.6974233388900757
89,0.8706489205360413,0.7042698264122009
90,0.8609124422073364,0.6967413425445557
91,0.8531985878944397,0.6894763708114624
92,0.8526366353034973,0.6900781989097595
93,0.853659987449646,0.6892560124397278
94,0.8634220957756042,0.7007314562797546
95,0.8602235317230225,0.698813259601593
96,0.8546667695045471,0.69459068775177
97,0.8581609129905701,0.6975171566009521
98,0.8566294312477112,0.6976155042648315
99,0.853780210018158,0.6943069696426392
100,0.845772385597229,0.6871761083602905
101,0.8511214852333069,0.6938991546630859
102,0.8532403111457825,0.6958594918251038
103,0.8475242853164673,0.6892804503440857
104,0.8461377620697021,0.6899306178092957
105,0.8464136719703674,0.6932135820388794
106,0.8552104830741882,0.6999055743217468
107,0.8445421457290649,0.6904586553573608
108,0.8421661853790283,0.6900633573532104
109,0.8424747586250305,0.6889342069625854
110,0.8469702005386353,0.6943689584732056
111,0.8415403962135315,0.6904208064079285
112,0.8374326825141907,0.6863335371017456
113,0.8403580784797668,0.6888296008110046
114,0.8378422260284424,0.6885150671005249
115,0.8358674049377441,0.6856445670127869
116,0.8348520994186401,0.6865487694740295
117,0.8335363268852234,0.6854851245880127
118,0.8350337147712708,0.6862719058990479
119,0.8311974406242371,0.6848946809768677
120,0.8329795002937317,0.6844062805175781
121,0.8445409536361694,0.698880136013031
122,0.8312423229217529,0.6862423419952393
123,0.8285761475563049,0.6839132905006409
124,0.830534815788269,0.6873863339424133
125,0.8328574299812317,0.6878100633621216
126,0.8342593908309937,0.6905206441879272
127,0.833165168762207,0.6900702714920044
128,0.8314420580863953,0.6887417435646057
129,0.8334503769874573,0.6912881135940552
130,0.8331230878829956,0.690699577331543
131,0.8402353525161743,0.6996433734893799
132,0.8344471454620361,0.6955345273017883
133,0.8283320069313049,0.6889423131942749
134,0.824004590511322,0.6828186511993408
135,0.8282323479652405,0.6898863911628723
136,0.8291146159172058,0.6918388605117798
137,0.8330700397491455,0.6950425505638123
138,0.8267802000045776,0.6886647939682007
139,0.823503851890564,0.6856130957603455
140,0.83392333984375,0.697502076625824
141,0.8383002281188965,0.7031289935112
142,0.8309745192527771,0.6953615546226501
143,0.823788583278656,0.6891364455223083
144,0.8333216309547424,0.6963520050048828
145,0.83384770154953,0.6993122696876526
146,0.8272626996040344,0.6933531761169434
147,0.8305141925811768,0.6971679329872131
148,0.8247759938240051,0.6915821433067322
149,0.8345102071762085,0.6999180912971497
